Scenario - Grip experiment with consonants
Logfile written - 10/20/2014 10:44:55

Subject	Trial	Event Type	Code	Time	TTime	Uncertainty	Duration	Uncertainty	ReqTime	ReqDur	Stim Type	Pair Index

kh02	1	Response	3	78690	61587	1
kh02	2	Picture	fix	95713	0	1	4101	2	0	4000	other	0
kh02	2	Picture	neS	101814	6101	1	5401	2	6000	20000	hit	4
kh02	2	Response	2	107125	11412	1
kh02	2	Response	1	108011	12298	1
kh02	3	Picture	fix	124217	0	1	4100	2	0	4000	other	0
kh02	3	Picture	reV	130318	6101	1	4700	2	6000	20000	hit	8
kh02	3	Response	1	134966	10749	2
kh02	4	Picture	fix	152020	0	2	4101	3	0	4000	other	0
kh02	4	Picture	teV	158121	6101	1	4401	2	6000	20000	hit	11
kh02	4	Response	1	162419	10399	1
kh02	5	Picture	fix	179524	0	1	4100	3	0	4000	other	0
kh02	5	Picture	teV	185625	6101	1	4400	2	6000	20000	hit	14
kh02	5	Response	1	189962	10438	1
kh02	6	Picture	fix	207028	0	1	4100	2	0	4000	other	0
kh02	6	Picture	keV	213128	6100	1	3901	2	6000	20000	hit	17
kh02	6	Response	1	216958	9930	2
kh02	7	Picture	fix	234031	0	1	4101	2	0	4000	other	0
kh02	7	Picture	peS	240132	6101	1	3700	2	6000	20000	hit	20
kh02	7	Response	2	243789	9758	1
kh02	7	Response	1	244373	10342	1
kh02	8	Picture	fix	260835	0	1	4100	2	0	4000	other	0
kh02	8	Picture	deV	266935	6100	1	3801	2	6000	20000	hit	24
kh02	8	Response	1	270631	9796	2
kh02	9	Picture	fix	287738	0	1	4101	2	0	4000	other	0
kh02	9	Picture	leV	293839	6101	1	5901	2	6000	20000	hit	27
kh02	9	Response	1	299689	11951	1
kh02	10	Picture	fix	316742	0	1	4100	2	0	4000	other	0
kh02	10	Picture	deV	322843	6101	1	4300	2	6000	20000	hit	30
kh02	10	Response	1	327050	10308	1
kh02	11	Picture	fix	344145	0	2	4101	3	0	4000	other	0
kh02	11	Picture	keS	350246	6101	1	5001	2	6000	20000	hit	33
kh02	11	Response	2	355158	11013	2
kh02	11	Response	1	355601	11456	2
kh02	12	Picture	fix	372249	0	1	4101	2	0	4000	other	0
kh02	12	Picture	seV	378350	6101	1	4000	2	6000	20000	hit	37
kh02	12	Response	1	382315	10066	2
kh02	13	Picture	fix	399353	0	1	4100	2	0	4000	other	0
kh02	13	Picture	seV	405453	6100	2	3901	3	6000	20000	hit	40
kh02	13	Response	1	409277	9924	1
kh02	14	Picture	fix	426356	0	1	4101	2	0	4000	other	0
kh02	14	Picture	teS	432457	6101	1	4700	3	6000	20000	hit	43
kh02	14	Response	2	437057	10701	1
kh02	14	Response	1	437360	11004	1
kh02	15	Picture	fix	454160	0	1	4100	2	0	4000	other	0
kh02	15	Picture	peS	460260	6100	2	5001	3	6000	20000	hit	47
kh02	15	Response	2	465190	11030	1
kh02	16	Picture	fix	482263	0	2	4101	3	0	4000	other	0
kh02	16	Picture	neS	488364	6101	1	4901	2	6000	20000	hit	50
kh02	16	Response	2	493173	10910	2
kh02	16	Response	1	493241	10978	1
kh02	17	Picture	fix	510267	0	1	4100	3	0	4000	other	0
kh02	17	Picture	neS	516368	6101	1	4700	2	6000	20000	incorrect	54
kh02	17	Response	1	521028	10761	1
kh02	17A	Response	2	521121	90	1
kh02	18	Picture	fix	538171	0	1	4100	2	0	4000	other	0
kh02	18	Picture	seV	544271	6100	2	3201	3	6000	20000	hit	58
kh02	18	Response	1	547370	9199	1
kh02	19	Picture	fix	564474	0	1	4101	2	0	4000	other	0
kh02	19	Picture	seV	570575	6101	1	4100	2	6000	20000	hit	61
kh02	19	Response	1	574611	10137	2
kh02	20	Picture	fix	591678	0	1	4100	2	0	4000	other	0
kh02	20	Picture	peV	597778	6100	2	4001	3	6000	20000	hit	64
kh02	20	Response	1	601676	9998	1
kh02	21	Picture	fix	618781	0	1	4101	2	0	4000	other	0
kh02	21	Picture	teV	624882	6101	1	4100	3	6000	20000	hit	67
kh02	21	Response	1	628956	10175	1
kh02	22	Picture	fix	645985	0	1	4100	2	0	4000	other	0
kh02	22	Picture	teV	652085	6100	2	3801	3	6000	20000	hit	70
kh02	22	Response	1	655855	9870	1
kh02	23	Picture	fix	672888	0	1	4101	2	0	4000	other	0
kh02	23	Picture	reV	678989	6101	1	3600	3	6000	20000	hit	73
kh02	23	Response	1	682558	9670	1
kh02	24	Picture	fix	699592	0	1	4100	2	0	4000	other	0
kh02	24	Picture	deS	705692	6100	2	4201	3	6000	20000	incorrect	76
kh02	24	Response	1	709851	10259	2
kh02	25	Picture	fix	728295	0	2	4101	3	0	4000	other	0
kh02	25	Picture	meV	734396	6101	1	4601	2	6000	20000	hit	79
kh02	25	Response	1	738900	10605	1
kh02	26	Picture	fix	755999	0	1	4101	2	0	4000	other	0
kh02	26	Picture	peV	762100	6101	1	3800	2	6000	20000	hit	82
kh02	26	Response	1	765810	9811	1
kh02	27	Picture	fix	782902	0	2	4101	3	0	4000	other	0
kh02	27	Picture	peS	789003	6101	1	3901	2	6000	20000	hit	85
kh02	27	Response	2	792882	9980	2
kh02	27	Response	1	792883	9981	1
kh02	28	Picture	fix	809906	0	1	4100	3	0	4000	other	0
kh02	28	Picture	reV	816007	6101	1	4400	2	6000	20000	hit	89
kh02	28	Response	1	820392	10486	1
kh02	29	Picture	fix	837410	0	1	4100	2	0	4000	other	0
kh02	29	Picture	neV	843510	6100	1	3901	2	6000	20000	hit	92
kh02	29	Response	1	847330	9920	1
kh02	30	Picture	fix	864413	0	1	4101	2	0	4000	other	0
kh02	30	Picture	leV	870514	6101	1	3300	2	6000	20000	hit	95
kh02	30	Response	1	873721	9308	1
kh02	31	Picture	fix	890817	0	1	4100	2	0	4000	other	0
kh02	31	Picture	peV	896917	6100	1	3601	2	6000	20000	hit	98
kh02	31	Response	1	900410	9593	1
kh02	32	Picture	fix	917420	0	1	4100	3	0	4000	other	0
kh02	32	Picture	teV	923521	6101	1	3200	2	6000	20000	hit	101
kh02	32	Response	1	926668	9248	1
kh02	33	Picture	fix	943723	0	2	4101	3	0	4000	other	0
kh02	33	Picture	neV	949824	6101	1	4001	2	6000	20000	hit	104
kh02	33	Response	1	953733	10010	1
kh02	34	Picture	fix	970827	0	1	4100	3	0	4000	other	0
kh02	34	Picture	seV	976928	6101	1	3300	2	6000	20000	hit	107
kh02	34	Response	1	980132	9305	1
kh02	35	Picture	fix	997230	0	1	4101	2	0	4000	other	0
kh02	35	Picture	reS	1003331	6101	1	4201	2	6000	20000	incorrect	110
kh02	35	Response	1	1007495	10265	1
kh02	36	Picture	fix	1025834	0	1	4101	2	0	4000	other	0
kh02	36	Picture	teV	1031935	6101	1	3500	2	6000	20000	hit	113
kh02	36	Response	1	1035402	9568	1
kh02	37	Picture	fix	1052437	0	2	4101	3	0	4000	other	0
kh02	37	Picture	reS	1058538	6101	2	4901	3	6000	20000	incorrect	116
kh02	37	Response	1	1063410	10973	1
kh02	38	Picture	fix	1081741	0	1	4101	2	0	4000	other	0
kh02	38	Picture	reV	1087842	6101	1	4801	2	6000	20000	hit	119
kh02	38	Response	1	1092559	10818	1
kh02	39	Picture	fix	1109645	0	1	4101	2	0	4000	other	0
kh02	39	Picture	keV	1115746	6101	1	4400	2	6000	20000	hit	122
kh02	39	Response	1	1120087	10442	1
kh02	40	Picture	fix	1137149	0	1	4100	2	0	4000	other	0
kh02	40	Picture	peV	1143249	6100	1	4801	2	6000	20000	hit	125
kh02	40	Response	1	1148029	10880	1
kh02	41	Picture	fix	1165052	0	1	4101	2	0	4000	other	0
kh02	41	Picture	peV	1171153	6101	1	4001	2	6000	20000	hit	128
kh02	41	Response	1	1175116	10064	1
kh02	42	Picture	fix	1192156	0	1	4100	2	0	4000	other	0
kh02	42	Picture	keV	1198256	6100	2	4501	3	6000	20000	hit	131
kh02	42	Response	1	1202710	10554	1
kh02	43	Picture	fix	1219759	0	1	4101	2	0	4000	other	0
kh02	43	Picture	leV	1225860	6101	1	3501	2	6000	20000	hit	134
kh02	43	Response	1	1229301	9542	1
kh02	44	Picture	fix	1246363	0	1	4100	2	0	4000	other	0
kh02	44	Picture	peV	1252464	6101	1	4800	2	6000	20000	hit	137
kh02	44	Response	1	1257204	10841	2
kh02	45	Picture	fix	1274266	0	2	4101	3	0	4000	other	0
kh02	45	Picture	teS	1280367	6101	1	4201	2	6000	20000	hit	140
kh02	45	Response	2	1284551	10285	1
kh02	46	Picture	fix	1301570	0	1	4100	3	0	4000	other	0
kh02	46	Picture	deS	1307671	6101	1	3900	2	6000	20000	hit	143
kh02	46	Response	2	1311500	9930	1
kh02	47	Picture	fix	1328573	0	2	4101	3	0	4000	other	0
kh02	47	Picture	meV	1334674	6101	1	3901	2	6000	20000	hit	146
kh02	47	Response	1	1338513	9940	1
kh02	48	Picture	fix	1355577	0	1	4101	2	0	4000	other	0
kh02	48	Picture	reV	1361678	6101	1	4600	2	6000	20000	hit	149
kh02	48	Response	1	1366202	10625	1
kh02	49	Picture	fix	1383281	0	1	4100	2	0	4000	other	0
kh02	49	Picture	seV	1389381	6100	2	4401	3	6000	20000	hit	152
kh02	49	Response	1	1393759	10478	1
kh02	50	Picture	fix	1410784	0	1	4101	2	0	4000	other	0
kh02	50	Picture	meV	1416885	6101	1	3600	3	6000	20000	hit	155
kh02	50	Response	1	1420408	9624	1
kh02	51	Picture	fix	1437488	0	1	4100	2	0	4000	other	0
kh02	51	Picture	meV	1443588	6100	2	3501	3	6000	20000	hit	158
kh02	51	Response	1	1447013	9525	1
kh02	52	Picture	fix	1464091	0	1	4101	2	0	4000	other	0
kh02	52	Picture	neS	1470192	6101	1	4200	2	6000	20000	hit	161
kh02	52	Response	2	1474361	10270	1
kh02	53	Picture	fix	1491395	0	1	4100	2	0	4000	other	0
kh02	53	Picture	peV	1497495	6100	2	4101	3	6000	20000	hit	164
kh02	53	Response	1	1501543	10148	1
kh02	54	Picture	fix	1518598	0	1	4101	2	0	4000	other	0
kh02	54	Picture	teV	1524699	6101	1	3700	3	6000	20000	hit	167
kh02	54	Response	1	1528378	9780	1
kh02	55	Picture	fix	1545402	0	1	4100	2	0	4000	other	0
kh02	55	Picture	keV	1551502	6100	2	3801	3	6000	20000	hit	170
kh02	55	Response	1	1555206	9804	1
kh02	56	Picture	fix	1572305	0	1	4101	2	0	4000	other	0
kh02	56	Picture	leV	1578406	6101	1	3500	3	6000	20000	hit	173
kh02	56	Response	1	1581854	9549	1
kh02	57	Picture	fix	1598909	0	1	4100	2	0	4000	other	0
kh02	57	Picture	keS	1605009	6100	2	4201	3	6000	20000	hit	176
kh02	57	Response	2	1609133	10224	1
kh02	58	Picture	fix	1626212	0	1	4101	2	0	4000	other	0
kh02	58	Picture	keV	1632313	6101	1	3400	3	6000	20000	hit	179
kh02	58	Response	1	1635671	9459	2
kh02	59	Picture	fix	1652716	0	1	4100	2	0	4000	other	0
kh02	59	Picture	keV	1658816	6100	2	5201	3	6000	20000	hit	182
kh02	59	Response	1	1663976	11260	1
kh02	60	Picture	fix	1681019	0	1	4101	2	0	4000	other	0
kh02	60	Picture	leV	1687120	6101	1	3701	2	6000	20000	hit	185
kh02	60	Response	1	1690745	9726	1
kh02	61	Picture	fix	1707823	0	1	4100	2	0	4000	other	0
kh02	61	Picture	leV	1713924	6101	1	3700	2	6000	20000	hit	188
kh02	61	Response	1	1717556	9733	1
kh02	62	Picture	fix	1734626	0	1	4101	2	0	4000	other	0
kh02	62	Picture	deV	1740727	6101	1	4101	2	6000	20000	hit	191
kh02	62	Response	1	1744751	10125	1
kh02	63	Picture	fix	1761830	0	1	4100	3	0	4000	other	0
kh02	63	Picture	meS	1767931	6101	1	4200	2	6000	20000	hit	194
kh02	63	Response	2	1772091	10261	1
kh02	64	Picture	fix	1789133	0	2	4101	3	0	4000	other	0
kh02	64	Picture	deV	1795234	6101	1	3501	2	6000	20000	hit	197
kh02	64	Response	1	1798691	9558	1
kh02	65	Picture	fix	1815737	0	1	4100	3	0	4000	other	0
kh02	65	Picture	deV	1821838	6101	1	3800	2	6000	20000	hit	200
kh02	65	Response	1	1825528	9791	1
kh02	66	Picture	fix	1842540	0	2	4101	3	0	4000	other	0
kh02	66	Picture	meS	1848641	6101	1	3501	2	6000	20000	hit	203
kh02	66	Response	2	1852032	9492	1
kh02	67	Picture	fix	1869044	0	1	4100	2	0	4000	other	0
kh02	67	Picture	seV	1875145	6101	1	4000	2	6000	20000	hit	206
kh02	67	Response	1	1879064	10020	1
kh02	68	Picture	fix	1896147	0	1	4101	2	0	4000	other	0
kh02	68	Picture	neV	1902248	6101	1	3801	2	6000	20000	hit	209
kh02	68	Response	1	1906005	9858	1
kh02	69	Picture	fix	1923051	0	1	4100	2	0	4000	other	0
kh02	69	Picture	reV	1929152	6101	1	4200	2	6000	20000	hit	212
kh02	69	Response	1	1933263	10212	2
kh02	70	Picture	fix	1950354	0	2	4101	3	0	4000	other	0
kh02	70	Picture	teS	1956455	6101	1	4201	2	6000	20000	hit	215
kh02	70	Response	2	1960627	10273	1
kh02	71	Picture	fix	1977658	0	1	4100	3	0	4000	other	0
kh02	71	Picture	leS	1983759	6101	1	3800	2	6000	20000	hit	218
kh02	71	Response	2	1987460	9802	2
kh02	72	Picture	fix	2004561	0	2	4101	3	0	4000	other	0
kh02	72	Picture	meV	2010662	6101	1	3801	2	6000	20000	hit	221
kh02	72	Response	1	2014430	9869	2
kh02	73	Picture	fix	2031465	0	1	4100	3	0	4000	other	0
kh02	73	Picture	peV	2037566	6101	1	3800	2	6000	20000	hit	224
kh02	73	Response	1	2041329	9864	2
kh02	74	Picture	fix	2058368	0	2	4101	3	0	4000	other	0
kh02	74	Picture	neS	2064469	6101	1	3101	2	6000	20000	hit	227
kh02	74	Response	2	2067510	9142	1
kh02	75	Picture	fix	2084572	0	1	4100	2	0	4000	other	0
kh02	75	Picture	keV	2090673	6101	1	3000	2	6000	20000	hit	230
kh02	75	Response	1	2093608	9036	1
kh02	76	Picture	fix	2110675	0	1	4101	2	0	4000	other	0
kh02	76	Picture	meS	2116776	6101	1	3801	2	6000	20000	incorrect	233
kh02	76	Response	1	2120561	9886	1
kh02	77	Picture	fix	2138979	0	1	4100	3	0	4000	other	0
kh02	77	Picture	keS	2145080	6101	1	5200	2	6000	20000	hit	236
kh02	77	Response	2	2150177	11198	1
kh02	77	Response	1	2150725	11746	2
kh02	78	Picture	fix	2167283	0	1	4100	2	0	4000	other	0
kh02	78	Picture	deV	2173383	6100	2	4101	3	6000	20000	hit	240
kh02	78	Response	1	2177411	10128	2
kh02	79	Picture	fix	2194486	0	1	4101	2	0	4000	other	0
kh02	79	Picture	meS	2200587	6101	1	4701	2	6000	20000	hit	243
kh02	79	Response	2	2205269	10783	1
kh02	80	Picture	fix	2222290	0	1	4100	2	0	4000	other	0
kh02	80	Picture	deS	2228390	6100	2	3501	3	6000	20000	hit	246
kh02	80	Response	2	2231875	9585	2
kh02	81	Picture	fix	2248893	0	1	4101	2	0	4000	other	0
kh02	81	Picture	teS	2254994	6101	1	4201	2	6000	20000	hit	249
kh02	81	Response	2	2259172	10279	1
kh02	82	Picture	fix	2276197	0	1	4100	2	0	4000	other	0
kh02	82	Picture	peS	2282298	6101	1	3600	2	6000	20000	hit	252
kh02	82	Response	2	2285795	9598	1
kh02	83	Picture	fix	2302900	0	1	4101	2	0	4000	other	0
kh02	83	Picture	leS	2309001	6101	1	3801	2	6000	20000	hit	255
kh02	83	Response	2	2312781	9881	1
kh02	84	Picture	fix	2329804	0	1	4100	2	0	4000	other	0
kh02	84	Picture	teV	2335904	6100	2	4401	3	6000	20000	hit	258
kh02	84	Response	1	2340219	10415	1
kh02	85	Picture	fix	2357307	0	1	4101	2	0	4000	other	0
kh02	85	Picture	deV	2363408	6101	1	4301	2	6000	20000	hit	261
kh02	85	Response	1	2367620	10313	1
kh02	86	Picture	fix	2384711	0	1	4100	2	0	4000	other	0
kh02	86	Picture	seS	2390812	6101	1	3800	2	6000	20000	hit	264
kh02	86	Response	2	2394551	9840	1
kh02	87	Picture	fix	2411614	0	2	4101	3	0	4000	other	0
kh02	87	Picture	meV	2417715	6101	1	3801	2	6000	20000	hit	267
kh02	87	Response	1	2421504	9890	1
kh02	88	Picture	fix	2438518	0	1	4100	3	0	4000	other	0
kh02	88	Picture	peS	2444619	6101	1	4200	2	6000	20000	hit	270
kh02	88	Response	2	2448795	10277	1
kh02	89	Picture	fix	2465821	0	2	4101	3	0	4000	other	0
kh02	89	Picture	leV	2471922	6101	1	3801	2	6000	20000	hit	273
kh02	89	Response	1	2475618	9797	1
kh02	90	Picture	fix	2492725	0	1	4100	3	0	4000	other	0
kh02	90	Picture	teV	2498826	6101	1	7001	2	6000	20000	hit	276
kh02	90	Response	1	2505757	13032	1
kh02	91	Picture	fix	2522829	0	1	4100	2	0	4000	other	0
kh02	91	Picture	deV	2528930	6101	1	3700	2	6000	20000	hit	279
kh02	91	Response	1	2532584	9755	1
kh02	92	Picture	fix	2549632	0	1	4101	2	0	4000	other	0
kh02	92	Picture	peS	2555733	6101	1	3701	2	6000	20000	hit	282
kh02	92	Response	2	2559387	9755	1
kh02	93	Picture	fix	2576436	0	1	4100	2	0	4000	other	0
kh02	93	Picture	meV	2582537	6101	1	3800	2	6000	20000	hit	285
kh02	93	Response	1	2586312	9876	1
kh02	94	Picture	fix	2603339	0	1	4101	2	0	4000	other	0
kh02	94	Picture	teS	2609440	6101	1	4901	2	6000	20000	hit	288
kh02	94	Response	2	2614317	10978	2
kh02	94	Response	1	2614813	11474	1
kh02	95	Picture	fix	2631343	0	1	4100	3	0	4000	other	0
kh02	95	Picture	leS	2637444	6101	1	3900	2	6000	20000	hit	292
kh02	95	Response	2	2641326	9983	1
kh02	96	Picture	fix	2658346	0	2	4101	3	0	4000	other	0
kh02	96	Picture	peS	2664447	6101	1	4201	2	6000	20000	hit	295
kh02	96	Response	2	2668544	10198	2
kh02	97	Picture	fix	2685650	0	1	4101	2	0	4000	other	0
kh02	97	Picture	neV	2691751	6101	1	4100	2	6000	20000	hit	298
kh02	97	Response	1	2695756	10106	1
kh02	98	Picture	fix	2712854	0	1	4100	2	0	4000	other	0
kh02	98	Picture	reV	2718954	6100	2	4701	3	6000	20000	hit	301
kh02	98	Response	1	2723640	10786	2
kh02	99	Picture	fix	2740657	0	1	4101	2	0	4000	other	0
kh02	99	Picture	neS	2746758	6101	1	4701	2	6000	20000	hit	304
kh02	99	Response	2	2751380	10723	1
kh02	100	Picture	fix	2768461	0	1	4100	2	0	4000	other	0
kh02	100	Picture	neV	2774562	6101	1	3600	2	6000	20000	hit	307
kh02	100	Response	1	2778065	9604	1
kh02	101	Picture	fix	2795164	0	1	4101	2	0	4000	other	0
kh02	101	Picture	peS	2801265	6101	1	4301	2	6000	20000	hit	310
kh02	101	Response	2	2805463	10299	1
kh02	102	Picture	fix	2822568	0	1	4100	2	0	4000	other	0
kh02	102	Picture	keS	2828669	6101	1	4600	2	6000	20000	hit	313
kh02	102	Response	2	2833258	10690	1
kh02	102	Response	1	2833385	10817	1
kh02	103	Picture	fix	2850271	0	2	4101	3	0	4000	other	0
kh02	103	Picture	teS	2856372	6101	1	4701	2	6000	20000	hit	317
kh02	103	Response	2	2861011	10740	1
kh02	104	Picture	fix	2878075	0	1	4101	2	0	4000	other	0
kh02	104	Picture	reV	2884176	6101	1	6001	2	6000	20000	hit	320
kh02	104	Response	1	2890066	11991	1
kh02	105	Picture	fix	2907079	0	1	4100	2	0	4000	other	0
kh02	105	Picture	keV	2913180	6101	1	6400	3	6000	20000	hit	323
kh02	105	Response	1	2919486	12407	1
kh02	106	Picture	fix	2936583	0	1	4100	2	0	4000	other	0
kh02	106	Picture	neS	2942684	6101	1	3200	2	6000	20000	hit	326
kh02	106	Response	2	2945802	9219	1
kh02	107	Picture	fix	2962886	0	1	4101	2	0	4000	other	0
kh02	107	Picture	seS	2968987	6101	1	3500	2	6000	20000	hit	329
kh02	107	Response	2	2972390	9504	1
kh02	108	Picture	fix	2989490	0	1	4100	2	0	4000	other	0
kh02	108	Picture	meV	2995590	6100	1	3501	2	6000	20000	hit	332
kh02	108	Response	1	2999049	9559	1
kh02	109	Picture	fix	3016093	0	1	4101	2	0	4000	other	0
kh02	109	Picture	meV	3022194	6101	1	4400	3	6000	20000	hit	335
kh02	109	Response	1	3026524	10431	2
kh02	110	Picture	fix	3043597	0	1	4100	2	0	4000	other	0
kh02	110	Picture	leV	3049697	6100	2	3901	3	6000	20000	hit	338
kh02	110	Response	1	3053526	9929	1
kh02	111	Picture	fix	3070600	0	1	4101	2	0	4000	other	0
kh02	111	Picture	peS	3076701	6101	1	4901	2	6000	20000	hit	341
kh02	111	Response	2	3081573	10973	1
kh02	112	Picture	fix	3098604	0	1	4100	2	0	4000	other	0
kh02	112	Picture	keV	3104705	6101	1	5500	2	6000	20000	hit	344
kh02	112	Response	1	3110136	11532	1
kh02	113	Picture	fix	3127207	0	2	4101	3	0	4000	other	0
kh02	113	Picture	seS	3133308	6101	1	3701	2	6000	20000	hit	347
kh02	113	Response	2	3136988	9781	1
kh02	114	Picture	fix	3154011	0	1	4100	3	0	4000	other	0
kh02	114	Picture	meS	3160112	6101	1	4400	2	6000	20000	hit	350
kh02	114	Response	2	3164468	10457	1
kh02	115	Picture	fix	3181515	0	1	4100	2	0	4000	other	0
kh02	115	Picture	neS	3187615	6100	1	5201	2	6000	20000	hit	353
kh02	115	Response	2	3192779	11264	1
kh02	115	Response	1	3193243	11728	1
kh02	116	Picture	fix	3209818	0	1	4101	2	0	4000	other	0
kh02	116	Picture	peS	3215917	6099	7	4303	8	6000	20000	hit	357
kh02	116	Response	2	3220188	10370	1
kh02	117	Picture	fix	3237222	0	1	4100	2	0	4000	other	0
kh02	117	Picture	teS	3243323	6101	1	4400	2	6000	20000	hit	360
kh02	117	Response	2	3247641	10419	1
kh02	118	Picture	fix	3264725	0	1	4101	2	0	4000	other	0
kh02	118	Picture	leS	3270826	6101	1	4101	2	6000	20000	hit	363
kh02	118	Response	2	3274843	10118	1
kh02	119	Picture	fix	3291929	0	1	4100	3	0	4000	other	0
kh02	119	Picture	leV	3298030	6101	1	4200	2	6000	20000	hit	366
kh02	119	Response	1	3302184	10255	1
kh02	120	Picture	fix	3319232	0	2	4101	3	0	4000	other	0
kh02	120	Picture	teS	3325333	6101	1	3701	2	6000	20000	hit	369
kh02	120	Response	2	3329011	9779	1
kh02	121	Picture	fix	3346036	0	1	4100	3	0	4000	other	0
kh02	121	Picture	deV	3352137	6101	1	3800	2	6000	20000	hit	372
kh02	121	Response	1	3355858	9822	1
kh02	122	Picture	fix	3372939	0	2	4101	3	0	4000	other	0
kh02	122	Picture	seS	3379040	6101	1	4401	2	6000	20000	hit	375
kh02	122	Response	2	3383404	10465	1
kh02	123	Picture	fix	3400443	0	1	4101	2	0	4000	other	0
kh02	123	Picture	reV	3406544	6101	1	4400	3	6000	20000	hit	378
kh02	123	Response	1	3410924	10481	1
kh02	124	Picture	fix	3427947	0	1	4100	2	0	4000	other	0
kh02	124	Picture	meS	3434047	6100	2	7101	3	6000	20000	hit	381
kh02	124	Response	2	3441078	13131	1
kh02	125	Picture	fix	3458151	0	1	4100	2	0	4000	other	0
kh02	125	Picture	leV	3464251	6100	1	3701	2	6000	20000	hit	384
kh02	125	Response	1	3467851	9700	1
kh02	126	Picture	fix	3484954	0	1	4101	2	0	4000	other	0
kh02	126	Picture	seV	3491055	6101	1	4000	2	6000	20000	hit	387
kh02	126	Response	1	3495013	10059	1
kh02	127	Picture	fix	3512058	0	1	4100	2	0	4000	other	0
kh02	127	Picture	reS	3518158	6100	1	4601	2	6000	20000	hit	390
kh02	127	Response	2	3522731	10673	1
kh02	128	Picture	fix	3539761	0	1	4101	2	0	4000	other	0
kh02	128	Picture	peS	3545862	6101	1	4400	3	6000	20000	hit	393
kh02	128	Response	2	3550158	10397	1
kh02	129	Picture	fix	3567265	0	1	4100	2	0	4000	other	0
kh02	129	Picture	deV	3573365	6100	2	3701	3	6000	20000	hit	396
kh02	129	Response	1	3576967	9702	1
kh02	130	Picture	fix	3594068	0	1	4101	2	0	4000	other	0
kh02	130	Picture	peS	3600169	6101	1	4101	2	6000	20000	hit	399
kh02	130	Response	2	3604182	10114	1
kh02	131	Picture	fix	3621272	0	1	4100	2	0	4000	other	0
kh02	131	Picture	leS	3627373	6101	1	6300	2	6000	20000	hit	402
kh02	131	Response	2	3633641	12369	1
kh02	132	Picture	fix	3650676	0	1	4100	2	0	4000	other	0
kh02	132	Picture	keV	3656776	6100	2	4701	3	6000	20000	hit	405
kh02	132	Response	1	3661385	10709	1
kh02	133	Picture	fix	3678479	0	1	4101	2	0	4000	other	0
kh02	133	Picture	teS	3684580	6101	1	3801	2	6000	20000	hit	408
kh02	133	Response	2	3688279	9800	1
kh02	134	Picture	fix	3705383	0	1	4100	2	0	4000	other	0
kh02	134	Picture	seV	3711483	6100	2	4401	3	6000	20000	hit	411
kh02	134	Response	1	3715859	10476	1
kh02	135	Picture	fix	3732886	0	1	4101	2	0	4000	other	0
kh02	135	Picture	seS	3738987	6101	1	3901	2	6000	20000	hit	414
kh02	135	Response	2	3742825	9939	1
kh02	136	Response	3	4437201	677311	1
kh02	137	Picture	fix	4454280	0	1	4101	2	0	4000	other	0
kh02	137	Picture	seV	4460381	6101	1	3900	3	6000	20000	hit	418
kh02	137	Response	1	4464217	9937	2
kh02	138	Picture	fix	4481284	0	1	4100	2	0	4000	other	0
kh02	138	Picture	teS	4487384	6100	2	3901	3	6000	20000	hit	421
kh02	138	Response	2	4491255	9971	2
kh02	139	Picture	fix	4508287	0	1	4101	2	0	4000	other	0
kh02	139	Picture	meV	4514388	6101	1	4000	3	6000	20000	hit	424
kh02	139	Response	1	4518298	10011	1
kh02	140	Picture	fix	4535391	0	1	4100	2	0	4000	other	0
kh02	140	Picture	peV	4541491	6100	2	4001	3	6000	20000	hit	427
kh02	140	Response	1	4545404	10013	1
kh02	141	Picture	fix	4562494	0	1	4101	2	0	4000	other	0
kh02	141	Picture	leS	4568595	6101	1	4801	2	6000	20000	hit	430
kh02	141	Response	2	4573312	10818	2
kh02	141	Response	1	4573752	11258	1
kh02	142	Picture	fix	4590398	0	1	4100	2	0	4000	other	0
kh02	142	Picture	reS	4596499	6101	1	3700	2	6000	20000	hit	434
kh02	142	Response	2	4600097	9699	1
kh02	143	Picture	fix	4617201	0	1	4101	2	0	4000	other	0
kh02	143	Picture	peS	4623302	6101	1	4001	2	6000	20000	hit	437
kh02	143	Response	2	4627222	10021	1
kh02	144	Picture	fix	4644305	0	1	4100	2	0	4000	other	0
kh02	144	Picture	meS	4650406	6101	1	4100	2	6000	20000	hit	440
kh02	144	Response	2	4654407	10102	1
kh02	145	Picture	fix	4671508	0	2	4101	3	0	4000	other	0
kh02	145	Picture	reV	4677609	6101	1	4001	2	6000	20000	hit	443
kh02	145	Response	1	4681571	10063	1
kh02	146	Picture	fix	4698612	0	1	4100	3	0	4000	other	0
kh02	146	Picture	reS	4704713	6101	1	4400	2	6000	20000	hit	446
kh02	146	Response	2	4709015	10403	2
kh02	147	Picture	fix	4726116	0	1	4100	2	0	4000	other	0
kh02	147	Picture	reS	4732216	6100	1	3701	2	6000	20000	hit	449
kh02	147	Response	2	4735853	9737	1
kh02	148	Picture	fix	4752919	0	1	4101	2	0	4000	other	0
kh02	148	Picture	seS	4759020	6101	1	4100	2	6000	20000	hit	452
kh02	148	Response	2	4763083	10164	1
kh02	149	Picture	fix	4780123	0	1	4100	2	0	4000	other	0
kh02	149	Picture	peV	4786223	6100	1	3501	2	6000	20000	hit	455
kh02	149	Response	1	4789644	9521	1
kh02	150	Picture	fix	4806726	0	1	4101	2	0	4000	other	0
kh02	150	Picture	seV	4812827	6101	1	4600	2	6000	20000	hit	458
kh02	150	Response	1	4817367	10641	2
kh02	151	Picture	fix	4834430	0	1	4100	2	0	4000	other	0
kh02	151	Picture	meV	4840530	6100	2	4001	3	6000	20000	hit	461
kh02	151	Response	1	4844487	10057	1
kh02	152	Picture	fix	4861533	0	1	4101	2	0	4000	other	0
kh02	152	Picture	peV	4867634	6101	1	4100	3	6000	20000	hit	464
kh02	152	Response	1	4871657	10124	1
kh02	153	Picture	fix	4888737	0	1	4100	2	0	4000	other	0
kh02	153	Picture	deV	4894837	6100	2	3901	3	6000	20000	hit	467
kh02	153	Response	1	4898630	9893	1
kh02	154	Picture	fix	4915640	0	1	4101	2	0	4000	other	0
kh02	154	Picture	seV	4921741	6101	1	3800	3	6000	20000	hit	470
kh02	154	Response	1	4925466	9826	1
kh02	155	Picture	fix	4942544	0	1	4100	2	0	4000	other	0
kh02	155	Picture	deS	4948644	6100	2	3501	3	6000	20000	hit	473
kh02	155	Response	2	4952096	9552	2
kh02	156	Picture	fix	4969147	0	1	4101	2	0	4000	other	0
kh02	156	Picture	deV	4975248	6101	1	3800	3	6000	20000	hit	476
kh02	156	Response	1	4978978	9831	1
kh02	157	Picture	fix	4996051	0	1	4100	2	0	4000	other	0
kh02	157	Picture	peS	5002151	6100	2	4401	3	6000	20000	hit	479
kh02	157	Response	2	5006448	10397	1
kh02	157	Response	1	5006923	10872	1
kh02	158	Picture	fix	5023554	0	1	4101	2	0	4000	other	0
kh02	158	Picture	seS	5029655	6101	1	4301	2	6000	20000	hit	483
kh02	158	Response	2	5033939	10385	1
kh02	159	Picture	fix	5050958	0	1	4100	2	0	4000	other	0
kh02	159	Picture	meS	5057059	6101	1	5600	2	6000	20000	hit	486
kh02	159	Response	2	5062610	11652	1
kh02	160	Picture	fix	5079662	0	1	4100	2	0	4000	other	0
kh02	160	Picture	peV	5085762	6100	1	4101	2	6000	20000	hit	489
kh02	160	Response	1	5089820	10158	1
kh02	161	Picture	fix	5106865	0	1	4101	2	0	4000	other	0
kh02	161	Picture	keS	5112966	6101	1	4400	3	6000	20000	hit	492
kh02	161	Response	2	5117277	10412	2
kh02	162	Picture	fix	5134369	0	1	4100	2	0	4000	other	0
kh02	162	Picture	keS	5140469	6100	2	3901	3	6000	20000	hit	495
kh02	162	Response	2	5144266	9897	1
kh02	162	Response	1	5144270	9901	1
kh02	163	Picture	fix	5161372	0	1	4101	2	0	4000	other	0
kh02	163	Picture	leV	5167473	6101	1	5001	2	6000	20000	hit	499
kh02	163	Response	1	5172363	10991	2
kh02	164	Picture	fix	5189376	0	1	4100	2	0	4000	other	0
kh02	164	Picture	deV	5195477	6101	1	3900	2	6000	20000	hit	502
kh02	164	Response	1	5199300	9924	1
kh02	165	Picture	fix	5216379	0	1	4101	2	0	4000	other	0
kh02	165	Picture	deV	5222480	6101	1	4201	2	6000	20000	hit	505
kh02	165	Response	1	5226594	10215	1
kh02	166	Picture	fix	5243683	0	1	4100	3	0	4000	other	0
kh02	166	Picture	reS	5249784	6101	1	4200	2	6000	20000	hit	508
kh02	166	Response	2	5253931	10248	1
kh02	166	Response	1	5254776	11093	1
kh02	167	Picture	fix	5270986	0	2	4101	3	0	4000	other	0
kh02	167	Picture	teV	5277087	6101	1	4101	2	6000	20000	hit	512
kh02	167	Response	1	5281138	10152	1
kh02	168	Picture	fix	5298190	0	1	4100	3	0	4000	other	0
kh02	168	Picture	meV	5304291	6101	1	4200	2	6000	20000	hit	515
kh02	168	Response	1	5308408	10218	1
kh02	169	Picture	fix	5325493	0	2	4101	3	0	4000	other	0
kh02	169	Picture	deS	5331594	6101	1	5901	2	6000	20000	hit	518
kh02	169	Response	2	5337404	11911	1
kh02	169	Response	1	5338039	12546	1
kh02	170	Picture	fix	5354497	0	1	4101	2	0	4000	other	0
kh02	170	Picture	leS	5360598	6101	1	3901	2	6000	20000	hit	522
kh02	170	Response	2	5364487	9990	1
kh02	171	Picture	fix	5381501	0	1	4100	2	0	4000	other	0
kh02	171	Picture	neS	5387602	6101	1	4100	2	6000	20000	hit	525
kh02	171	Response	2	5391649	10148	2
kh02	172	Picture	fix	5408704	0	2	4101	3	0	4000	other	0
kh02	172	Picture	reS	5414805	6101	1	5001	2	6000	20000	hit	528
kh02	172	Response	2	5419718	11014	1
kh02	173	Picture	fix	5436808	0	1	4101	2	0	4000	other	0
kh02	173	Picture	leS	5442909	6101	1	4900	3	6000	20000	hit	531
kh02	173	Response	2	5447754	10946	1
kh02	174	Picture	fix	5464812	0	1	4100	2	0	4000	other	0
kh02	174	Picture	peS	5470912	6100	2	5501	3	6000	20000	hit	534
kh02	174	Response	2	5476337	11525	1
kh02	175	Picture	fix	5493415	0	1	4101	2	0	4000	other	0
kh02	175	Picture	leS	5499516	6101	1	4001	2	6000	20000	hit	537
kh02	175	Response	2	5503450	10035	2
kh02	176	Picture	fix	5520519	0	1	4100	3	0	4000	other	0
kh02	176	Picture	neS	5526620	6101	1	3700	2	6000	20000	hit	540
kh02	176	Response	2	5530244	9725	1
kh02	177	Picture	fix	5547322	0	2	4101	3	0	4000	other	0
kh02	177	Picture	teV	5553423	6101	1	4001	2	6000	20000	hit	543
kh02	177	Response	1	5557379	10057	1
kh02	178	Picture	fix	5574426	0	1	4100	3	0	4000	other	0
kh02	178	Picture	seV	5580527	6101	1	3700	2	6000	20000	hit	546
kh02	178	Response	1	5584124	9698	1
kh02	179	Picture	fix	5601229	0	2	4101	3	0	4000	other	0
kh02	179	Picture	peS	5607330	6101	1	4501	2	6000	20000	hit	549
kh02	179	Response	2	5611736	10507	1
kh02	180	Picture	fix	5628833	0	1	4101	2	0	4000	other	0
kh02	180	Picture	keV	5634934	6101	1	3600	2	6000	20000	hit	552
kh02	180	Response	1	5638488	9655	1
kh02	181	Picture	fix	5655536	0	2	4101	3	0	4000	other	0
kh02	181	Picture	reS	5661637	6101	1	4401	2	6000	20000	hit	555
kh02	181	Response	2	5666025	10489	1
kh02	182	Picture	fix	5683040	0	1	4101	2	0	4000	other	0
kh02	182	Picture	neV	5689141	6101	1	4500	2	6000	20000	hit	558
kh02	182	Response	1	5693531	10491	1
kh02	183	Picture	fix	5710544	0	1	4100	2	0	4000	other	0
kh02	183	Picture	seS	5716644	6100	2	4201	3	6000	20000	hit	561
kh02	183	Response	2	5720827	10283	2
kh02	184	Picture	fix	5737847	0	1	4101	2	0	4000	other	0
kh02	184	Picture	teV	5743948	6101	1	5401	2	6000	20000	hit	564
kh02	184	Response	1	5749294	11447	1
kh02	185	Picture	fix	5766351	0	1	4100	3	0	4000	other	0
kh02	185	Picture	teV	5772452	6101	1	4300	2	6000	20000	hit	567
kh02	185	Response	1	5776740	10389	1
kh02	186	Picture	fix	5793754	0	2	4101	3	0	4000	other	0
kh02	186	Picture	keV	5799855	6101	1	4301	2	6000	20000	hit	570
kh02	186	Response	1	5804134	10380	1
kh02	187	Picture	fix	5821158	0	1	4100	3	0	4000	other	0
kh02	187	Picture	peS	5827259	6101	1	4200	2	6000	20000	hit	573
kh02	187	Response	2	5831425	10267	1
kh02	188	Picture	fix	5848462	0	1	4100	2	0	4000	other	0
kh02	188	Picture	meS	5854562	6100	1	6401	2	6000	20000	incorrect	576
kh02	188	Response	1	5860888	12426	2
kh02	189	Picture	fix	5879266	0	1	4100	2	0	4000	other	0
kh02	189	Picture	neV	5885366	6100	1	4601	2	6000	20000	hit	579
kh02	189	Response	1	5889865	10599	1
kh02	190	Picture	fix	5906969	0	1	4101	2	0	4000	other	0
kh02	190	Picture	reS	5913070	6101	1	4100	3	6000	20000	hit	582
kh02	190	Response	2	5917118	10149	2
kh02	191	Picture	fix	5934173	0	1	4100	2	0	4000	other	0
kh02	191	Picture	reS	5940273	6100	2	4201	3	6000	20000	hit	585
kh02	191	Response	2	5944443	10270	1
kh02	192	Picture	fix	5961476	0	1	4101	2	0	4000	other	0
kh02	192	Picture	peS	5967577	6101	1	4301	2	6000	20000	hit	588
kh02	192	Response	2	5971793	10317	1
kh02	193	Picture	fix	5988880	0	1	4100	2	0	4000	other	0
kh02	193	Picture	leS	5994981	6101	1	4900	2	6000	20000	hit	591
kh02	193	Response	2	5999799	10919	1
kh02	194	Picture	fix	6016883	0	2	4101	3	0	4000	other	0
kh02	194	Picture	deS	6022984	6101	1	4001	2	6000	20000	hit	594
kh02	194	Response	2	6026946	10063	2
kh02	195	Picture	fix	6043987	0	1	4101	2	0	4000	other	0
kh02	195	Picture	keV	6050088	6101	1	4300	2	6000	20000	hit	597
kh02	195	Response	1	6054281	10294	2
kh02	196	Picture	fix	6071391	0	1	4100	2	0	4000	other	0
kh02	196	Picture	seS	6077491	6100	1	5501	2	6000	20000	hit	600
kh02	196	Response	2	6082963	11572	1
kh02	197	Picture	fix	6099994	0	1	4101	2	0	4000	other	0
kh02	197	Picture	meV	6106095	6101	1	4301	2	6000	20000	hit	603
kh02	197	Response	1	6110341	10347	1
kh02	198	Picture	fix	6127398	0	1	4100	2	0	4000	other	0
kh02	198	Picture	leS	6133499	6101	1	6701	2	6000	20000	hit	606
kh02	198	Response	2	6140117	12719	1
kh02	199	Picture	fix	6157202	0	1	4100	2	0	4000	other	0
kh02	199	Picture	teV	6163303	6101	1	3800	2	6000	20000	hit	609
kh02	199	Response	1	6167065	9863	1
kh02	200	Picture	fix	6184105	0	1	4101	2	0	4000	other	0
kh02	200	Picture	teV	6190206	6101	1	4101	2	6000	20000	hit	612
kh02	200	Response	1	6194296	10191	1
kh02	201	Picture	fix	6211309	0	1	4100	2	0	4000	other	0
kh02	201	Picture	meV	6217410	6101	1	3900	2	6000	20000	hit	615
kh02	201	Response	1	6221254	9945	1
kh02	202	Picture	fix	6238312	0	1	4101	2	0	4000	other	0
kh02	202	Picture	leS	6244413	6101	1	6001	2	6000	20000	hit	618
kh02	202	Response	2	6250328	12016	1
kh02	203	Picture	fix	6267416	0	1	4101	2	0	4000	other	0
kh02	203	Picture	neV	6273517	6101	1	3900	2	6000	20000	hit	621
kh02	203	Response	1	6277372	9956	2
kh02	204	Picture	fix	6294420	0	1	4100	2	0	4000	other	0
kh02	204	Picture	deV	6300520	6100	2	4501	3	6000	20000	hit	624
kh02	204	Response	1	6304910	10490	2
kh02	205	Picture	fix	6321923	0	1	4101	2	0	4000	other	0
kh02	205	Picture	peS	6328024	6101	1	4701	2	6000	20000	hit	627
kh02	205	Response	2	6332637	10714	1
kh02	206	Picture	fix	6349727	0	1	4100	2	0	4000	other	0
kh02	206	Picture	neV	6355828	6101	1	5900	2	6000	20000	hit	630
kh02	206	Response	1	6361713	11986	1
kh02	207	Picture	fix	6378731	0	1	4100	2	0	4000	other	0
kh02	207	Picture	peV	6384831	6100	2	3701	3	6000	20000	hit	633
kh02	207	Response	1	6388508	9777	1
kh02	208	Picture	fix	6405534	0	1	4101	2	0	4000	other	0
kh02	208	Picture	reS	6411635	6101	1	3500	2	6000	20000	hit	636
kh02	208	Response	2	6415119	9585	1
kh02	209	Picture	fix	6432137	0	2	4101	3	0	4000	other	0
kh02	209	Picture	seS	6438238	6101	1	4601	2	6000	20000	hit	639
kh02	209	Response	2	6442748	10611	1
kh02	210	Picture	fix	6459841	0	1	4101	2	0	4000	other	0
kh02	210	Picture	peV	6465942	6101	1	3500	2	6000	20000	hit	642
kh02	210	Response	1	6469414	9573	1
kh02	211	Picture	fix	6486445	0	1	4100	2	0	4000	other	0
kh02	211	Picture	seV	6492545	6100	1	3901	2	6000	20000	hit	645
kh02	211	Response	1	6496389	9944	1
kh02	212	Picture	fix	6513448	0	1	4101	2	0	4000	other	0
kh02	212	Picture	reV	6519549	6101	1	4200	3	6000	20000	hit	648
kh02	212	Response	1	6523648	10200	1
kh02	213	Picture	fix	6540752	0	1	4100	2	0	4000	other	0
kh02	213	Picture	neS	6546852	6100	2	4401	3	6000	20000	hit	651
kh02	213	Response	2	6551232	10480	1
kh02	214	Picture	fix	6568255	0	1	4101	2	0	4000	other	0
kh02	214	Picture	leV	6574356	6101	1	3300	3	6000	20000	hit	654
kh02	214	Response	1	6577642	9387	2
kh02	215	Picture	fix	6594659	0	1	4100	2	0	4000	other	0
kh02	215	Picture	seS	6600759	6100	2	3701	3	6000	20000	hit	657
kh02	215	Response	2	6604360	9701	1
kh02	216	Picture	fix	6621462	0	1	4101	2	0	4000	other	0
kh02	216	Picture	peV	6627563	6101	1	4301	2	6000	20000	hit	660
kh02	216	Response	1	6631797	10335	1
kh02	217	Picture	fix	6648866	0	1	4100	2	0	4000	other	0
kh02	217	Picture	meV	6654966	6100	2	4101	3	6000	20000	hit	663
kh02	217	Response	1	6659016	10150	1
kh02	218	Picture	fix	6676069	0	1	4101	2	0	4000	other	0
kh02	218	Picture	deV	6682170	6101	1	4001	2	6000	20000	hit	666
kh02	218	Response	1	6686125	10056	1
kh02	219	Picture	fix	6703173	0	1	4100	2	0	4000	other	0
kh02	219	Picture	meS	6709274	6101	1	4200	2	6000	20000	hit	669
kh02	219	Response	2	6713403	10230	3
kh02	220	Picture	fix	6730476	0	1	4101	2	0	4000	other	0
kh02	220	Picture	deV	6736577	6101	1	3701	2	6000	20000	hit	672
kh02	220	Response	1	6740172	9696	1
kh02	221	Picture	fix	6757280	0	1	4100	2	0	4000	other	0
kh02	221	Picture	deS	6763381	6101	1	4000	2	6000	20000	hit	675
kh02	221	Response	2	6767275	9995	2
kh02	222	Picture	fix	6784383	0	2	4101	3	0	4000	other	0
kh02	222	Picture	teS	6790484	6101	1	4101	2	6000	20000	hit	678
kh02	222	Response	2	6794572	10189	2
kh02	223	Picture	fix	6811587	0	1	4100	3	0	4000	other	0
kh02	223	Picture	peV	6817688	6101	1	3700	2	6000	20000	hit	681
kh02	223	Response	1	6821295	9708	1
kh02	224	Picture	fix	6838390	0	1	4101	2	0	4000	other	0
kh02	224	Picture	peV	6844491	6101	1	4201	2	6000	20000	hit	684
kh02	224	Response	1	6848667	10277	2
kh02	225	Picture	fix	6865694	0	1	4100	3	0	4000	other	0
kh02	225	Picture	keS	6871795	6101	1	5100	2	6000	20000	hit	687
kh02	225	Response	2	6876811	11117	1
kh02	226	Picture	fix	6893898	0	1	4100	2	0	4000	other	0
kh02	226	Picture	neS	6899998	6100	2	4001	3	6000	20000	hit	690
kh02	226	Response	2	6903967	10069	2
kh02	227	Picture	fix	6921001	0	1	4101	2	0	4000	other	0
kh02	227	Picture	reS	6927102	6101	1	4000	2	6000	20000	hit	693
kh02	227	Response	2	6931085	10084	1
kh02	228	Picture	fix	6948105	0	1	4100	2	0	4000	other	0
kh02	228	Picture	keS	6954205	6100	2	3901	3	6000	20000	hit	696
kh02	228	Response	2	6958019	9914	1
kh02	229	Picture	fix	6975108	0	1	4101	2	0	4000	other	0
kh02	229	Picture	meS	6981209	6101	1	4400	3	6000	20000	hit	699
kh02	229	Response	2	6985529	10421	2
kh02	230	Picture	fix	7002612	0	1	4100	2	0	4000	other	0
kh02	230	Picture	neV	7008713	6101	1	3900	2	6000	20000	hit	702
kh02	230	Response	1	7012519	9907	1
kh02	231	Picture	fix	7029615	0	1	4101	2	0	4000	other	0
kh02	231	Picture	keS	7035716	6101	1	5101	2	6000	20000	hit	705
kh02	231	Response	2	7040727	11112	1
kh02	232	Picture	fix	7057819	0	1	4100	3	0	4000	other	0
kh02	232	Picture	meV	7063920	6101	1	4700	2	6000	20000	hit	708
kh02	232	Response	1	7068523	10704	1
kh02	233	Picture	fix	7085623	0	1	4100	2	0	4000	other	0
kh02	233	Picture	neV	7091723	6100	1	4201	2	6000	20000	hit	711
kh02	233	Response	1	7095840	10217	2
kh02	234	Picture	fix	7112926	0	1	4101	2	0	4000	other	0
kh02	234	Picture	neS	7119027	6101	1	5501	2	6000	20000	hit	714
kh02	234	Response	2	7124430	11504	1
kh02	235	Picture	fix	7141530	0	1	4100	2	0	4000	other	0
kh02	235	Picture	teS	7147631	6101	1	3900	2	6000	20000	hit	717
kh02	235	Response	2	7151495	9965	1
kh02	236	Picture	fix	7168533	0	1	4101	2	0	4000	other	0
kh02	236	Picture	leV	7174634	6101	1	4201	2	6000	20000	hit	720
kh02	236	Response	1	7178785	10252	1
kh02	237	Picture	fix	7195837	0	1	4100	3	0	4000	other	0
kh02	237	Picture	leV	7201938	6101	1	4600	2	6000	20000	hit	723
kh02	237	Response	1	7206487	10650	1
kh02	238	Picture	fix	7223540	0	2	4101	3	0	4000	other	0
kh02	238	Picture	teS	7229641	6101	1	3401	2	6000	20000	hit	726
kh02	238	Response	2	7233008	9468	1
kh02	239	Picture	fix	7250044	0	1	4100	3	0	4000	other	0
kh02	239	Picture	keV	7256145	6101	1	3700	2	6000	20000	hit	729
kh02	239	Response	1	7259784	9740	1
kh02	240	Picture	fix	7276847	0	2	4101	3	0	4000	other	0
kh02	240	Picture	seV	7282948	6101	1	4101	2	6000	20000	hit	732
kh02	240	Response	1	7286970	10123	1
kh02	241	Picture	fix	7304051	0	1	4100	3	0	4000	other	0
kh02	241	Picture	reV	7310152	6101	1	4200	2	6000	20000	hit	735
kh02	241	Response	1	7314324	10273	1
kh02	242	Picture	fix	7331354	0	2	4101	3	0	4000	other	0
kh02	242	Picture	deS	7337455	6101	1	5601	2	6000	20000	hit	738
kh02	242	Response	2	7343018	11664	1
kh02	243	Picture	fix	7360058	0	1	4101	2	0	4000	other	0
kh02	243	Picture	deS	7366159	6101	1	3400	3	6000	20000	hit	741
kh02	243	Response	2	7369511	9453	1
kh02	244	Picture	fix	7386562	0	1	4100	2	0	4000	other	0
kh02	244	Picture	teS	7392662	6100	2	4501	3	6000	20000	hit	744
kh02	244	Response	2	7397126	10564	1
kh02	245	Picture	fix	7414165	0	1	4101	2	0	4000	other	0
kh02	245	Picture	keV	7420266	6101	1	4001	2	6000	20000	hit	747
kh02	245	Response	1	7424203	10038	1
kh02	246	Picture	fix	7441269	0	1	4100	2	0	4000	other	0
kh02	246	Picture	teS	7447370	6101	1	3700	2	6000	20000	hit	750
kh02	246	Response	2	7450966	9697	1
kh02	247	Picture	fix	7468072	0	1	4101	2	0	4000	other	0
kh02	247	Picture	reV	7474173	6101	1	3801	2	6000	20000	hit	753
kh02	247	Response	1	7477902	9830	1
kh02	248	Picture	fix	7494976	0	1	4100	2	0	4000	other	0
kh02	248	Picture	leS	7501077	6101	1	4200	2	6000	20000	hit	756
kh02	248	Response	2	7505199	10223	2
kh02	249	Picture	fix	7522279	0	1	4101	2	0	4000	other	0
kh02	249	Picture	teV	7528380	6101	1	4599	4	6000	20000	hit	759
kh02	249	Response	1	7532961	10682	2
kh02	250	Picture	fix	7549983	0	1	4100	3	0	4000	other	0
kh02	250	Picture	seS	7556084	6101	1	4200	2	6000	20000	hit	762
kh02	250	Response	2	7560268	10285	1
kh02	251	Picture	fix	7577287	0	1	4100	2	0	4000	other	0
kh02	251	Picture	keV	7583387	6100	1	4001	2	6000	20000	hit	765
kh02	251	Response	1	7587374	10087	1
kh02	252	Picture	fix	7604390	0	1	4101	2	0	4000	other	0
kh02	252	Picture	peS	7610491	6101	1	3800	2	6000	20000	hit	768
kh02	252	Response	2	7614191	9801	1
kh02	253	Picture	fix	7631294	0	1	4100	2	0	4000	other	0
kh02	253	Picture	leV	7637394	6100	1	3801	2	6000	20000	hit	771
kh02	253	Response	1	7641173	9879	2
kh02	254	Picture	fix	7658197	0	1	4101	2	0	4000	other	0
kh02	254	Picture	leS	7664298	6101	1	3400	2	6000	20000	hit	774
kh02	254	Response	2	7667610	9413	1
kh02	255	Picture	fix	7684700	0	2	4101	3	0	4000	other	0
kh02	255	Picture	neS	7690801	6101	1	5201	2	6000	20000	hit	777
kh02	255	Response	2	7695976	11276	1
kh02	256	Picture	fix	7713004	0	1	4101	2	0	4000	other	0
kh02	256	Picture	leV	7719105	6101	1	3900	3	6000	20000	hit	780
kh02	256	Response	1	7722922	9918	1
kh02	257	Picture	fix	7740008	0	1	4100	2	0	4000	other	0
kh02	257	Picture	deS	7746108	6100	2	3701	3	6000	20000	hit	783
kh02	257	Response	2	7749714	9706	1
kh02	258	Picture	fix	7766811	0	1	4101	2	0	4000	other	0
kh02	258	Picture	meV	7772912	6101	1	4000	3	6000	20000	hit	786
kh02	258	Response	1	7776859	10048	1
kh02	259	Picture	fix	7793915	0	1	4100	2	0	4000	other	0
kh02	259	Picture	peV	7800015	6100	2	4501	3	6000	20000	hit	789
kh02	259	Response	1	7804425	10510	1
kh02	260	Picture	fix	7821518	0	1	4101	2	0	4000	other	0
kh02	260	Picture	reS	7827619	6101	1	3901	2	6000	20000	hit	792
kh02	260	Response	2	7831417	9899	1
kh02	261	Picture	fix	7848522	0	1	4100	2	0	4000	other	0
kh02	261	Picture	reV	7854623	6101	1	4900	2	6000	20000	hit	795
kh02	261	Response	1	7859427	10905	2
kh02	262	Picture	fix	7876525	0	2	4101	3	0	4000	other	0
kh02	262	Picture	teS	7882626	6101	1	3801	2	6000	20000	hit	798
kh02	262	Response	2	7886361	9836	1
kh02	263	Picture	fix	7903429	0	1	4100	3	0	4000	other	0
kh02	263	Picture	reS	7909530	6101	1	4300	2	6000	20000	hit	801
kh02	263	Response	2	7913727	10298	1
kh02	264	Picture	fix	7930832	0	2	4101	3	0	4000	other	0
kh02	264	Picture	reS	7936933	6101	1	4401	2	6000	20000	hit	804
kh02	264	Response	2	7941272	10440	1
kh02	265	Picture	fix	7958336	0	1	4101	2	0	4000	other	0
kh02	265	Picture	seS	7964437	6101	1	3900	2	6000	20000	hit	807
kh02	265	Response	2	7968305	9969	1
kh02	266	Picture	fix	7985340	0	1	4100	2	0	4000	other	0
kh02	266	Picture	keV	7991440	6100	2	4101	3	6000	20000	hit	810
kh02	266	Response	1	7995463	10123	1
kh02	267	Picture	fix	8012543	0	1	4101	2	0	4000	other	0
kh02	267	Picture	teS	8018644	6101	1	4100	3	6000	20000	hit	813
kh02	267	Response	2	8022687	10144	2
kh02	268	Picture	fix	8039747	0	1	4100	2	0	4000	other	0
kh02	268	Picture	neV	8045845	6098	7	4303	8	6000	20000	hit	816
kh02	268	Response	1	8050065	10318	2
kh02	269	Picture	fix	8067150	0	1	4101	2	0	4000	other	0
kh02	269	Picture	seS	8073251	6101	1	5201	2	6000	20000	hit	819
kh02	269	Response	2	8078350	11200	1
kh02	270	Picture	fix	8095454	0	1	4100	3	0	4000	other	0
kh02	270	Picture	teV	8101555	6101	1	4600	2	6000	20000	hit	822
kh02	270	Response	1	8106118	10664	1
kh02	271	Picture	fix	8123157	0	2	4101	3	0	4000	other	0
kh02	271	Picture	seV	8129258	6101	1	4301	2	6000	20000	hit	825
kh02	271	Response	1	8133518	10361	1
kh02	272	Response	1	8283774	133213	1
kh02	272	Response	3	8465396	314835	1
kh02	273	Picture	fix	8482504	0	1	4101	2	0	4000	other	0
kh02	273	Picture	leV	8488605	6101	1	3601	2	6000	20000	hit	830
kh02	273	Response	1	8492153	9649	1
kh02	274	Picture	fix	8509208	0	1	4100	2	0	4000	other	0
kh02	274	Picture	seV	8515309	6101	1	4200	2	6000	20000	hit	833
kh02	274	Response	1	8519432	10224	2
kh02	275	Picture	fix	8536511	0	1	4101	2	0	4000	other	0
kh02	275	Picture	teS	8542612	6101	1	4001	2	6000	20000	incorrect	836
kh02	275A	Response	1	8546561	0	1
kh02	275A	Response	2	8547401	840	1
kh02	276	Picture	fix	8564415	0	1	4100	3	0	4000	other	0
kh02	276	Picture	reV	8570516	6101	1	3600	2	6000	20000	hit	840
kh02	276	Response	1	8574072	9657	1
kh02	277	Picture	fix	8591118	0	2	4101	3	0	4000	other	0
kh02	277	Picture	deS	8597219	6101	1	3701	2	6000	20000	incorrect	843
kh02	277	Response	1	8600851	9733	1
kh02	278	Picture	fix	8619122	0	1	800	2	0	4000	other	0
kh02	278	Response	1	8619873	751	1
kh02	279	Picture	fix	8638125	0	1	4100	2	0	4000	other	0
kh02	279	Picture	keS	8644225	6100	1	5601	2	6000	20000	hit	848
kh02	279	Response	2	8649780	11655	1
kh02	280	Picture	fix	8666828	0	1	4101	2	0	4000	other	0
kh02	280	Picture	meS	8672929	6101	1	5901	2	6000	20000	hit	851
kh02	280	Response	2	8678754	11926	1
kh02	280	Response	1	8678851	12023	1
kh02	281	Picture	fix	8695832	0	1	4101	2	0	4000	other	0
kh02	281	Picture	seV	8701933	6101	1	5901	2	6000	20000	hit	855
kh02	281	Response	1	8707786	11954	1
kh02	282	Picture	fix	8724836	0	1	4100	2	0	4000	other	0
kh02	282	Picture	neV	8730937	6101	1	4400	2	6000	20000	hit	858
kh02	282	Response	1	8735269	10433	1
kh02	283	Picture	fix	8752339	0	2	4101	3	0	4000	other	0
kh02	283	Picture	neS	8758440	6101	1	3801	2	6000	20000	hit	861
kh02	283	Response	2	8762198	9859	1
kh02	283	Response	1	8762764	10425	1
kh02	284	Picture	fix	8779243	0	1	4100	3	0	4000	other	0
kh02	284	Picture	leV	8785344	6101	1	4200	2	6000	20000	hit	865
kh02	284	Response	1	8789524	10281	1
kh02	285	Picture	fix	8806546	0	2	4101	3	0	4000	other	0
kh02	285	Picture	meV	8812647	6101	1	4501	2	6000	20000	hit	868
kh02	285	Response	1	8817087	10541	2
kh02	286	Picture	fix	8834150	0	1	4101	2	0	4000	other	0
kh02	286	Picture	meV	8840251	6101	1	4100	2	6000	20000	hit	871
kh02	286	Response	1	8844325	10175	1
kh02	287	Picture	fix	8861354	0	1	4100	2	0	4000	other	0
kh02	287	Picture	neS	8867454	6100	1	3701	2	6000	20000	hit	874
kh02	287	Response	2	8871110	9756	1
kh02	288	Picture	fix	8888157	0	1	4101	2	0	4000	other	0
kh02	288	Picture	seV	8894258	6101	1	4000	2	6000	20000	hit	877
kh02	288	Response	1	8898192	10035	1
kh02	289	Picture	fix	8915261	0	1	4100	2	0	4000	other	0
kh02	289	Picture	seS	8921361	6100	2	4301	3	6000	20000	hit	880
kh02	289	Response	2	8925593	10332	2
kh02	290	Picture	fix	8942664	0	1	4101	2	0	4000	other	0
kh02	290	Picture	neS	8948765	6101	1	5001	2	6000	20000	hit	883
kh02	290	Response	2	8953671	11007	1
kh02	291	Picture	fix	8970768	0	1	4100	2	0	4000	other	0
kh02	291	Picture	keV	8976869	6101	1	4300	2	6000	20000	hit	886
kh02	291	Response	1	8981070	10302	1
kh02	292	Picture	fix	8998171	0	2	4101	3	0	4000	other	0
kh02	292	Picture	meS	9004272	6101	1	4301	2	6000	20000	hit	889
kh02	292	Response	2	9008470	10299	1
kh02	293	Picture	fix	9025575	0	1	4100	3	0	4000	other	0
kh02	293	Picture	peS	9031676	6101	1	3700	2	6000	20000	hit	892
kh02	293	Response	2	9035350	9775	1
kh02	294	Picture	fix	9052378	0	2	4101	3	0	4000	other	0
kh02	294	Picture	deV	9058479	6101	1	4101	2	6000	20000	hit	895
kh02	294	Response	1	9062521	10143	1
kh02	295	Picture	fix	9079582	0	1	4100	3	0	4000	other	0
kh02	295	Picture	peS	9085683	6101	1	3700	2	6000	20000	hit	898
kh02	295	Response	2	9089353	9771	1
kh02	296	Picture	fix	9106385	0	2	4101	3	0	4000	other	0
kh02	296	Picture	reS	9112486	6101	1	4701	2	6000	20000	hit	901
kh02	296	Response	2	9117139	10754	1
kh02	297	Picture	fix	9134189	0	1	4101	2	0	4000	other	0
kh02	297	Picture	deS	9140290	6101	1	3800	2	6000	20000	hit	904
kh02	297	Response	2	9144076	9887	1
kh02	298	Picture	fix	9161093	0	1	4100	2	0	4000	other	0
kh02	298	Picture	teV	9167193	6100	1	3901	2	6000	20000	hit	907
kh02	298	Response	1	9171050	9957	1
kh02	299	Picture	fix	9188096	0	1	4101	2	0	4000	other	0
kh02	299	Picture	neS	9194197	6101	1	4700	3	6000	20000	hit	910
kh02	299	Response	2	9198828	10732	1
kh02	300	Picture	fix	9215900	0	1	4100	2	0	4000	other	0
kh02	300	Picture	leS	9222000	6100	2	4201	3	6000	20000	hit	913
kh02	300	Response	2	9226157	10257	1
kh02	301	Picture	fix	9243203	0	1	4101	2	0	4000	other	0
kh02	301	Picture	keV	9249304	6101	1	3401	2	6000	20000	hit	916
kh02	301	Response	1	9252601	9398	1
kh02	302	Picture	fix	9269707	0	1	4100	2	0	4000	other	0
kh02	302	Picture	teV	9275808	6101	1	4400	2	6000	20000	hit	919
kh02	302	Response	1	9280146	10439	2
kh02	303	Picture	fix	9297210	0	1	4101	2	0	4000	other	0
kh02	303	Picture	reS	9303311	6101	1	3601	2	6000	20000	hit	922
kh02	303	Response	2	9306859	9649	1
kh02	304	Picture	fix	9323914	0	1	4100	2	0	4000	other	0
kh02	304	Picture	seV	9330015	6101	1	3400	2	6000	20000	hit	925
kh02	304	Response	1	9333334	9420	2
kh02	305	Picture	fix	9350417	0	1	4101	2	0	4000	other	0
kh02	305	Picture	meS	9356518	6101	1	4101	2	6000	20000	hit	928
kh02	305	Response	2	9360596	10179	1
kh02	306	Picture	fix	9377621	0	1	4100	2	0	4000	other	0
kh02	306	Picture	meV	9383722	6101	1	3900	2	6000	20000	hit	931
kh02	306	Response	1	9387571	9950	2
kh02	307	Picture	fix	9404624	0	1	4101	2	0	4000	other	0
kh02	307	Picture	keS	9410725	6101	1	3901	2	6000	20000	hit	934
kh02	307	Response	2	9414529	9905	1
kh02	308	Picture	fix	9431628	0	1	4100	2	0	4000	other	0
kh02	308	Picture	leS	9437729	6101	1	4200	2	6000	20000	hit	937
kh02	308	Response	2	9441823	10195	1
kh02	309	Picture	fix	9458931	0	1	4101	2	0	4000	other	0
kh02	309	Picture	meS	9465032	6101	1	4601	2	6000	20000	hit	940
kh02	309	Response	2	9469565	10634	1
kh02	310	Picture	fix	9486635	0	1	4100	3	0	4000	other	0
kh02	310	Picture	deV	9492736	6101	1	4500	2	6000	20000	hit	943
kh02	310	Response	1	9497133	10498	1
kh02	311	Picture	fix	9514239	0	1	4100	2	0	4000	other	0
kh02	311	Picture	keV	9520339	6100	1	5001	2	6000	20000	hit	946
kh02	311	Response	1	9525243	11004	2
kh02	312	Picture	fix	9542342	0	1	4101	2	0	4000	other	0
kh02	312	Picture	peS	9548443	6101	1	3600	3	6000	20000	hit	949
kh02	312	Response	2	9552002	9660	2
kh02	313	Picture	fix	9569042	0	10	4104	11	0	4000	other	0
kh02	313	Picture	keS	9575146	6104	2	4801	3	6000	20000	hit	952
kh02	313	Response	2	9579875	10833	1
kh02	314	Picture	fix	9596949	0	1	4101	2	0	4000	other	0
kh02	314	Picture	peS	9603050	6101	1	3801	2	6000	20000	hit	955
kh02	314	Response	2	9606810	9861	5
kh02	315	Picture	fix	9623853	0	1	4100	2	0	4000	other	0
kh02	315	Picture	leS	9629954	6101	1	4100	2	6000	20000	hit	958
kh02	315	Response	2	9633999	10146	2
kh02	316	Picture	fix	9651056	0	1	4101	2	0	4000	other	0
kh02	316	Picture	deS	9657157	6101	1	3901	2	6000	20000	hit	961
kh02	316	Response	2	9660963	9907	1
kh02	317	Picture	fix	9678060	0	1	4100	2	0	4000	other	0
kh02	317	Picture	neV	9684161	6101	1	4100	2	6000	20000	hit	964
kh02	317	Response	1	9688169	10109	1
kh02	318	Picture	fix	9705263	0	2	4101	3	0	4000	other	0
kh02	318	Picture	meV	9711364	6101	1	4101	2	6000	20000	hit	967
kh02	318	Response	1	9715386	10123	1
kh02	319	Picture	fix	9732467	0	1	4100	3	0	4000	other	0
kh02	319	Picture	deS	9738568	6101	1	3600	2	6000	20000	hit	970
kh02	319	Response	2	9742088	9621	1
kh02	320	Picture	fix	9759170	0	2	4101	3	0	4000	other	0
kh02	320	Picture	leV	9765271	6101	1	4101	2	6000	20000	hit	973
kh02	320	Response	1	9769326	10156	2
kh02	321	Picture	fix	9786374	0	1	4100	3	0	4000	other	0
kh02	321	Picture	teV	9792475	6101	1	3900	2	6000	20000	hit	976
kh02	321	Response	1	9796340	9966	1
kh02	322	Picture	fix	9813377	0	2	4101	3	0	4000	other	0
kh02	322	Picture	reV	9819478	6101	1	4001	2	6000	20000	hit	979
kh02	322	Response	1	9823439	10062	1
kh02	323	Picture	fix	9840481	0	1	4100	3	0	4000	other	0
kh02	323	Picture	teS	9846582	6101	1	4300	2	6000	20000	hit	982
kh02	323	Response	2	9850826	10345	1
kh02	324	Picture	fix	9867885	0	1	4100	2	0	4000	other	0
kh02	324	Picture	seS	9873985	6100	1	4201	2	6000	20000	hit	985
kh02	324	Response	2	9878163	10278	1
kh02	325	Picture	fix	9895188	0	1	4101	2	0	4000	other	0
kh02	325	Picture	seS	9901289	6101	1	4700	3	6000	20000	hit	988
kh02	325	Response	2	9905883	10695	1
kh02	326	Picture	fix	9922992	0	1	4100	2	0	4000	other	0
kh02	326	Picture	teV	9929093	6101	1	3900	2	6000	20000	hit	991
kh02	326	Response	1	9932958	9966	1
kh02	327	Picture	fix	9949995	0	1	4101	2	0	4000	other	0
kh02	327	Picture	peV	9956096	6101	1	4201	2	6000	20000	hit	994
kh02	327	Response	1	9960277	10282	1
kh02	328	Picture	fix	9977299	0	1	4100	2	0	4000	other	0
kh02	328	Picture	teS	9983400	6101	1	3700	2	6000	20000	hit	997
kh02	328	Response	2	9987026	9727	1
kh02	329	Picture	fix	10004102	0	1	4101	2	0	4000	other	0
kh02	329	Picture	deS	10010203	6101	1	4401	2	6000	20000	hit	1000
kh02	329	Response	2	10014546	10444	1
kh02	330	Picture	fix	10031606	0	1	4100	2	0	4000	other	0
kh02	330	Picture	keS	10037707	6101	1	4000	2	6000	20000	hit	1003
kh02	330	Response	2	10041624	10018	1
kh02	331	Picture	fix	10058709	0	1	4101	2	0	4000	other	0
kh02	331	Picture	reV	10064810	6101	1	6501	2	6000	20000	hit	1006
kh02	331	Response	1	10071214	12505	1
kh02	332	Picture	fix	10088313	0	1	4101	2	0	4000	other	0
kh02	332	Picture	teV	10094414	6101	1	4301	2	6000	20000	hit	1009
kh02	332	Response	1	10098656	10343	1
kh02	333	Picture	fix	10115717	0	1	4100	2	0	4000	other	0
kh02	333	Picture	teV	10121818	6101	1	3900	2	6000	20000	hit	1012
kh02	333	Response	1	10125696	9979	1
kh02	334	Picture	fix	10142720	0	1	4101	2	0	4000	other	0
kh02	334	Picture	neS	10148821	6101	1	3601	2	6000	20000	hit	1015
kh02	334	Response	2	10152409	9689	1
kh02	335	Picture	fix	10169424	0	1	4100	2	0	4000	other	0
kh02	335	Picture	neV	10175525	6101	1	3800	2	6000	20000	hit	1018
kh02	335	Response	1	10179265	9841	2
kh02	336	Picture	fix	10196327	0	1	4101	2	0	4000	other	0
kh02	336	Picture	neV	10202428	6101	1	5801	2	6000	20000	hit	1021
kh02	336	Response	1	10208138	11811	1
kh02	337	Picture	fix	10225231	0	1	4101	2	0	4000	other	0
kh02	337	Picture	deV	10231332	6101	1	3900	2	6000	20000	hit	1024
kh02	337	Response	1	10235205	9974	2
kh02	338	Picture	fix	10252235	0	1	4100	2	0	4000	other	0
kh02	338	Picture	peS	10258335	6100	1	4001	2	6000	20000	hit	1027
kh02	338	Response	2	10262291	10056	2
kh02	339	Picture	fix	10279338	0	1	4101	2	0	4000	other	0
kh02	339	Picture	deS	10285439	6101	1	4200	3	6000	20000	hit	1030
kh02	339	Response	2	10289572	10234	1
kh02	340	Picture	fix	10306642	0	1	4100	2	0	4000	other	0
kh02	340	Picture	meV	10312742	6100	2	5201	3	6000	20000	hit	1033
kh02	340	Response	1	10317886	11244	1
kh02	341	Picture	fix	10334945	0	1	4101	2	0	4000	other	0
kh02	341	Picture	keV	10341046	6101	1	4301	2	6000	20000	hit	1036
kh02	341	Response	1	10345278	10333	1
kh02	342	Picture	fix	10362349	0	1	4100	3	0	4000	other	0
kh02	342	Picture	meV	10368450	6101	1	4100	2	6000	20000	hit	1039
kh02	342	Response	1	10372531	10182	1
kh02	343	Picture	fix	10389552	0	2	4101	3	0	4000	other	0
kh02	343	Picture	meS	10395653	6101	1	4601	2	6000	20000	hit	1042
kh02	343	Response	2	10400166	10614	1
kh02	344	Picture	fix	10417256	0	1	4100	3	0	4000	other	0
kh02	344	Picture	neS	10423357	6101	1	5901	2	6000	20000	hit	1045
kh02	344	Response	2	10429170	11914	1
kh02	345	Picture	fix	10446260	0	1	4100	2	0	4000	other	0
kh02	345	Picture	keS	10452361	6101	1	4600	2	6000	20000	hit	1048
kh02	345	Response	2	10456866	10606	1
kh02	346	Picture	fix	10473963	0	2	4101	3	0	4000	other	0
kh02	346	Picture	peV	10480064	6101	1	4701	2	6000	20000	hit	1051
kh02	346	Response	1	10484696	10733	1
kh02	347	Picture	fix	10501767	0	1	4101	2	0	4000	other	0
kh02	347	Picture	deS	10507868	6101	1	4100	2	6000	20000	hit	1054
kh02	347	Response	2	10511935	10168	1
kh02	348	Picture	fix	10528971	0	1	4100	2	0	4000	other	0
kh02	348	Picture	leS	10535071	6100	1	4801	2	6000	20000	hit	1057
kh02	348	Response	2	10539771	10800	1
kh02	349	Picture	fix	10556874	0	1	4101	2	0	4000	other	0
kh02	349	Picture	leS	10562975	6101	1	4401	2	6000	20000	hit	1060
kh02	349	Response	2	10567285	10411	1
kh02	350	Picture	fix	10584378	0	1	4100	2	0	4000	other	0
kh02	350	Picture	leV	10590479	6101	1	4200	2	6000	20000	hit	1063
kh02	350	Response	1	10594618	10240	1
kh02	351	Picture	fix	10611681	0	1	4101	2	0	4000	other	0
kh02	351	Picture	deS	10617782	6101	1	4001	2	6000	20000	hit	1066
kh02	351	Response	2	10621680	9999	1
kh02	352	Picture	fix	10638785	0	1	4100	2	0	4000	other	0
kh02	352	Picture	seV	10644886	6101	1	4000	2	6000	20000	hit	1069
kh02	352	Response	1	10648833	10048	2
kh02	353	Picture	fix	10665888	0	2	4101	3	0	4000	other	0
kh02	353	Picture	deV	10671989	6101	1	4201	2	6000	20000	hit	1072
kh02	353	Response	1	10676139	10251	1
kh02	354	Picture	fix	10693192	0	1	4100	3	0	4000	other	0
kh02	354	Picture	leS	10699293	6101	1	4300	2	6000	20000	hit	1075
kh02	354	Response	2	10703548	10356	1
kh02	355	Picture	fix	10720595	0	2	4101	3	0	4000	other	0
kh02	355	Picture	meS	10726696	6101	1	6701	2	6000	20000	hit	1078
kh02	355	Response	2	10733374	12779	1
kh02	356	Picture	fix	10750399	0	1	4101	2	0	4000	other	0
kh02	356	Picture	neS	10756500	6101	1	5401	2	6000	20000	hit	1081
kh02	356	Response	2	10761861	11462	2
kh02	357	Picture	fix	10778903	0	1	4101	2	0	4000	other	0
kh02	357	Picture	keS	10785004	6101	1	3900	2	6000	20000	hit	1084
kh02	357	Response	2	10788836	9933	1
kh02	358	Picture	fix	10805907	0	1	4100	2	0	4000	other	0
kh02	358	Picture	keS	10812007	6100	2	4001	3	6000	20000	hit	1087
kh02	358	Response	2	10815980	10073	1
kh02	359	Picture	fix	10833010	0	1	4101	2	0	4000	other	0
kh02	359	Picture	deS	10839111	6101	1	4400	3	6000	20000	hit	1090
kh02	359	Response	2	10843422	10412	1
kh02	360	Picture	fix	10860514	0	1	4100	2	0	4000	other	0
kh02	360	Picture	reS	10866614	6100	2	4001	3	6000	20000	hit	1093
kh02	360	Response	2	10870601	10087	1
kh02	361	Picture	fix	10887617	0	1	4101	2	0	4000	other	0
kh02	361	Picture	meS	10893718	6101	1	4101	2	6000	20000	hit	1096
kh02	361	Response	2	10897803	10186	1
kh02	362	Picture	fix	10914821	0	1	4100	2	0	4000	other	0
kh02	362	Picture	seS	10920922	6101	1	3600	2	6000	20000	hit	1099
kh02	362	Response	2	10924467	9646	1
kh02	363	Picture	fix	10941524	0	1	4101	2	0	4000	other	0
kh02	363	Picture	deV	10947625	6101	1	4201	2	6000	20000	hit	1102
kh02	363	Response	1	10951747	10223	1
kh02	364	Picture	fix	10968828	0	1	4100	2	0	4000	other	0
kh02	364	Picture	meV	10974929	6101	1	4100	2	6000	20000	hit	1105
kh02	364	Response	1	10978999	10171	1
kh02	365	Picture	fix	10996031	0	2	4101	3	0	4000	other	0
kh02	365	Picture	reS	11002132	6101	1	3801	2	6000	20000	hit	1108
kh02	365	Response	2	11005902	9871	1
kh02	366	Picture	fix	11022935	0	1	4100	2	0	4000	other	0
kh02	366	Picture	leV	11029036	6101	1	6000	2	6000	20000	hit	1111
kh02	366	Response	1	11034941	12006	1
kh02	367	Picture	fix	11052039	0	1	4100	2	0	4000	other	0
kh02	367	Picture	neS	11058139	6100	2	4101	3	6000	20000	hit	1114
kh02	367	Response	2	11062185	10146	1
kh02	368	Picture	fix	11079242	0	1	4101	2	0	4000	other	0
kh02	368	Picture	deS	11085343	6101	1	4200	3	6000	20000	hit	1117
kh02	368	Response	2	11089467	10225	1
kh02	369	Picture	fix	11106546	0	1	4100	2	0	4000	other	0
kh02	369	Picture	teV	11112646	6100	2	3801	3	6000	20000	hit	1120
kh02	369	Response	1	11116380	9834	1
kh02	370	Picture	fix	11133449	0	1	4101	2	0	4000	other	0
kh02	370	Picture	deS	11139550	6101	1	3300	2	6000	20000	hit	1123
kh02	370	Response	2	11142781	9332	1
kh02	371	Picture	fix	11159853	0	1	4100	2	0	4000	other	0
kh02	371	Picture	reV	11165953	6100	2	4301	3	6000	20000	hit	1126
kh02	371	Response	1	11170203	10350	2
kh02	372	Picture	fix	11187256	0	1	4101	2	0	4000	other	0
kh02	372	Picture	keV	11193357	6101	1	4601	2	6000	20000	hit	1129
kh02	372	Response	1	11197877	10621	1
kh02	373	Picture	fix	11214960	0	1	4100	2	0	4000	other	0
kh02	373	Picture	meV	11221061	6101	1	4400	2	6000	20000	hit	1132
kh02	373	Response	1	11225416	10456	1
kh02	374	Picture	fix	11242463	0	2	4101	3	0	4000	other	0
kh02	374	Picture	neS	11248564	6101	1	3701	2	6000	20000	hit	1135
kh02	374	Response	2	11252177	9714	1
kh02	375	Picture	fix	11269267	0	1	4100	3	0	4000	other	0
kh02	375	Picture	reV	11275368	6101	1	4400	2	6000	20000	hit	1138
kh02	375	Response	1	11279708	10441	1
kh02	376	Picture	fix	11296770	0	2	4101	3	0	4000	other	0
kh02	376	Picture	keV	11302871	6101	1	4101	2	6000	20000	hit	1141
kh02	376	Response	1	11306950	10180	1
kh02	377	Picture	fix	11323974	0	1	4101	2	0	4000	other	0
kh02	377	Picture	peS	11330075	6101	1	3400	2	6000	20000	hit	1144
kh02	377	Response	2	11333374	9400	1
kh02	378	Picture	fix	11350477	0	2	4101	3	0	4000	other	0
kh02	378	Picture	deS	11356578	6101	1	4201	2	6000	20000	hit	1147
kh02	378	Response	2	11360699	10222	1
kh02	379	Picture	fix	11377781	0	1	4101	2	0	4000	other	0
kh02	379	Picture	deS	11383882	6101	1	4400	2	6000	20000	hit	1150
kh02	379	Response	2	11388175	10394	2
kh02	380	Picture	fix	11405285	0	1	4100	2	0	4000	other	0
kh02	380	Picture	keV	11411385	6100	2	5901	3	6000	20000	hit	1153
kh02	380	Response	1	11417202	11917	1
kh02	381	Picture	fix	11434288	0	2	4101	3	0	4000	other	0
kh02	381	Picture	reS	11440389	6101	1	4401	2	6000	20000	hit	1156
kh02	381	Response	2	11444708	10420	1
kh02	382	Picture	fix	11461792	0	1	4100	3	0	4000	other	0
kh02	382	Picture	leV	11467893	6101	1	4000	2	6000	20000	hit	1159
kh02	382	Response	1	11471865	10073	1
kh02	383	Picture	fix	11488895	0	2	4101	3	0	4000	other	0
kh02	383	Picture	leS	11494996	6101	1	3501	2	6000	20000	hit	1162
kh02	383	Response	2	11498406	9511	1
kh02	384	Picture	fix	11515499	0	1	4100	3	0	4000	other	0
kh02	384	Picture	neV	11521600	6101	1	5000	2	6000	20000	hit	1165
kh02	384	Response	1	11526578	11079	1
kh02	385	Picture	fix	11543603	0	1	4100	2	0	4000	other	0
kh02	385	Picture	deV	11549703	6100	2	4801	3	6000	20000	hit	1168
kh02	385	Response	1	11554411	10808	1
kh02	386	Picture	fix	11571506	0	1	4101	2	0	4000	other	0
kh02	386	Picture	leS	11577607	6101	1	3800	3	6000	20000	hit	1171
kh02	386	Response	2	11581386	9880	1
kh02	387	Picture	fix	11598410	0	1	4100	2	0	4000	other	0
kh02	387	Picture	keS	11604511	6101	1	3900	2	6000	20000	hit	1174
kh02	387	Response	2	11608316	9906	1
kh02	388	Picture	fix	11625413	0	1	4101	2	0	4000	other	0
kh02	388	Picture	keS	11631514	6101	1	4101	2	6000	20000	hit	1177
kh02	388	Response	2	11635521	10108	1
kh02	389	Picture	fix	11652617	0	1	4100	2	0	4000	other	0
kh02	389	Picture	peV	11658718	6101	1	4200	2	6000	20000	hit	1180
kh02	389	Response	1	11662836	10219	2
kh02	390	Picture	fix	11679920	0	1	4101	2	0	4000	other	0
kh02	390	Picture	reS	11686021	6101	1	4301	2	6000	20000	hit	1183
kh02	390	Response	2	11690265	10345	1
kh02	391	Picture	fix	11707324	0	1	4100	3	0	4000	other	0
kh02	391	Picture	reS	11713425	6101	1	3400	2	6000	20000	hit	1186
kh02	391	Response	2	11716802	9478	2
kh02	392	Picture	fix	11733827	0	1	4101	2	0	4000	other	0
kh02	392	Picture	keS	11739928	6101	1	3701	2	6000	20000	hit	1189
kh02	392	Response	2	11743565	9738	2
kh02	393	Picture	fix	11760631	0	1	4100	2	0	4000	other	0
kh02	393	Picture	reS	11766732	6101	1	4096	7	6000	20000	hit	1192
kh02	393	Response	2	11770799	10168	1
kh02	394	Picture	fix	11787834	0	2	4101	3	0	4000	other	0
kh02	394	Picture	neS	11793935	6101	1	3901	2	6000	20000	hit	1195
kh02	394	Response	2	11797802	9968	1
kh02	395	Picture	fix	11814838	0	1	4100	3	0	4000	other	0
kh02	395	Picture	seV	11820939	6101	1	4200	2	6000	20000	hit	1198
kh02	395	Response	1	11825041	10203	1
kh02	396	Picture	fix	11842141	0	2	4101	3	0	4000	other	0
kh02	396	Picture	reS	11848242	6101	1	3701	2	6000	20000	hit	1201
kh02	396	Response	2	11851834	9693	1
kh02	397	Picture	fix	11868845	0	1	4100	3	0	4000	other	0
kh02	397	Picture	leV	11874946	6101	1	3900	2	6000	20000	hit	1204
kh02	397	Response	1	11878799	9954	1
kh02	398	Picture	fix	11895848	0	2	4101	3	0	4000	other	0
kh02	398	Picture	meV	11901949	6101	1	4401	2	6000	20000	hit	1207
kh02	398	Response	1	11906251	10403	1
kh02	399	Picture	fix	11923352	0	1	4101	2	0	4000	other	0
kh02	399	Picture	reS	11929453	6101	1	4200	2	6000	20000	hit	1210
kh02	399	Response	2	11933638	10286	2
kh02	400	Picture	fix	11950656	0	1	4100	2	0	4000	other	0
kh02	400	Picture	seS	11956756	6100	1	4201	2	6000	20000	hit	1213
kh02	400	Response	2	11960933	10277	1
kh02	401	Picture	fix	11977959	0	1	4101	2	0	4000	other	0
kh02	401	Picture	deS	11984060	6101	1	3700	2	6000	20000	hit	1216
kh02	401	Response	2	11987746	9787	2
kh02	402	Picture	fix	12004763	0	1	4100	2	0	4000	other	0
kh02	402	Picture	peS	12010863	6100	2	4001	3	6000	20000	hit	1219
kh02	402	Response	2	12014794	10031	1
kh02	403	Picture	fix	12031866	0	1	4101	2	0	4000	other	0
kh02	403	Picture	reV	12037967	6101	1	5901	2	6000	20000	hit	1222
kh02	403	Response	1	12043809	11943	1
kh02	404	Picture	fix	12060870	0	1	4100	2	0	4000	other	0
kh02	404	Picture	neV	12066971	6101	1	4400	2	6000	20000	hit	1225
kh02	404	Response	1	12071300	10430	1
kh02	405	Picture	fix	12088373	0	2	4101	3	0	4000	other	0
kh02	405	Picture	leS	12094474	6101	1	4101	2	6000	20000	hit	1228
kh02	405	Response	2	12098526	10153	1
kh02	406	Picture	fix	12115577	0	1	4100	3	0	4000	other	0
kh02	406	Picture	seS	12121678	6101	1	4000	2	6000	20000	hit	1231
kh02	406	Response	2	12125598	10021	1
kh02	407	Picture	fix	12142681	0	1	4100	2	0	4000	other	0
kh02	407	Picture	deV	12148781	6100	1	4201	2	6000	20000	hit	1234
kh02	407	Response	1	12152890	10209	1
kh02	408	Response	3	12359432	189448	1
kh02	409	Picture	fix	12376511	0	1	4100	3	0	4000	other	0
kh02	409	Picture	deV	12382612	6101	1	4700	2	6000	20000	hit	1238
kh02	409	Response	1	12387265	10754	2
kh02	410	Picture	fix	12404315	0	1	4100	2	0	4000	other	0
kh02	410	Picture	seS	12410415	6100	2	4001	3	6000	20000	hit	1241
kh02	410	Response	2	12414319	10004	1
kh02	411	Picture	fix	12431418	0	1	4101	2	0	4000	other	0
kh02	411	Picture	peV	12437519	6101	1	4200	3	6000	20000	hit	1244
kh02	411	Response	1	12441663	10245	1
kh02	412	Picture	fix	12458722	0	1	4100	2	0	4000	other	0
kh02	412	Picture	keS	12464822	6100	2	3801	3	6000	20000	hit	1247
kh02	412	Response	2	12468553	9831	2
kh02	413	Picture	fix	12485625	0	1	4101	2	0	4000	other	0
kh02	413	Picture	seV	12491726	6101	1	4000	3	6000	20000	hit	1250
kh02	413	Response	1	12495663	10038	1
kh02	414	Picture	fix	12512729	0	1	4100	2	0	4000	other	0
kh02	414	Picture	teV	12518829	6100	2	4401	3	6000	20000	hit	1253
kh02	414	Response	1	12523196	10467	2
kh02	415	Picture	fix	12540232	0	1	4101	2	0	4000	other	0
kh02	415	Picture	leV	12546333	6101	1	4001	2	6000	20000	hit	1256
kh02	415	Response	1	12550230	9998	1
kh02	416	Picture	fix	12567336	0	1	4100	2	0	4000	other	0
kh02	416	Picture	teS	12573437	6101	1	3400	2	6000	20000	hit	1259
kh02	416	Response	2	12576802	9466	1
kh02	417	Picture	fix	12593839	0	1	4101	2	0	4000	other	0
kh02	417	Picture	peV	12599940	6101	1	3800	3	6000	20000	hit	1262
kh02	417	Response	1	12603656	9817	1
kh02	418	Picture	fix	12620743	0	1	4100	2	0	4000	other	0
kh02	418	Picture	neS	12626843	6100	2	4001	3	6000	20000	hit	1265
kh02	418	Response	2	12630762	10019	1
kh02	419	Picture	fix	12647846	0	1	4101	2	0	4000	other	0
kh02	419	Picture	keS	12653947	6101	1	4201	2	6000	20000	hit	1268
kh02	419	Response	2	12658060	10214	1
kh02	420	Picture	fix	12675150	0	1	4100	2	0	4000	other	0
kh02	420	Picture	leV	12681251	6101	1	4100	2	6000	20000	hit	1271
kh02	420	Response	1	12685262	10112	1
kh02	421	Picture	fix	12702353	0	1	4101	2	0	4000	other	0
kh02	421	Picture	keV	12708454	6101	1	3901	2	6000	20000	hit	1274
kh02	421	Response	1	12712335	9982	1
kh02	422	Picture	fix	12729357	0	1	4100	2	0	4000	other	0
kh02	422	Picture	teS	12735458	6101	1	5200	2	6000	20000	hit	1277
kh02	422	Response	2	12740608	11251	1
kh02	423	Picture	fix	12757661	0	1	4100	2	0	4000	other	0
kh02	423	Picture	meS	12763761	6100	1	5601	2	6000	20000	hit	1280
kh02	423	Response	2	12769291	11630	1
kh02	424	Picture	fix	12786364	0	1	4101	2	0	4000	other	0
kh02	424	Picture	neV	12792465	6101	1	3901	2	6000	20000	hit	1283
kh02	424	Response	1	12796318	9954	1
kh02	425	Picture	fix	12813368	0	1	4100	2	0	4000	other	0
kh02	425	Picture	meV	12819469	6101	1	4600	2	6000	20000	hit	1286
kh02	425	Response	1	12824036	10668	2
kh02	426	Picture	fix	12841071	0	2	4101	3	0	4000	other	0
kh02	426	Picture	deS	12847172	6101	1	3701	2	6000	20000	hit	1289
kh02	426	Response	2	12850832	9761	1
kh02	427	Picture	fix	12867875	0	1	4100	3	0	4000	other	0
kh02	427	Picture	seS	12873976	6101	1	4300	2	6000	20000	incorrect	1292
kh02	427	Response	1	12878179	10304	1
kh02	428	Picture	fix	12896479	0	1	4100	2	0	4000	other	0
kh02	428	Picture	neS	12902579	6100	2	4101	3	6000	20000	hit	1295
kh02	428	Response	2	12906626	10147	1
kh02	429	Picture	fix	12923682	0	1	4101	2	0	4000	other	0
kh02	429	Picture	reV	12929783	6101	1	3700	3	6000	20000	hit	1298
kh02	429	Response	1	12933453	9771	2
kh02	430	Picture	fix	12950486	0	1	4100	2	0	4000	other	0
kh02	430	Picture	reS	12956586	6100	2	3701	3	6000	20000	hit	1301
kh02	430	Response	2	12960247	9761	1
kh02	431	Picture	fix	12977289	0	1	4101	2	0	4000	other	0
kh02	431	Picture	meS	12983390	6101	1	3400	2	6000	20000	hit	1304
kh02	431	Response	2	12986690	9401	2
kh02	432	Picture	fix	13003793	0	1	4100	2	0	4000	other	0
kh02	432	Picture	seV	13009893	6100	2	4201	3	6000	20000	hit	1307
kh02	432	Response	1	13013992	10199	1
kh02	433	Picture	fix	13031096	0	1	4101	2	0	4000	other	0
kh02	433	Picture	meS	13037197	6101	1	5901	2	6000	20000	hit	1310
kh02	433	Response	2	13043000	11904	2
kh02	434	Picture	fix	13060100	0	1	4100	3	0	4000	other	0
kh02	434	Picture	reS	13066201	6101	1	4400	2	6000	20000	hit	1313
kh02	434	Response	2	13070589	10489	2
kh02	435	Picture	fix	13087603	0	2	4101	3	0	4000	other	0
kh02	435	Picture	deV	13093704	6101	1	3801	2	6000	20000	hit	1316
kh02	435	Response	1	13097488	9885	1
kh02	436	Picture	fix	13114507	0	1	4100	3	0	4000	other	0
kh02	436	Picture	peS	13120608	6101	1	3200	2	6000	20000	hit	1319
kh02	436	Response	2	13123737	9230	1
kh02	437	Picture	fix	13140810	0	2	4101	3	0	4000	other	0
kh02	437	Picture	deV	13146911	6101	1	3901	2	6000	20000	hit	1322
kh02	437	Response	1	13150710	9900	1
kh02	438	Picture	fix	13167814	0	1	4100	3	0	4000	other	0
kh02	438	Picture	seV	13173915	6101	1	4200	2	6000	20000	hit	1325
kh02	438	Response	1	13178058	10244	2
kh02	439	Picture	fix	13195117	0	2	4101	3	0	4000	other	0
kh02	439	Picture	deS	13201218	6101	1	3701	2	6000	20000	hit	1328
kh02	439	Response	2	13204889	9772	2
kh02	440	Picture	fix	13221921	0	1	4101	2	0	4000	other	0
kh02	440	Picture	leV	13228022	6101	1	4000	2	6000	20000	hit	1331
kh02	440	Response	1	13231946	10025	1
kh02	441	Picture	fix	13249024	0	2	4101	3	0	4000	other	0
kh02	441	Picture	meS	13255125	6101	1	3901	2	6000	20000	hit	1334
kh02	441	Response	2	13258934	9910	2
kh02	442	Picture	fix	13276028	0	1	4101	2	0	4000	other	0
kh02	442	Picture	meS	13282129	6101	1	4300	2	6000	20000	hit	1337
kh02	442	Response	2	13286330	10302	2
kh02	443	Picture	fix	13303432	0	1	4100	2	0	4000	other	0
kh02	443	Picture	peV	13309532	6100	2	4001	3	6000	20000	hit	1340
kh02	443	Response	1	13313517	10085	1
kh02	444	Picture	fix	13330535	0	1	4101	2	0	4000	other	0
kh02	444	Picture	reV	13336636	6101	1	4400	3	6000	20000	hit	1343
kh02	444	Response	1	13340993	10458	2
kh02	445	Picture	fix	13358039	0	1	4100	2	0	4000	other	0
kh02	445	Picture	deV	13364139	6100	2	4401	3	6000	20000	hit	1346
kh02	445	Response	1	13368474	10435	1
kh02	446	Picture	fix	13385542	0	1	4101	2	0	4000	other	0
kh02	446	Picture	meV	13391643	6101	1	4401	2	6000	20000	hit	1349
kh02	446	Response	1	13396024	10482	1
kh02	447	Picture	fix	13413046	0	1	4100	2	0	4000	other	0
kh02	447	Picture	leS	13419147	6101	1	4800	2	6000	20000	hit	1352
kh02	447	Response	2	13423936	10890	1
kh02	448	Picture	fix	13440949	0	2	4101	3	0	4000	other	0
kh02	448	Picture	keS	13447050	6101	1	4601	2	6000	20000	hit	1355
kh02	448	Response	2	13451562	10613	1
kh02	449	Picture	fix	13468653	0	1	4101	2	0	4000	other	0
kh02	449	Picture	neV	13474754	6101	1	3800	2	6000	20000	hit	1358
kh02	449	Response	1	13478543	9890	2
kh02	450	Picture	fix	13495557	0	1	4100	2	0	4000	other	0
kh02	450	Picture	seS	13501657	6100	1	3401	2	6000	20000	hit	1361
kh02	450	Response	2	13504956	9399	1
kh02	451	Picture	fix	13522060	0	1	4101	2	0	4000	other	0
kh02	451	Picture	teV	13528161	6101	1	4600	2	6000	20000	hit	1364
kh02	451	Response	1	13532714	10654	1
kh02	452	Picture	fix	13549764	0	1	4100	2	0	4000	other	0
kh02	452	Picture	keS	13555864	6100	2	4001	3	6000	20000	hit	1367
kh02	452	Response	2	13559831	10067	2
kh02	453	Picture	fix	13576867	0	1	4101	2	0	4000	other	0
kh02	453	Picture	reV	13582968	6101	1	3800	3	6000	20000	hit	1370
kh02	453	Response	1	13586694	9827	1
kh02	454	Picture	fix	13603771	0	1	4100	2	0	4000	other	0
kh02	454	Picture	neV	13609871	6100	2	4101	3	6000	20000	hit	1373
kh02	454	Response	1	13613902	10131	1
kh02	455	Picture	fix	13630974	0	1	4101	2	0	4000	other	0
kh02	455	Picture	teS	13637075	6101	1	4000	3	6000	20000	hit	1376
kh02	455	Response	2	13640973	9999	1
kh02	456	Picture	fix	13658078	0	1	4100	2	0	4000	other	0
kh02	456	Picture	reV	13664178	6100	2	3401	3	6000	20000	hit	1379
kh02	456	Response	1	13667500	9422	1
kh02	457	Picture	fix	13684581	0	1	4101	2	0	4000	other	0
kh02	457	Picture	neV	13690682	6101	1	5001	2	6000	20000	hit	1382
kh02	457	Response	1	13695639	11058	1
kh02	458	Picture	fix	13712685	0	1	4100	2	0	4000	other	0
kh02	458	Picture	neS	13718786	6101	1	3700	2	6000	20000	hit	1385
kh02	458	Response	2	13722446	9761	1
kh02	459	Picture	fix	13739488	0	1	4101	2	0	4000	other	0
kh02	459	Picture	neV	13745589	6101	1	3601	2	6000	20000	hit	1388
kh02	459	Response	1	13749128	9640	1
kh02	460	Picture	fix	13766192	0	1	4100	2	0	4000	other	0
kh02	460	Picture	reS	13772293	6101	1	3900	2	6000	20000	hit	1391
kh02	460	Response	2	13776108	9916	1
kh02	461	Picture	fix	13793195	0	1	4101	2	0	4000	other	0
kh02	461	Picture	deS	13799296	6101	1	4701	2	6000	20000	hit	1394
kh02	461	Response	2	13803908	10713	1
kh02	462	Picture	fix	13820999	0	1	4100	3	0	4000	other	0
kh02	462	Picture	peV	13827100	6101	1	3700	2	6000	20000	hit	1397
kh02	462	Response	1	13830723	9724	1
kh02	463	Picture	fix	13847802	0	2	4101	3	0	4000	other	0
kh02	463	Picture	meS	13853903	6101	1	4101	2	6000	20000	hit	1400
kh02	463	Response	2	13857918	10116	1
kh02	464	Picture	fix	13875006	0	1	4100	3	0	4000	other	0
kh02	464	Picture	meS	13881107	6101	1	5000	3	6000	20000	hit	1403
kh02	464	Response	2	13886064	11058	2
kh02	465	Picture	fix	13903110	0	1	4100	2	0	4000	other	0
kh02	465	Picture	neV	13909210	6100	2	4501	3	6000	20000	hit	1406
kh02	465	Response	1	13913699	10589	2
kh02	466	Picture	fix	13930713	0	1	4101	2	0	4000	other	0
kh02	466	Picture	leV	13936814	6101	1	3900	3	6000	20000	hit	1409
kh02	466	Response	1	13940641	9928	1
kh02	467	Picture	fix	13957717	0	1	4100	2	0	4000	other	0
kh02	467	Picture	teS	13963817	6100	2	4401	3	6000	20000	hit	1412
kh02	467	Response	2	13968176	10459	2
kh02	468	Picture	fix	13985220	0	1	4101	2	0	4000	other	0
kh02	468	Picture	meV	13991321	6101	1	4501	2	6000	20000	hit	1415
kh02	468	Response	1	13995738	10518	2
kh02	469	Picture	fix	14012824	0	1	4100	3	0	4000	other	0
kh02	469	Picture	keS	14018925	6101	1	4100	2	6000	20000	hit	1418
kh02	469	Response	2	14022950	10126	2
kh02	470	Picture	fix	14040027	0	2	4101	3	0	4000	other	0
kh02	470	Picture	seV	14046128	6101	1	4001	2	6000	20000	hit	1421
kh02	470	Response	1	14050065	10038	1
kh02	471	Picture	fix	14067131	0	1	4100	3	0	4000	other	0
kh02	471	Picture	meS	14073232	6101	1	3200	2	6000	20000	hit	1424
kh02	471	Response	2	14076367	9236	1
kh02	472	Picture	fix	14093434	0	2	4101	3	0	4000	other	0
kh02	472	Picture	peV	14099535	6101	1	4101	2	6000	20000	hit	1427
kh02	472	Response	1	14103617	10183	1
kh02	473	Picture	fix	14120638	0	1	4100	3	0	4000	other	0
kh02	473	Picture	keV	14126739	6101	1	3900	2	6000	20000	hit	1430
kh02	473	Response	1	14130590	9952	2
kh02	474	Picture	fix	14147641	0	2	4101	3	0	4000	other	0
kh02	474	Picture	deV	14153742	6101	1	4201	2	6000	20000	hit	1433
kh02	474	Response	1	14157870	10229	1
kh02	475	Picture	fix	14174945	0	1	4100	3	0	4000	other	0
kh02	475	Picture	teV	14181046	6101	1	3700	2	6000	20000	hit	1436
kh02	475	Response	1	14184688	9743	1
kh02	476	Picture	fix	14201748	0	2	4101	3	0	4000	other	0
kh02	476	Picture	neS	14207849	6101	1	4101	2	6000	20000	hit	1439
kh02	476	Response	2	14211870	10122	1
kh02	477	Picture	fix	14228952	0	1	4100	3	0	4000	other	0
kh02	477	Picture	deS	14235053	6101	1	7101	2	6000	20000	hit	1442
kh02	477	Response	2	14242052	13100	1
kh02	478	Picture	fix	14259156	0	1	4100	3	0	4000	other	0
kh02	478	Picture	peV	14265257	6101	1	3800	2	6000	20000	hit	1445
kh02	478	Response	1	14268980	9824	1
kh02	479	Picture	fix	14286059	0	2	4101	3	0	4000	other	0
kh02	479	Picture	neV	14292160	6101	1	3901	2	6000	20000	hit	1448
kh02	479	Response	1	14296032	9973	2
kh02	480	Picture	fix	14313063	0	1	4100	3	0	4000	other	0
kh02	480	Picture	peV	14319164	6101	1	4300	2	6000	20000	hit	1451
kh02	480	Response	1	14323387	10324	1
kh02	481	Picture	fix	14340466	0	2	4101	3	0	4000	other	0
kh02	481	Picture	seS	14346567	6101	1	4101	2	6000	20000	hit	1454
kh02	481	Response	2	14350584	10118	2
kh02	482	Picture	fix	14367670	0	1	4101	2	0	4000	other	0
kh02	482	Picture	teS	14373771	6101	1	3500	2	6000	20000	hit	1457
kh02	482	Response	2	14377183	9513	2
kh02	483	Picture	fix	14394273	0	2	4101	3	0	4000	other	0
kh02	483	Picture	seV	14400374	6101	1	3801	2	6000	20000	hit	1460
kh02	483	Response	1	14404140	9867	1
kh02	484	Picture	fix	14421177	0	1	4100	3	0	4000	other	0
kh02	484	Picture	leS	14427278	6101	1	4300	2	6000	20000	hit	1463
kh02	484	Response	2	14431530	10353	1
kh02	485	Picture	fix	14448581	0	1	4100	2	0	4000	other	0
kh02	485	Picture	seS	14454681	6100	2	4801	3	6000	20000	hit	1466
kh02	485	Response	2	14459400	10819	1
kh02	486	Picture	fix	14476484	0	1	4101	2	0	4000	other	0
kh02	486	Picture	keV	14482585	6101	1	3600	3	6000	20000	hit	1469
kh02	486	Response	1	14486082	9598	1
kh02	487	Picture	fix	14503188	0	1	4100	2	0	4000	other	0
kh02	487	Picture	teS	14509288	6100	2	4201	3	6000	20000	hit	1472
kh02	487	Response	2	14513411	10223	1
kh02	488	Picture	fix	14530491	0	1	4101	2	0	4000	other	0
kh02	488	Picture	deV	14536592	6101	1	3900	3	6000	20000	hit	1475
kh02	488	Response	1	14540446	9955	1
kh02	489	Picture	fix	14557495	0	1	4100	2	0	4000	other	0
kh02	489	Picture	neS	14563595	6100	2	5001	3	6000	20000	hit	1478
kh02	489	Response	2	14568531	11036	1
kh02	490	Picture	fix	14585598	0	2	4101	3	0	4000	other	0
kh02	490	Picture	leS	14591699	6101	1	4801	2	6000	20000	hit	1481
kh02	490	Response	2	14596393	10795	1
kh02	491	Picture	fix	14613502	0	1	4101	2	0	4000	other	0
kh02	491	Picture	reV	14619603	6101	1	3900	2	6000	20000	hit	1484
kh02	491	Response	1	14623444	9942	1
kh02	492	Picture	fix	14640506	0	1	4100	2	0	4000	other	0
kh02	492	Picture	teS	14646606	6100	1	3601	2	6000	20000	hit	1487
kh02	492	Response	2	14650113	9607	1
kh02	493	Picture	fix	14667209	0	1	4101	2	0	4000	other	0
kh02	493	Picture	keS	14673310	6101	1	3500	2	6000	20000	hit	1490
kh02	493	Response	2	14676753	9544	1
kh02	494	Picture	fix	14693812	0	2	4101	3	0	4000	other	0
kh02	494	Picture	keS	14699913	6101	1	3501	2	6000	20000	hit	1493
kh02	494	Response	2	14703331	9519	1
kh02	495	Picture	fix	14720416	0	1	4100	3	0	4000	other	0
kh02	495	Picture	meS	14726517	6101	1	3800	2	6000	20000	hit	1496
kh02	495	Response	2	14730279	9863	1
kh02	496	Picture	fix	14747319	0	2	4101	3	0	4000	other	0
kh02	496	Picture	leV	14753420	6101	1	3701	2	6000	20000	hit	1499
kh02	496	Response	1	14757095	9776	1
kh02	497	Picture	fix	14774123	0	1	4100	3	0	4000	other	0
kh02	497	Picture	leS	14780224	6101	1	6501	2	6000	20000	hit	1502
kh02	497	Response	2	14786644	12521	1
kh02	498	Picture	fix	14803727	0	1	4100	2	0	4000	other	0
kh02	498	Picture	neV	14809828	6101	1	5800	2	6000	20000	hit	1505
kh02	498	Response	1	14815568	11841	2
kh02	499	Picture	fix	14832631	0	1	4100	2	0	4000	other	0
kh02	499	Picture	keS	14838731	6100	1	4001	2	6000	20000	hit	1508
kh02	499	Response	2	14842683	10052	1
kh02	500	Picture	fix	14859734	0	1	4101	2	0	4000	other	0
kh02	500	Picture	leS	14865835	6101	1	3600	2	6000	20000	hit	1511
kh02	500	Response	2	14869328	9594	2
kh02	501	Picture	fix	14886437	0	2	4101	3	0	4000	other	0
kh02	501	Picture	seV	14892538	6101	1	3701	2	6000	20000	hit	1514
kh02	501	Response	1	14896177	9740	1
kh02	502	Picture	fix	14913241	0	1	4101	2	0	4000	other	0
kh02	502	Picture	keV	14919342	6101	1	3700	2	6000	20000	hit	1517
kh02	502	Response	1	14922949	9708	1
kh02	503	Picture	fix	14940044	0	2	4101	3	0	4000	other	0
kh02	503	Picture	seV	14946145	6101	1	4001	2	6000	20000	hit	1520
kh02	503	Response	1	14950047	10003	2
kh02	504	Picture	fix	14967148	0	1	4101	2	0	4000	other	0
kh02	504	Picture	peS	14973249	6101	1	4100	2	6000	20000	hit	1523
kh02	504	Response	2	14977336	10188	1
kh02	505	Picture	fix	14994352	0	1	4100	2	0	4000	other	0
kh02	505	Picture	peV	15000452	6100	1	3901	2	6000	20000	hit	1526
kh02	505	Response	1	15004258	9906	1
kh02	506	Picture	fix	15021355	0	1	4101	2	0	4000	other	0
kh02	506	Picture	seS	15027456	6101	1	3800	2	6000	20000	hit	1529
kh02	506	Response	2	15031171	9816	1
kh02	507	Picture	fix	15048259	0	1	4100	2	0	4000	other	0
kh02	507	Picture	meS	15054359	6100	1	4601	2	6000	20000	hit	1532
kh02	507	Response	2	15058936	10677	2
kh02	508	Picture	fix	15075962	0	1	4101	2	0	4000	other	0
kh02	508	Picture	neV	15082063	6101	1	3500	3	6000	20000	hit	1535
kh02	508	Response	1	15085534	9572	1
kh02	509	Picture	fix	15102566	0	1	4100	2	0	4000	other	0
kh02	509	Picture	leV	15108666	6100	2	3801	3	6000	20000	hit	1538
kh02	509	Response	1	15112418	9852	1
kh02	510	Picture	fix	15129469	0	1	4101	2	0	4000	other	0
kh02	510	Picture	leS	15135570	6101	1	3700	3	6000	20000	hit	1541
kh02	510	Response	2	15139214	9745	2
kh02	511	Picture	fix	15156273	0	1	4100	2	0	4000	other	0
kh02	511	Picture	meV	15162373	6100	2	3701	3	6000	20000	hit	1544
kh02	511	Response	1	15166016	9743	1
kh02	512	Picture	fix	15183076	0	1	4101	2	0	4000	other	0
kh02	512	Picture	teS	15189177	6101	1	3200	2	6000	20000	hit	1547
kh02	512	Response	2	15192345	9269	1
kh02	513	Picture	fix	15209380	0	1	4100	2	0	4000	other	0
kh02	513	Picture	meS	15215480	6100	2	4801	3	6000	20000	hit	1550
kh02	513	Response	2	15220210	10830	1
kh02	514	Picture	fix	15237283	0	1	4101	2	0	4000	other	0
kh02	514	Picture	neV	15243384	6101	1	3600	2	6000	20000	hit	1553
kh02	514	Response	1	15246956	9673	1
kh02	515	Picture	fix	15263987	0	1	4100	2	0	4000	other	0
kh02	515	Picture	keS	15270087	6100	2	3701	3	6000	20000	hit	1556
kh02	515	Response	2	15273741	9754	1
kh02	516	Picture	fix	15290790	0	1	4101	2	0	4000	other	0
kh02	516	Picture	neV	15296891	6101	1	4000	3	6000	20000	hit	1559
kh02	516	Response	1	15300879	10089	2
kh02	517	Picture	fix	15317894	0	1	4100	2	0	4000	other	0
kh02	517	Picture	reV	15323994	6100	2	4301	3	6000	20000	hit	1562
kh02	517	Response	1	15328218	10324	1
kh02	518	Picture	fix	15345297	0	1	4101	2	0	4000	other	0
kh02	518	Picture	teS	15351398	6101	1	3900	3	6000	20000	hit	1565
kh02	518	Response	2	15355246	9949	1
kh02	519	Picture	fix	15372301	0	1	4100	2	0	4000	other	0
kh02	519	Picture	peS	15378402	6101	1	4500	2	6000	20000	hit	1568
kh02	519	Response	2	15382817	10516	1
kh02	520	Picture	fix	15399904	0	1	4101	2	0	4000	other	0
kh02	520	Picture	peV	15406005	6101	1	3701	2	6000	20000	hit	1571
kh02	520	Response	1	15409663	9759	1
kh02	521	Picture	fix	15426708	0	1	4100	2	0	4000	other	0
kh02	521	Picture	keS	15432809	6101	1	3500	2	6000	20000	hit	1574
kh02	521	Response	2	15436246	9538	1
kh02	522	Picture	fix	15453311	0	1	4101	2	0	4000	other	0
kh02	522	Picture	keV	15459412	6101	1	4201	2	6000	20000	hit	1577
kh02	522	Response	1	15463549	10238	1
kh02	523	Picture	fix	15480615	0	1	4100	2	0	4000	other	0
kh02	523	Picture	neV	15486716	6101	1	3900	2	6000	20000	hit	1580
kh02	523	Response	1	15490560	9945	1
kh02	524	Picture	fix	15507618	0	1	4101	2	0	4000	other	0
kh02	524	Picture	reS	15513719	6101	1	3501	2	6000	20000	hit	1583
kh02	524	Response	2	15517183	9565	2
kh02	525	Picture	fix	15534222	0	1	4100	2	0	4000	other	0
kh02	525	Picture	deS	15540323	6101	1	4700	2	6000	20000	hit	1586
kh02	525	Response	2	15544949	10727	1
kh02	526	Picture	fix	15562025	0	2	4101	3	0	4000	other	0
kh02	526	Picture	seS	15568126	6101	1	4001	2	6000	20000	hit	1589
kh02	526	Response	2	15572081	10056	1
kh02	527	Picture	fix	15589129	0	1	4100	3	0	4000	other	0
kh02	527	Picture	teV	15595230	6101	1	4200	2	6000	20000	hit	1592
kh02	527	Response	1	15599352	10223	1
kh02	528	Picture	fix	15616432	0	2	4101	3	0	4000	other	0
kh02	528	Picture	reV	15622533	6101	1	4201	2	6000	20000	hit	1595
kh02	528	Response	1	15626691	10259	2
kh02	529	Picture	fix	15643736	0	1	4101	2	0	4000	other	0
kh02	529	Picture	teV	15649837	6101	1	4400	2	6000	20000	hit	1598
kh02	529	Response	1	15654191	10455	1
kh02	530	Picture	fix	15671240	0	1	4100	2	0	4000	other	0
kh02	530	Picture	leV	15677340	6100	2	3901	3	6000	20000	hit	1601
kh02	530	Response	1	15681229	9989	1
kh02	531	Picture	fix	15698243	0	1	4101	2	0	4000	other	0
kh02	531	Picture	seS	15704344	6101	1	4100	3	6000	20000	hit	1604
kh02	531	Response	2	15708380	10137	1
kh02	532	Picture	fix	15725447	0	1	4100	2	0	4000	other	0
kh02	532	Picture	seS	15731547	6100	2	3901	3	6000	20000	hit	1607
kh02	532	Response	2	15735373	9926	1
kh02	533	Picture	fix	15752450	0	1	4101	2	0	4000	other	0
kh02	533	Picture	keS	15758551	6101	1	4201	2	6000	20000	hit	1610
kh02	533	Response	2	15762736	10286	1
kh02	534	Picture	fix	15779754	0	1	4100	2	0	4000	other	0
kh02	534	Picture	meS	15785855	6101	1	3600	2	6000	20000	hit	1613
kh02	534	Response	2	15789364	9610	1
kh02	535	Picture	fix	15806457	0	1	4101	2	0	4000	other	0
kh02	535	Picture	reV	15812558	6101	1	3300	3	6000	20000	hit	1616
kh02	535	Response	1	15815833	9376	1
kh02	536	Picture	fix	15832861	0	1	4100	2	0	4000	other	0
kh02	536	Picture	seS	15838961	6100	2	3601	3	6000	20000	hit	1619
kh02	536	Response	2	15842529	9668	1
kh02	537	Picture	fix	15859564	0	1	4101	2	0	4000	other	0
kh02	537	Picture	keV	15865665	6101	1	3800	3	6000	20000	hit	1622
kh02	537	Response	1	15869434	9870	1
kh02	538	Picture	fix	15886468	0	1	4100	2	0	4000	other	0
kh02	538	Picture	reV	15892568	6100	2	3701	3	6000	20000	hit	1625
kh02	538	Response	1	15896211	9743	1
kh02	539	Picture	fix	15913271	0	1	4101	2	0	4000	other	0
kh02	539	Picture	teV	15919372	6101	1	4300	3	6000	20000	hit	1628
kh02	539	Response	1	15923600	10329	1
kh02	540	Picture	fix	15940675	0	1	4100	2	0	4000	other	0
kh02	540	Picture	deS	15946775	6100	2	4501	3	6000	20000	hit	1631
kh02	540	Response	2	15951173	10498	1
kh02	541	Picture	fix	15968278	0	1	4101	2	0	4000	other	0
kh02	541	Picture	reV	15974379	6101	1	3901	2	6000	20000	hit	1634
kh02	541	Response	1	15978255	9977	2
kh02	542	Picture	fix	15995282	0	1	4100	2	0	4000	other	0
kh02	542	Picture	leS	16001383	6101	1	4700	2	6000	20000	hit	1637
kh02	542	Response	2	16005977	10695	2
kh02	543	Picture	fix	16023085	0	2	4101	3	0	4000	other	0
kh02	543	Picture	neS	16029186	6101	1	3501	2	6000	20000	hit	1640
kh02	543	Response	2	16032629	9544	1
kh02	544	Picture	fix	16049689	0	1	4100	3	0	4000	other	0
kh02	544	Picture	seV	16055790	6101	1	5400	2	6000	20000	hit	1643
kh02	544	Response	1	16061133	11444	1
kh02	545	Picture	loppu	16108296	30103	2	15461	3	30000	next	other	0

The following output port codes were not sent because of a conflict on the port.
Port	Code	Time(ms)
1	1	49324.1
1	2	52112.1
1	1	79288.3
1	1	283339
1	1	514427
1	1	867885
