Scenario - Grip experiment with consonants
Logfile written - 10/17/2014 15:51:32

Subject	Trial	Event Type	Code	Time	TTime	Uncertainty	Duration	Uncertainty	ReqTime	ReqDur	Stim Type	Pair Index

kh01	1	Response	3	41427	24324	1
kh01	2	Picture	fix	58508	0	1	4100	2	0	4000	other	0
kh01	2	Picture	meS	64608	6100	2	5401	3	6000	20000	incorrect	4
kh01	2	Response	1	69986	11478	1
kh01	3	Picture	fix	88411	0	2	4101	3	0	4000	other	0
kh01	3	Picture	meV	94512	6101	1	3701	2	6000	20000	hit	7
kh01	3	Response	1	98166	9755	1
kh01	4	Picture	fix	115215	0	1	4100	2	0	4000	other	0
kh01	4	Picture	deV	121315	6100	2	3501	3	6000	20000	hit	10
kh01	4	Response	1	124776	9561	1
kh01	5	Picture	fix	141818	0	1	4100	3	0	4000	other	0
kh01	5	Picture	meV	147919	6101	1	5300	2	6000	20000	hit	13
kh01	6	Picture	fix	170221	0	2	4101	3	0	4000	other	0
kh01	6	Picture	reS	176322	6101	1	2700	3	6000	20000	hit	16
kh01	6	Response	2	178914	8693	1
kh01	7	Picture	fix	195925	0	1	4100	2	0	4000	other	0
kh01	7	Picture	peV	202025	6100	1	2901	2	6000	20000	hit	19
kh01	7	Response	1	204827	8902	1
kh01	8	Picture	fix	221928	0	1	4100	2	0	4000	other	0
kh01	8	Picture	teS	228028	6100	2	3701	3	6000	20000	hit	22
kh01	9	Picture	fix	248731	0	1	4101	2	0	4000	other	0
kh01	9	Picture	seS	254832	6101	1	3100	2	6000	20000	hit	25
kh01	9	Response	2	257867	9136	2
kh01	10	Picture	fix	274934	0	1	4101	2	0	4000	other	0
kh01	10	Picture	teS	281035	6101	1	3200	2	6000	20000	hit	28
kh01	10	Response	2	284211	9277	1
kh01	11	Picture	fix	301237	0	2	4101	3	0	4000	other	0
kh01	11	Picture	peS	307338	6101	1	3501	2	6000	20000	hit	31
kh01	11	Response	2	310779	9542	1
kh01	12	Picture	fix	327841	0	1	4100	2	0	4000	other	0
kh01	12	Picture	leS	333941	6100	2	2701	3	6000	20000	hit	34
kh01	12	Response	2	336544	8703	1
kh01	13	Picture	fix	353644	0	1	4100	3	0	4000	other	0
kh01	13	Picture	deS	359745	6101	1	3500	2	6000	20000	hit	37
kh01	13	Response	2	363159	9515	1
kh01	14	Picture	fix	380247	0	1	4101	2	0	4000	other	0
kh01	14	Picture	neS	386348	6101	1	3300	2	6000	20000	hit	40
kh01	14	Response	2	389556	9309	1
kh01	15	Picture	fix	406650	0	2	4101	3	0	4000	other	0
kh01	15	Picture	peV	412751	6101	1	2700	3	6000	20000	hit	43
kh01	15	Response	1	415423	8773	2
kh01	16	Picture	fix	432454	0	1	4100	2	0	4000	other	0
kh01	16	Picture	neV	438554	6100	1	3401	2	6000	20000	hit	46
kh01	16	Response	1	441876	9422	1
kh01	17	Picture	fix	458957	0	1	4100	2	0	4000	other	0
kh01	17	Picture	keV	465058	6101	1	4500	2	6000	20000	hit	49
kh01	17	Response	1	469517	10560	1
kh01	18	Picture	fix	486560	0	1	4101	2	0	4000	other	0
kh01	18	Picture	meS	492661	6101	1	4000	3	6000	20000	hit	52
kh01	18	Response	2	496621	10061	1
kh01	19	Picture	fix	513664	0	1	4100	2	0	4000	other	0
kh01	19	Picture	peS	519764	6100	1	3801	2	6000	20000	hit	55
kh01	19	Response	2	523493	9829	1
kh01	20	Picture	fix	540567	0	1	4100	2	0	4000	other	0
kh01	20	Picture	reV	546668	6101	1	3900	2	6000	20000	hit	58
kh01	20	Response	1	550485	9918	1
kh01	21	Picture	fix	567570	0	1	4101	2	0	4000	other	0
kh01	21	Picture	leV	573671	6101	1	2400	2	6000	20000	hit	61
kh01	21	Response	1	575982	8412	1
kh01	22	Picture	fix	593073	0	1	4101	2	0	4000	other	0
kh01	22	Picture	seV	599174	6101	1	3500	3	6000	20000	hit	64
kh01	22	Response	1	602592	9519	1
kh01	23	Picture	fix	619677	0	1	4100	2	0	4000	other	0
kh01	23	Picture	meS	625777	6100	1	5401	2	6000	20000	hit	67
kh01	23	Response	2	631101	11424	1
kh01	24	Picture	fix	648180	0	1	4101	2	0	4000	other	0
kh01	24	Picture	reS	654281	6101	1	2500	2	6000	20000	hit	70
kh01	24	Response	2	656765	8585	1
kh01	25	Picture	fix	673783	0	1	4101	2	0	4000	other	0
kh01	25	Picture	teV	679884	6101	1	3100	2	6000	20000	hit	73
kh01	25	Response	1	682938	9155	1
kh01	26	Picture	fix	699986	0	2	4101	3	0	4000	other	0
kh01	26	Picture	seS	706087	6101	1	2600	3	6000	20000	hit	76
kh01	26	Response	2	708633	8647	1
kh01	27	Picture	fix	725689	0	2	4101	3	0	4000	other	0
kh01	27	Picture	keV	731790	6101	1	3401	2	6000	20000	hit	79
kh01	27	Response	1	735089	9400	1
kh01	28	Picture	fix	752193	0	1	4100	2	0	4000	other	0
kh01	28	Picture	leS	758294	6101	1	2200	2	6000	20000	hit	82
kh01	28	Response	2	760478	8285	1
kh01	29	Picture	fix	777496	0	1	4100	3	0	4000	other	0
kh01	29	Picture	meV	783597	6101	1	2600	2	6000	20000	incorrect	85
kh01	29	Response	2	786145	8649	1
kh01	30	Picture	fix	804399	0	1	4101	2	0	4000	other	0
kh01	30	Picture	reV	810500	6101	1	3700	2	6000	20000	hit	88
kh01	30	Response	1	814136	9737	2
kh01	31	Picture	fix	831202	0	2	4101	3	0	4000	other	0
kh01	31	Picture	leV	837303	6101	1	2601	2	6000	20000	hit	91
kh01	31	Response	1	839842	8640	2
kh01	32	Picture	fix	856906	0	1	4100	2	0	4000	other	0
kh01	32	Picture	reV	863006	6100	2	4001	3	6000	20000	hit	94
kh01	32	Response	1	866965	10059	1
kh01	33	Picture	fix	884009	0	1	4100	3	0	4000	other	0
kh01	33	Picture	peV	890110	6101	1	3400	2	6000	20000	hit	97
kh01	33	Response	1	893478	9469	1
kh01	34	Picture	fix	910512	0	1	4101	2	0	4000	other	0
kh01	34	Picture	reS	916613	6101	1	2700	2	6000	20000	hit	100
kh01	34	Response	2	919301	8789	1
kh01	35	Picture	fix	936315	0	1	4101	2	0	4000	other	0
kh01	35	Picture	reV	942416	6101	1	3300	3	6000	20000	hit	103
kh01	35	Response	1	945696	9381	2
kh01	36	Picture	fix	962719	0	1	4100	2	0	4000	other	0
kh01	36	Picture	deV	968819	6100	1	3601	2	6000	20000	hit	106
kh01	36	Response	1	972322	9603	1
kh01	37	Picture	fix	989422	0	1	4100	2	0	4000	other	0
kh01	37	Picture	neV	995523	6101	1	4100	2	6000	20000	hit	109
kh01	37	Response	1	999517	10095	2
kh01	38	Picture	fix	1016625	0	1	4101	2	0	4000	other	0
kh01	38	Picture	deS	1022726	6101	1	2600	2	6000	20000	hit	112
kh01	38	Response	2	1025293	8668	1
kh01	39	Picture	fix	1042328	0	2	4101	3	0	4000	other	0
kh01	39	Picture	neS	1048429	6101	1	4201	2	6000	20000	hit	115
kh01	39	Response	2	1052614	10286	2
kh01	40	Picture	fix	1069632	0	1	4100	2	0	4000	other	0
kh01	40	Picture	deS	1075732	6100	2	3801	3	6000	20000	hit	118
kh01	40	Response	2	1079473	9841	1
kh01	41	Picture	fix	1096535	0	1	4100	3	0	4000	other	0
kh01	41	Picture	seS	1102636	6101	1	3000	2	6000	20000	hit	121
kh01	41	Response	2	1105611	9076	1
kh01	42	Picture	fix	1122638	0	1	4101	2	0	4000	other	0
kh01	42	Picture	deS	1128739	6101	1	2700	2	6000	20000	incorrect	124
kh01	42	Response	1	1131349	8711	2
kh01	43	Picture	fix	1149641	0	2	4101	3	0	4000	other	0
kh01	43	Picture	keV	1155742	6101	1	3801	2	6000	20000	hit	127
kh01	43	Response	1	1159507	9866	1
kh01	44	Picture	fix	1176545	0	1	4100	2	0	4000	other	0
kh01	44	Picture	keS	1182646	6101	1	4400	2	6000	20000	hit	130
kh01	44	Response	2	1186948	10403	1
kh01	45	Picture	fix	1204048	0	1	4101	2	0	4000	other	0
kh01	45	Picture	peS	1210149	6101	1	3700	2	6000	20000	hit	133
kh01	45	Response	2	1213763	9715	1
kh01	46	Picture	fix	1230851	0	2	4101	3	0	4000	other	0
kh01	46	Picture	deS	1236952	6101	1	3301	2	6000	20000	hit	136
kh01	46	Response	2	1240217	9366	1
kh01	47	Picture	fix	1257255	0	1	4100	2	0	4000	other	0
kh01	47	Picture	deV	1263355	6100	2	2601	3	6000	20000	incorrect	139
kh01	47	Response	2	1265860	8605	1
kh01	48	Picture	fix	1284258	0	1	4100	3	0	4000	other	0
kh01	48	Picture	leS	1290359	6101	1	2800	2	6000	20000	hit	142
kh01	48	Response	2	1293148	8890	1
kh01	49	Picture	fix	1310161	0	1	4101	2	0	4000	other	0
kh01	49	Picture	keV	1316262	6101	1	5101	2	6000	20000	hit	145
kh01	49	Response	1	1321267	11106	1
kh01	50	Picture	fix	1338365	0	1	4100	2	0	4000	other	0
kh01	50	Picture	deS	1344465	6100	1	4801	2	6000	20000	hit	148
kh01	50	Response	2	1349227	10862	1
kh01	51	Picture	fix	1366268	0	1	4101	2	0	4000	other	0
kh01	51	Picture	leV	1372369	6101	1	5400	3	6000	20000	hit	151
kh01	51	Response	1	1377661	11393	1
kh01	52	Picture	fix	1394672	0	1	4100	2	0	4000	other	0
kh01	52	Picture	seS	1400772	6100	1	5701	2	6000	20000	hit	154
kh01	52	Response	2	1406442	11770	2
kh01	53	Picture	fix	1423475	0	1	4101	2	0	4000	other	0
kh01	53	Picture	peV	1429576	6101	1	3800	2	6000	20000	hit	157
kh01	53	Response	1	1433362	9887	1
kh01	54	Picture	fix	1450378	0	2	4101	3	0	4000	other	0
kh01	54	Picture	reV	1456479	6101	1	4101	2	6000	20000	hit	160
kh01	54	Response	1	1460540	10162	1
kh01	55	Picture	fix	1477582	0	1	4100	2	0	4000	other	0
kh01	55	Picture	leS	1483682	6100	2	6701	3	6000	20000	hit	163
kh01	55	Response	2	1490273	12691	2
kh01	56	Picture	fix	1507285	0	1	4101	2	0	4000	other	0
kh01	56	Picture	seS	1513386	6101	1	3601	2	6000	20000	hit	166
kh01	56	Response	2	1516902	9617	1
kh01	57	Picture	fix	1533989	0	1	4100	2	0	4000	other	0
kh01	57	Picture	neS	1540089	6100	1	3601	2	6000	20000	hit	169
kh01	57	Response	2	1543644	9655	2
kh01	58	Picture	fix	1560692	0	1	4100	3	0	4000	other	0
kh01	58	Picture	meS	1566793	6101	1	3800	2	6000	20000	hit	172
kh01	58	Response	2	1570563	9871	1
kh01	59	Picture	fix	1587595	0	1	4101	2	0	4000	other	0
kh01	59	Picture	leS	1593696	6101	1	3400	2	6000	20000	hit	175
kh01	59	Response	2	1597053	9458	1
kh01	60	Picture	fix	1614098	0	2	4101	3	0	4000	other	0
kh01	60	Picture	reS	1620199	6101	1	5101	2	6000	20000	hit	178
kh01	60	Response	2	1625264	11166	1
kh01	61	Picture	fix	1642302	0	1	4100	3	0	4000	other	0
kh01	61	Picture	seV	1648403	6101	1	2900	2	6000	20000	hit	181
kh01	61	Response	1	1651200	8898	1
kh01	62	Picture	fix	1668305	0	1	4101	2	0	4000	other	0
kh01	62	Picture	meV	1674406	6101	1	3500	2	6000	20000	hit	184
kh01	62	Response	1	1677809	9504	1
kh01	63	Picture	fix	1694908	0	2	4101	3	0	4000	other	0
kh01	63	Picture	deS	1701009	6101	1	3200	3	6000	20000	hit	187
kh01	63	Response	2	1704184	9276	1
kh01	64	Picture	fix	1721212	0	1	4100	2	0	4000	other	0
kh01	64	Picture	meV	1727312	6100	1	3301	2	6000	20000	hit	190
kh01	64	Response	1	1730601	9389	1
kh01	65	Picture	fix	1747615	0	1	4100	2	0	4000	other	0
kh01	65	Picture	meS	1753716	6101	1	4900	2	6000	20000	hit	193
kh01	65	Response	2	1758573	10958	1
kh01	66	Picture	fix	1775618	0	1	4101	2	0	4000	other	0
kh01	66	Picture	meV	1781719	6101	1	3600	3	6000	20000	hit	196
kh01	66	Response	1	1785227	9609	1
kh01	67	Picture	fix	1802321	0	2	4101	3	0	4000	other	0
kh01	67	Picture	reS	1808422	6101	1	4201	2	6000	20000	hit	199
kh01	67	Response	2	1812520	10199	2
kh01	68	Picture	fix	1829625	0	1	4100	2	0	4000	other	0
kh01	68	Picture	meV	1835726	6101	1	3900	2	6000	20000	hit	202
kh01	68	Response	1	1839578	9953	2
kh01	69	Picture	fix	1856628	0	1	4101	2	0	4000	other	0
kh01	69	Picture	peS	1862729	6101	1	3300	2	6000	20000	hit	205
kh01	69	Response	2	1865944	9316	1
kh01	70	Picture	fix	1883031	0	2	4101	3	0	4000	other	0
kh01	70	Picture	meS	1889132	6101	1	4801	2	6000	20000	incorrect	208
kh01	70	Response	1	1893867	10836	1
kh01	71	Picture	fix	1912135	0	1	4100	3	0	4000	other	0
kh01	71	Picture	peS	1918236	6101	1	7801	2	6000	20000	hit	211
kh01	71	Response	2	1926016	13881	2
kh01	72	Picture	fix	1943039	0	1	4100	2	0	4000	other	0
kh01	72	Picture	keS	1949139	6100	2	3901	3	6000	20000	hit	214
kh01	72	Response	2	1952987	9948	1
kh01	73	Picture	fix	1970042	0	1	4101	2	0	4000	other	0
kh01	73	Picture	deS	1976143	6101	1	3700	2	6000	20000	hit	217
kh01	73	Response	2	1979785	9743	1
kh01	74	Picture	fix	1996845	0	2	4101	3	0	4000	other	0
kh01	74	Picture	reS	2002946	6101	1	3300	3	6000	20000	hit	220
kh01	74	Response	2	2006185	9340	1
kh01	75	Picture	fix	2023249	0	1	4100	2	0	4000	other	0
kh01	75	Picture	reV	2029349	6100	1	3401	2	6000	20000	hit	223
kh01	75	Response	1	2032668	9419	1
kh01	76	Picture	fix	2049752	0	1	4100	2	0	4000	other	0
kh01	76	Picture	peS	2055852	6100	2	3801	3	6000	20000	hit	226
kh01	76	Response	2	2059585	9833	2
kh01	77	Picture	fix	2076655	0	1	4101	2	0	4000	other	0
kh01	77	Picture	meV	2082756	6101	1	4500	2	6000	20000	hit	229
kh01	77	Response	1	2087205	10550	1
kh01	78	Picture	fix	2104259	0	1	4100	2	0	4000	other	0
kh01	78	Picture	leS	2110359	6100	1	3301	2	6000	20000	hit	232
kh01	78	Response	2	2113552	9293	1
kh01	79	Picture	fix	2130562	0	1	4100	2	0	4000	other	0
kh01	79	Picture	seS	2136662	6100	2	3601	3	6000	20000	hit	235
kh01	79	Response	2	2140227	9665	1
kh01	80	Picture	fix	2157265	0	1	4100	3	0	4000	other	0
kh01	80	Picture	meS	2163366	6101	1	3100	2	6000	20000	hit	238
kh01	80	Response	2	2166440	9175	1
kh01	81	Picture	fix	2183468	0	1	4101	2	0	4000	other	0
kh01	81	Picture	reS	2189569	6101	1	3300	2	6000	20000	hit	241
kh01	81	Response	2	2192799	9331	1
kh01	82	Picture	fix	2209871	0	2	4101	3	0	4000	other	0
kh01	82	Picture	leS	2215972	6101	1	3401	2	6000	20000	hit	244
kh01	82	Response	2	2219327	9456	1
kh01	83	Picture	fix	2236375	0	1	4100	2	0	4000	other	0
kh01	83	Picture	reS	2242475	6100	2	3601	3	6000	20000	hit	247
kh01	83	Response	2	2245997	9622	1
kh01	84	Picture	fix	2263078	0	1	4100	3	0	4000	other	0
kh01	84	Picture	seS	2269179	6101	1	3400	2	6000	20000	hit	250
kh01	84	Response	2	2272477	9399	1
kh01	85	Picture	fix	2289581	0	1	4101	2	0	4000	other	0
kh01	85	Picture	deS	2295682	6101	1	3600	3	6000	20000	hit	253
kh01	85	Response	2	2299250	9669	1
kh01	86	Picture	fix	2316284	0	2	4101	3	0	4000	other	0
kh01	86	Picture	reV	2322385	6101	1	3201	2	6000	20000	hit	256
kh01	86	Response	1	2325518	9234	1
kh01	87	Picture	fix	2342588	0	1	4100	2	0	4000	other	0
kh01	87	Picture	meV	2348688	6100	2	3801	3	6000	20000	hit	259
kh01	87	Response	1	2352470	9882	1
kh01	88	Picture	fix	2369491	0	1	4101	2	0	4000	other	0
kh01	88	Picture	peS	2375592	6101	1	5000	2	6000	20000	hit	262
kh01	88	Response	2	2380527	11036	2
kh01	89	Picture	fix	2397594	0	2	4101	3	0	4000	other	0
kh01	89	Picture	seS	2403695	6101	1	3401	2	6000	20000	hit	265
kh01	89	Response	2	2406988	9394	2
kh01	90	Picture	fix	2424098	0	1	4100	2	0	4000	other	0
kh01	90	Picture	leS	2430198	6100	2	2901	3	6000	20000	hit	268
kh01	90	Response	2	2433025	8927	1
kh01	91	Picture	fix	2450101	0	1	4100	2	0	4000	other	0
kh01	91	Picture	reV	2456202	6101	1	2900	2	6000	20000	hit	271
kh01	91	Response	1	2459036	8935	1
kh01	92	Picture	fix	2476104	0	1	4101	2	0	4000	other	0
kh01	92	Picture	seS	2482205	6101	1	3500	2	6000	20000	hit	274
kh01	92	Response	2	2485632	9528	1
kh01	93	Picture	fix	2502707	0	2	4101	3	0	4000	other	0
kh01	93	Picture	seV	2508808	6101	1	3200	3	6000	20000	hit	277
kh01	93	Response	1	2511926	9219	1
kh01	94	Picture	fix	2529011	0	1	4100	2	0	4000	other	0
kh01	94	Picture	teS	2535111	6100	1	3801	2	6000	20000	hit	280
kh01	94	Response	2	2538842	9831	1
kh01	95	Picture	fix	2555914	0	1	4100	2	0	4000	other	0
kh01	95	Picture	deV	2562015	6101	1	3600	2	6000	20000	hit	283
kh01	95	Response	1	2565517	9603	1
kh01	96	Picture	fix	2582617	0	1	4101	2	0	4000	other	0
kh01	96	Picture	seV	2588718	6101	1	3800	2	6000	20000	hit	286
kh01	96	Response	1	2592462	9845	2
kh01	97	Picture	fix	2609520	0	2	4101	3	0	4000	other	0
kh01	97	Picture	peV	2615621	6101	1	4301	2	6000	20000	hit	289
kh01	97	Response	1	2619815	10295	1
kh01	98	Picture	fix	2636924	0	1	4100	2	0	4000	other	0
kh01	98	Picture	leV	2643025	6101	1	3800	2	6000	20000	hit	292
kh01	98	Response	1	2646775	9851	1
kh01	99	Picture	fix	2663827	0	1	4101	2	0	4000	other	0
kh01	99	Picture	teS	2669928	6101	1	3200	2	6000	20000	hit	295
kh01	99	Response	2	2673102	9275	2
kh01	100	Picture	fix	2690130	0	1	4101	2	0	4000	other	0
kh01	100	Picture	teV	2696231	6101	1	2900	3	6000	20000	hit	298
kh01	100	Response	1	2699054	8924	1
kh01	101	Picture	fix	2716133	0	2	4101	3	0	4000	other	0
kh01	101	Picture	neV	2722234	6101	1	5301	2	6000	20000	hit	301
kh01	101	Response	1	2727459	11326	1
kh01	102	Picture	fix	2744537	0	1	4100	3	0	4000	other	0
kh01	102	Picture	reV	2750638	6101	1	3600	2	6000	20000	hit	304
kh01	102	Response	1	2754183	9646	1
kh01	103	Picture	fix	2771240	0	1	4101	2	0	4000	other	0
kh01	103	Picture	meS	2777341	6101	1	4200	3	6000	20000	hit	307
kh01	103	Response	2	2781502	10262	1
kh01	104	Picture	fix	2798544	0	1	4100	2	0	4000	other	0
kh01	104	Picture	keS	2804644	6100	1	3001	2	6000	20000	hit	310
kh01	104	Response	2	2807590	9046	1
kh01	105	Picture	fix	2824647	0	1	4100	2	0	4000	other	0
kh01	105	Picture	meS	2830748	6101	1	2900	2	6000	20000	hit	313
kh01	105	Response	2	2833599	8952	1
kh01	106	Picture	fix	2850650	0	1	4100	3	0	4000	other	0
kh01	106	Picture	deS	2856751	6101	1	2400	2	6000	20000	hit	316
kh01	106	Response	2	2859094	8444	1
kh01	107	Picture	fix	2876153	0	1	4101	2	0	4000	other	0
kh01	107	Picture	reS	2882254	6101	1	2300	2	6000	20000	hit	319
kh01	107	Response	2	2884465	8312	1
kh01	108	Picture	fix	2901556	0	1	4101	2	0	4000	other	0
kh01	108	Picture	seV	2907657	6101	1	3600	2	6000	20000	hit	322
kh01	108	Response	1	2911239	9683	2
kh01	109	Picture	fix	2928259	0	2	4101	3	0	4000	other	0
kh01	109	Picture	leV	2934360	6101	1	4201	2	6000	20000	hit	325
kh01	109	Response	1	2938464	10205	1
kh01	110	Picture	fix	2955563	0	1	4100	2	0	4000	other	0
kh01	110	Picture	leV	2961664	6101	1	3300	2	6000	20000	hit	328
kh01	110	Response	1	2964859	9296	2
kh01	111	Picture	fix	2981966	0	1	4101	2	0	4000	other	0
kh01	111	Picture	leS	2988067	6101	1	2600	2	6000	20000	hit	331
kh01	111	Response	2	2990597	8631	1
kh01	112	Picture	fix	3007669	0	1	4101	2	0	4000	other	0
kh01	112	Picture	meS	3013770	6101	1	4701	2	6000	20000	hit	334
kh01	112	Response	2	3018367	10698	1
kh01	113	Picture	fix	3035473	0	1	4100	2	0	4000	other	0
kh01	113	Picture	teV	3041573	6100	2	3001	3	6000	20000	hit	337
kh01	113	Response	1	3044477	9004	1
kh01	114	Picture	fix	3061576	0	1	4100	2	0	4000	other	0
kh01	114	Picture	teS	3067677	6101	1	3800	2	6000	20000	hit	340
kh01	114	Response	2	3071375	9799	1
kh01	115	Picture	fix	3088479	0	1	4101	2	0	4000	other	0
kh01	115	Picture	peS	3094580	6101	1	3700	2	6000	20000	hit	343
kh01	115	Response	2	3098262	9783	2
kh01	116	Picture	fix	3115282	0	2	4101	3	0	4000	other	0
kh01	116	Picture	keS	3121383	6101	1	3501	2	6000	20000	hit	346
kh01	116	Response	2	3124790	9508	1
kh01	117	Picture	fix	3141886	0	1	4100	2	0	4000	other	0
kh01	117	Picture	meV	3147986	6100	2	3301	3	6000	20000	hit	349
kh01	117	Response	1	3151219	9333	1
kh01	118	Picture	fix	3168289	0	1	4100	3	0	4000	other	0
kh01	118	Picture	keS	3174390	6101	1	3100	2	6000	20000	hit	352
kh01	118	Response	2	3177404	9115	1
kh01	119	Picture	fix	3194492	0	1	4101	2	0	4000	other	0
kh01	119	Picture	seV	3200593	6101	1	3300	2	6000	20000	hit	355
kh01	119	Response	1	3203849	9357	1
kh01	120	Picture	fix	3220895	0	2	4101	3	0	4000	other	0
kh01	120	Picture	keS	3226996	6101	1	3901	2	6000	20000	hit	358
kh01	120	Response	2	3230873	9978	1
kh01	121	Picture	fix	3247899	0	1	4100	2	0	4000	other	0
kh01	121	Picture	peS	3253999	6100	2	3001	3	6000	20000	incorrect	361
kh01	121	Response	1	3256929	9030	2
kh01	122	Picture	fix	3275202	0	1	4101	2	0	4000	other	0
kh01	122	Picture	teV	3281303	6101	1	3200	2	6000	20000	hit	364
kh01	122	Response	1	3284431	9229	2
kh01	123	Picture	fix	3301505	0	1	4101	2	0	4000	other	0
kh01	123	Picture	leV	3307606	6101	1	4200	3	6000	20000	hit	367
kh01	123	Response	1	3311707	10202	1
kh01	124	Picture	fix	3328809	0	1	4100	2	0	4000	other	0
kh01	124	Picture	meV	3334909	6100	1	4601	2	6000	20000	hit	370
kh01	124	Response	1	3339438	10629	2
kh01	125	Picture	fix	3356512	0	1	4100	3	0	4000	other	0
kh01	125	Picture	meV	3362613	6101	1	3300	2	6000	20000	hit	373
kh01	125	Response	1	3365810	9298	1
kh01	126	Picture	fix	3382915	0	1	4101	2	0	4000	other	0
kh01	126	Picture	keS	3389016	6101	1	3100	2	6000	20000	hit	376
kh01	126	Response	2	3392012	9097	1
kh01	127	Picture	fix	3409118	0	2	4101	3	0	4000	other	0
kh01	127	Picture	teS	3415219	6101	1	3401	2	6000	20000	hit	379
kh01	127	Response	2	3418545	9427	2
kh01	128	Picture	fix	3435622	0	1	4100	2	0	4000	other	0
kh01	128	Picture	deV	3441722	6100	2	3501	3	6000	20000	hit	382
kh01	128	Response	1	3445207	9585	1
kh01	129	Picture	fix	3462225	0	1	4100	3	0	4000	other	0
kh01	129	Picture	meS	3468326	6101	1	2900	2	6000	20000	hit	385
kh01	129	Response	2	3471138	8913	1
kh01	130	Picture	fix	3488228	0	1	4101	2	0	4000	other	0
kh01	130	Picture	meS	3494329	6101	1	3100	2	6000	20000	hit	388
kh01	130	Response	2	3497351	9123	1
kh01	131	Picture	fix	3514431	0	1	4101	2	0	4000	other	0
kh01	131	Picture	keS	3520532	6101	1	5301	2	6000	20000	hit	391
kh01	131	Response	2	3525743	11312	1
kh01	132	Picture	fix	3542835	0	1	4100	2	0	4000	other	0
kh01	132	Picture	reS	3548936	6101	1	3100	2	6000	20000	hit	394
kh01	132	Response	2	3551953	9118	1
kh01	133	Picture	fix	3569038	0	1	4101	2	0	4000	other	0
kh01	133	Picture	seS	3575139	6101	1	2900	2	6000	20000	hit	397
kh01	133	Response	2	3577983	8945	1
kh01	134	Picture	fix	3595041	0	1	4101	2	0	4000	other	0
kh01	134	Picture	keS	3601142	6101	1	3100	2	6000	20000	hit	400
kh01	134	Response	2	3604198	9157	1
kh01	135	Picture	fix	3621244	0	2	4101	3	0	4000	other	0
kh01	135	Picture	leS	3627345	6101	1	2600	3	6000	20000	hit	403
kh01	135	Response	2	3629876	8632	1
kh01	136	Response	3	4236708	589760	1
kh01	137	Picture	fix	4253722	0	1	4100	3	0	4000	other	0
kh01	137	Picture	peV	4259823	6101	1	3400	2	6000	20000	hit	407
kh01	137	Response	1	4263117	9395	1
kh01	138	Picture	fix	4280225	0	1	4101	2	0	4000	other	0
kh01	138	Picture	teV	4286326	6101	1	2900	2	6000	20000	incorrect	410
kh01	138	Response	2	4289148	8923	1
kh01	139	Picture	fix	4307428	0	2	4101	3	0	4000	other	0
kh01	139	Picture	neV	4313529	6101	1	4701	2	6000	20000	hit	413
kh01	139	Response	1	4318134	10706	1
kh01	140	Picture	fix	4335232	0	1	4100	3	0	4000	other	0
kh01	140	Picture	peV	4341333	6101	1	4000	2	6000	20000	hit	416
kh01	140	Response	1	4345301	10069	1
kh01	141	Picture	fix	4362335	0	1	4101	2	0	4000	other	0
kh01	141	Picture	meV	4368436	6101	1	3300	2	6000	20000	hit	419
kh01	141	Response	1	4371682	9347	2
kh01	142	Picture	fix	4388738	0	2	4101	3	0	4000	other	0
kh01	142	Picture	reS	4394839	6101	1	2701	2	6000	20000	hit	422
kh01	142	Response	2	4397487	8749	1
kh01	143	Picture	fix	4414542	0	1	4100	2	0	4000	other	0
kh01	143	Picture	seS	4420642	6100	2	2501	3	6000	20000	hit	425
kh01	143	Response	2	4423049	8507	2
kh01	144	Picture	fix	4440145	0	1	4100	2	0	4000	other	0
kh01	144	Picture	meV	4446245	6100	2	3401	3	6000	20000	hit	428
kh01	144	Response	1	4449630	9485	1
kh01	145	Picture	fix	4466648	0	1	4100	3	0	4000	other	0
kh01	145	Picture	seS	4472749	6101	1	3700	2	6000	20000	hit	431
kh01	145	Response	2	4476356	9708	1
kh01	146	Picture	fix	4493451	0	1	4101	2	0	4000	other	0
kh01	146	Picture	neS	4499552	6101	1	4701	2	6000	20000	hit	434
kh01	146	Response	2	4504180	10729	2
kh01	147	Picture	fix	4521255	0	1	4100	2	0	4000	other	0
kh01	147	Picture	reS	4527355	6100	2	3501	3	6000	20000	hit	437
kh01	147	Response	2	4530808	9553	1
kh01	148	Picture	fix	4547858	0	1	4101	2	0	4000	other	0
kh01	148	Picture	teS	4553959	6101	1	3000	2	6000	20000	hit	440
kh01	148	Response	2	4556936	9078	1
kh01	149	Picture	fix	4573961	0	1	4101	2	0	4000	other	0
kh01	149	Picture	reS	4580062	6101	1	2900	2	6000	20000	hit	443
kh01	149	Response	2	4582936	8975	1
kh01	150	Picture	fix	4599964	0	1	4101	2	0	4000	other	0
kh01	150	Picture	teV	4606065	6101	1	4001	2	6000	20000	hit	446
kh01	150	Response	1	4610033	10069	2
kh01	151	Picture	fix	4627068	0	1	4100	2	0	4000	other	0
kh01	151	Picture	reV	4633168	6100	2	4001	3	6000	20000	hit	449
kh01	151	Response	1	4637059	9991	2
kh01	152	Picture	fix	4654071	0	1	4100	3	0	4000	other	0
kh01	152	Picture	teS	4660172	6101	1	4800	2	6000	20000	hit	452
kh01	152	Response	2	4664944	10873	1
kh01	153	Picture	fix	4681974	0	2	4101	3	0	4000	other	0
kh01	153	Picture	teS	4688075	6101	1	4101	2	6000	20000	hit	455
kh01	153	Response	2	4692069	10095	2
kh01	154	Picture	fix	4709178	0	1	4100	2	0	4000	other	0
kh01	154	Picture	teS	4715279	6101	1	3100	2	6000	20000	hit	458
kh01	154	Response	2	4718271	9093	1
kh01	155	Picture	fix	4735381	0	1	4100	3	0	4000	other	0
kh01	155	Picture	meV	4741482	6101	1	4600	2	6000	20000	hit	461
kh01	155	Response	1	4746011	10630	1
kh01	156	Picture	fix	4763084	0	2	4101	3	0	4000	other	0
kh01	156	Picture	reS	4769185	6101	1	3100	3	6000	20000	hit	464
kh01	156	Response	2	4772224	9140	1
kh01	157	Picture	fix	4789288	0	1	4100	2	0	4000	other	0
kh01	157	Picture	reS	4795388	6100	1	3101	2	6000	20000	hit	467
kh01	157	Response	2	4798387	9099	1
kh01	158	Picture	fix	4815491	0	1	4100	2	0	4000	other	0
kh01	158	Picture	seV	4821592	6101	1	4000	2	6000	20000	hit	470
kh01	158	Response	1	4825529	10038	2
kh01	159	Picture	fix	4842594	0	1	4101	2	0	4000	other	0
kh01	159	Picture	peV	4848695	6101	1	3600	2	6000	20000	hit	473
kh01	159	Response	1	4852256	9662	2
kh01	160	Picture	fix	4869297	0	2	4101	3	0	4000	other	0
kh01	160	Picture	meV	4875398	6101	1	3301	2	6000	20000	hit	476
kh01	160	Response	1	4878629	9332	1
kh01	161	Picture	fix	4895701	0	1	4100	2	0	4000	other	0
kh01	161	Picture	seV	4901801	6100	1	3801	2	6000	20000	hit	479
kh01	161	Response	1	4905542	9841	1
kh01	162	Picture	fix	4922604	0	1	4100	2	0	4000	other	0
kh01	162	Picture	peS	4928705	6101	1	2700	2	6000	20000	hit	482
kh01	162	Response	2	4931389	8785	1
kh01	163	Picture	fix	4948407	0	1	4101	2	0	4000	other	0
kh01	163	Picture	reS	4954508	6101	1	3000	2	6000	20000	hit	485
kh01	163	Response	2	4957465	9058	1
kh01	164	Picture	fix	4974510	0	1	4101	2	0	4000	other	0
kh01	164	Picture	keS	4980611	6101	1	3100	2	6000	20000	hit	488
kh01	164	Response	2	4983664	9154	2
kh01	165	Picture	fix	5000713	0	2	4101	3	0	4000	other	0
kh01	165	Picture	seV	5006814	6101	1	3901	2	6000	20000	hit	491
kh01	165	Response	1	5010642	9929	1
kh01	166	Picture	fix	5027717	0	1	4100	2	0	4000	other	0
kh01	166	Picture	neS	5033817	6100	2	2501	3	6000	20000	hit	494
kh01	166	Response	2	5036219	8502	1
kh01	167	Picture	fix	5053320	0	1	4100	2	0	4000	other	0
kh01	167	Picture	leV	5059421	6101	1	3400	2	6000	20000	hit	497
kh01	167	Response	1	5062749	9429	2
kh01	168	Picture	fix	5079823	0	1	4101	2	0	4000	other	0
kh01	168	Picture	teS	5085924	6101	1	3200	2	6000	20000	hit	500
kh01	168	Response	2	5089076	9253	1
kh01	169	Picture	fix	5106126	0	2	4101	3	0	4000	other	0
kh01	169	Picture	teS	5112227	6101	1	3701	2	6000	20000	hit	503
kh01	169	Response	2	5115832	9706	2
kh01	170	Picture	fix	5132930	0	1	4100	2	0	4000	other	0
kh01	170	Picture	seV	5139030	6100	2	4001	3	6000	20000	hit	506
kh01	170	Response	1	5143015	10085	1
kh01	171	Picture	fix	5160033	0	1	4100	3	0	4000	other	0
kh01	171	Picture	neS	5166134	6101	1	3500	2	6000	20000	hit	509
kh01	171	Response	2	5169600	9567	1
kh01	172	Picture	fix	5186636	0	1	4101	2	0	4000	other	0
kh01	172	Picture	neV	5192737	6101	1	5301	2	6000	20000	hit	512
kh01	172	Response	1	5197995	11359	1
kh01	173	Picture	fix	5215040	0	1	4100	2	0	4000	other	0
kh01	173	Picture	peS	5221141	6101	1	3600	2	6000	20000	hit	515
kh01	173	Response	2	5224631	9591	2
kh01	174	Picture	fix	5241643	0	1	4101	2	0	4000	other	0
kh01	174	Picture	keV	5247744	6101	1	7001	2	6000	20000	hit	518
kh01	174	Response	1	5254686	13043	2
kh01	175	Picture	fix	5271747	0	1	4100	2	0	4000	other	0
kh01	175	Picture	peS	5277847	6100	2	3901	3	6000	20000	hit	521
kh01	175	Response	2	5281681	9934	1
kh01	176	Picture	fix	5298750	0	1	4101	2	0	4000	other	0
kh01	176	Picture	seS	5304851	6101	1	3900	2	6000	20000	hit	524
kh01	176	Response	2	5308680	9930	2
kh01	177	Picture	fix	5325753	0	1	4101	2	0	4000	other	0
kh01	177	Picture	seV	5331854	6101	1	5301	2	6000	20000	hit	527
kh01	177	Response	1	5337079	11326	2
kh01	178	Picture	fix	5354157	0	1	4100	2	0	4000	other	0
kh01	178	Picture	neV	5360258	6101	1	4300	2	6000	20000	hit	530
kh01	178	Response	1	5364502	10345	1
kh01	179	Picture	fix	5381560	0	1	4101	2	0	4000	other	0
kh01	179	Picture	seV	5387661	6101	1	4100	3	6000	20000	hit	533
kh01	179	Response	1	5391716	10156	1
kh01	180	Picture	fix	5408763	0	2	4101	3	0	4000	other	0
kh01	180	Picture	reS	5414864	6101	1	5101	2	6000	20000	hit	536
kh01	180	Response	2	5419898	11135	2
kh01	181	Picture	fix	5436967	0	1	4100	3	0	4000	other	0
kh01	181	Picture	keS	5443068	6101	1	4500	2	6000	20000	hit	539
kh01	181	Response	2	5447505	10538	2
kh01	182	Picture	fix	5464570	0	1	4101	2	0	4000	other	0
kh01	182	Picture	neV	5470671	6101	1	3200	3	6000	20000	hit	542
kh01	182	Response	1	5473795	9225	1
kh01	183	Picture	fix	5490874	0	1	4100	2	0	4000	other	0
kh01	183	Picture	seS	5496974	6100	1	4401	2	6000	20000	hit	545
kh01	183	Response	2	5501292	10418	1
kh01	184	Picture	fix	5518377	0	1	4100	3	0	4000	other	0
kh01	184	Picture	deV	5524478	6101	1	3300	2	6000	20000	hit	548
kh01	184	Response	1	5527676	9299	1
kh01	185	Picture	fix	5544780	0	1	4101	2	0	4000	other	0
kh01	185	Picture	leS	5550881	6101	1	4300	3	6000	20000	hit	551
kh01	185	Response	2	5555075	10295	1
kh01	186	Picture	fix	5572184	0	1	4100	2	0	4000	other	0
kh01	186	Picture	peV	5578284	6100	1	3601	2	6000	20000	hit	554
kh01	186	Response	1	5581813	9629	1
kh01	187	Picture	fix	5598887	0	1	4100	2	0	4000	other	0
kh01	187	Picture	reV	5604987	6100	2	4001	3	6000	20000	hit	557
kh01	187	Response	1	5608964	10077	1
kh01	188	Picture	fix	5625990	0	1	4101	2	0	4000	other	0
kh01	188	Picture	deV	5632091	6101	1	3500	2	6000	20000	hit	560
kh01	188	Response	1	5635522	9532	2
kh01	189	Picture	fix	5652593	0	1	4101	2	0	4000	other	0
kh01	189	Picture	keV	5658694	6101	1	3901	2	6000	20000	hit	563
kh01	189	Response	1	5662583	9990	1
kh01	190	Picture	fix	5679597	0	1	4100	2	0	4000	other	0
kh01	190	Picture	neV	5685697	6100	2	3001	3	6000	20000	hit	566
kh01	190	Response	1	5688687	9090	1
kh01	191	Picture	fix	5705700	0	1	4100	2	0	4000	other	0
kh01	191	Picture	peS	5711801	6101	1	2900	2	6000	20000	hit	569
kh01	191	Response	2	5714648	8948	2
kh01	192	Picture	fix	5731703	0	1	4101	2	0	4000	other	0
kh01	192	Picture	teV	5737804	6101	1	3800	2	6000	20000	hit	572
kh01	192	Response	1	5741560	9857	2
kh01	193	Picture	fix	5758606	0	2	4101	3	0	4000	other	0
kh01	193	Picture	teS	5764707	6101	1	4601	2	6000	20000	hit	575
kh01	193	Response	2	5769240	10634	1
kh01	194	Picture	fix	5786310	0	1	4100	2	0	4000	other	0
kh01	194	Picture	peV	5792411	6101	1	3200	2	6000	20000	hit	578
kh01	194	Response	1	5795509	9199	1
kh01	195	Picture	fix	5812613	0	1	4101	2	0	4000	other	0
kh01	195	Picture	teS	5818714	6101	1	4300	2	6000	20000	hit	581
kh01	195	Response	2	5822961	10348	2
kh01	196	Picture	fix	5840016	0	2	4101	3	0	4000	other	0
kh01	196	Picture	keV	5846117	6101	1	3400	3	6000	20000	hit	584
kh01	196	Response	1	5849486	9470	2
kh01	197	Picture	fix	5866520	0	1	4100	2	0	4000	other	0
kh01	197	Picture	deS	5872620	6100	2	3801	3	6000	20000	hit	587
kh01	197	Response	2	5876392	9872	1
kh01	198	Picture	fix	5893423	0	1	4100	3	0	4000	other	0
kh01	198	Picture	teV	5899524	6101	1	2600	2	6000	20000	hit	590
kh01	198	Response	1	5902112	8689	1
kh01	199	Picture	fix	5919126	0	1	4101	2	0	4000	other	0
kh01	199	Picture	reV	5925227	6101	1	5000	2	6000	20000	hit	593
kh01	199	Response	1	5930144	11018	1
kh01	200	Picture	fix	5947230	0	1	4100	2	0	4000	other	0
kh01	200	Picture	keS	5953330	6100	1	6101	2	6000	20000	hit	596
kh01	200	Response	2	5959360	12130	1
kh01	201	Picture	fix	5976433	0	1	4101	2	0	4000	other	0
kh01	201	Picture	reS	5982534	6101	1	4400	2	6000	20000	hit	599
kh01	201	Response	2	5986898	10465	1
kh01	202	Picture	fix	6003936	0	2	4101	3	0	4000	other	0
kh01	202	Picture	meV	6010037	6101	1	4801	2	6000	20000	hit	602
kh01	202	Response	1	6014744	10808	1
kh01	203	Picture	fix	6031840	0	1	4100	2	0	4000	other	0
kh01	203	Picture	neV	6037941	6101	1	4800	2	6000	20000	incorrect	605
kh01	203	Response	2	6042633	10793	1
kh01	204	Picture	fix	6060943	0	2	4101	3	0	4000	other	0
kh01	204	Picture	keV	6067044	6101	1	4301	2	6000	20000	hit	608
kh01	204	Response	1	6071306	10363	1
kh01	205	Picture	fix	6088347	0	1	4100	2	0	4000	other	0
kh01	205	Picture	neS	6094448	6101	1	4200	2	6000	20000	hit	611
kh01	205	Response	2	6098543	10196	1
kh01	206	Picture	fix	6115650	0	1	4101	2	0	4000	other	0
kh01	206	Picture	teS	6121751	6101	1	4100	2	6000	20000	hit	614
kh01	206	Response	2	6125777	10127	2
kh01	207	Picture	fix	6142853	0	2	4101	3	0	4000	other	0
kh01	207	Picture	keV	6148954	6101	1	3801	2	6000	20000	hit	617
kh01	207	Response	1	6152723	9870	1
kh01	208	Picture	fix	6169757	0	1	4100	2	0	4000	other	0
kh01	208	Picture	meS	6175858	6101	1	7400	3	6000	20000	hit	620
kh01	208	Response	2	6183148	13391	1
kh01	209	Picture	fix	6200161	0	1	4100	2	0	4000	other	0
kh01	209	Picture	peS	6206261	6100	1	3501	2	6000	20000	hit	623
kh01	209	Response	2	6209688	9527	1
kh01	210	Picture	fix	6226764	0	1	4100	2	0	4000	other	0
kh01	210	Picture	keS	6232864	6100	2	3501	3	6000	20000	hit	626
kh01	210	Response	2	6236308	9544	1
kh01	211	Picture	fix	6253367	0	1	4100	3	0	4000	other	0
kh01	211	Picture	peS	6259468	6101	1	3700	2	6000	20000	hit	629
kh01	211	Response	2	6263145	9778	1
kh01	212	Picture	fix	6280170	0	1	4101	2	0	4000	other	0
kh01	212	Picture	keV	6286271	6101	1	3100	2	6000	20000	hit	632
kh01	212	Response	1	6289327	9157	2
kh01	213	Picture	fix	6306374	0	1	4100	2	0	4000	other	0
kh01	213	Picture	neS	6312474	6100	1	3901	2	6000	20000	hit	635
kh01	213	Response	2	6316291	9917	2
kh01	214	Picture	fix	6333377	0	1	4100	2	0	4000	other	0
kh01	214	Picture	teS	6339478	6101	1	3400	2	6000	20000	hit	638
kh01	214	Response	2	6342846	9469	2
kh01	215	Picture	fix	6359880	0	1	4101	2	0	4000	other	0
kh01	215	Picture	peV	6365981	6101	1	3600	2	6000	20000	hit	641
kh01	215	Response	1	6369570	9690	1
kh01	216	Picture	fix	6386583	0	2	4101	3	0	4000	other	0
kh01	216	Picture	seV	6392684	6101	1	7701	2	6000	20000	hit	644
kh01	216	Response	1	6400304	13721	1
kh01	217	Picture	fix	6417387	0	1	4101	2	0	4000	other	0
kh01	217	Picture	deS	6423488	6101	1	3300	2	6000	20000	hit	647
kh01	217	Response	2	6426775	9388	1
kh01	218	Picture	fix	6443790	0	1	4101	2	0	4000	other	0
kh01	218	Picture	deV	6449891	6101	1	3901	2	6000	20000	hit	650
kh01	218	Response	1	6453736	9946	1
kh01	219	Picture	fix	6470794	0	1	4100	2	0	4000	other	0
kh01	219	Picture	teV	6476894	6100	2	4801	3	6000	20000	hit	653
kh01	219	Response	1	6481620	10826	1
kh01	220	Picture	fix	6498697	0	1	4101	2	0	4000	other	0
kh01	220	Picture	seS	6504798	6101	1	5501	2	6000	20000	hit	656
kh01	220	Response	2	6510190	11493	1
kh01	221	Picture	fix	6527201	0	1	4100	2	0	4000	other	0
kh01	221	Picture	keS	6533301	6100	1	5801	2	6000	20000	hit	659
kh01	221	Response	2	6539005	11804	1
kh01	222	Picture	fix	6556104	0	1	4101	2	0	4000	other	0
kh01	222	Picture	peV	6562205	6101	1	4400	2	6000	20000	hit	662
kh01	222	Response	1	6566535	10431	1
kh01	223	Picture	fix	6583607	0	2	4101	3	0	4000	other	0
kh01	223	Picture	teS	6589708	6101	1	5201	2	6000	20000	hit	665
kh01	223	Response	2	6594887	11280	1
kh01	224	Picture	fix	6611911	0	1	4100	3	0	4000	other	0
kh01	224	Picture	keV	6618012	6101	1	3600	2	6000	20000	hit	668
kh01	224	Response	1	6621526	9615	1
kh01	225	Picture	fix	6638614	0	1	4101	2	0	4000	other	0
kh01	225	Picture	deV	6644715	6101	1	4601	2	6000	20000	hit	671
kh01	225	Response	1	6649296	10682	1
kh01	226	Picture	fix	6666318	0	1	4100	2	0	4000	other	0
kh01	226	Picture	neV	6672418	6100	2	4001	3	6000	20000	hit	674
kh01	226	Response	1	6676385	10067	2
kh01	227	Picture	fix	6693421	0	1	4100	3	0	4000	other	0
kh01	227	Picture	leV	6699522	6101	1	3100	2	6000	20000	hit	677
kh01	227	Response	1	6702603	9182	1
kh01	228	Picture	fix	6719624	0	1	4101	2	0	4000	other	0
kh01	228	Picture	peV	6725725	6101	1	3500	2	6000	20000	hit	680
kh01	228	Response	1	6729178	9554	2
kh01	229	Picture	fix	6746227	0	2	4101	3	0	4000	other	0
kh01	229	Picture	neS	6752328	6101	1	3901	2	6000	20000	hit	683
kh01	229	Response	2	6756199	9972	1
kh01	230	Picture	fix	6773231	0	1	4100	2	0	4000	other	0
kh01	230	Picture	deV	6779331	6100	2	3301	3	6000	20000	hit	686
kh01	230	Response	1	6782595	9364	1
kh01	231	Picture	fix	6799634	0	1	4100	3	0	4000	other	0
kh01	231	Picture	leS	6805735	6101	1	3000	2	6000	20000	hit	689
kh01	231	Response	2	6808722	9088	1
kh01	232	Picture	fix	6825737	0	1	4101	2	0	4000	other	0
kh01	232	Picture	deS	6831838	6101	1	3500	2	6000	20000	hit	692
kh01	232	Response	2	6835258	9521	1
kh01	233	Picture	fix	6852340	0	2	4101	3	0	4000	other	0
kh01	233	Picture	neV	6858441	6101	1	3701	2	6000	20000	hit	695
kh01	233	Response	1	6862056	9716	1
kh01	234	Picture	fix	6879144	0	1	4100	2	0	4000	other	0
kh01	234	Picture	seS	6885244	6100	2	4001	3	6000	20000	hit	698
kh01	234	Response	2	6889169	10025	2
kh01	235	Picture	fix	6906247	0	1	4100	3	0	4000	other	0
kh01	235	Picture	leV	6912348	6101	1	3900	2	6000	20000	hit	701
kh01	235	Response	1	6916177	9930	1
kh01	236	Picture	fix	6933250	0	2	4101	3	0	4000	other	0
kh01	236	Picture	seV	6939351	6101	1	4501	2	6000	20000	hit	704
kh01	236	Response	1	6943828	10578	2
kh01	237	Picture	fix	6960854	0	1	4100	2	0	4000	other	0
kh01	237	Picture	neV	6966954	6100	2	4301	3	6000	20000	hit	707
kh01	237	Response	1	6971233	10379	1
kh01	238	Picture	fix	6988257	0	1	4101	2	0	4000	other	0
kh01	238	Picture	meS	6994358	6101	1	2600	2	6000	20000	hit	710
kh01	238	Response	2	6996917	8660	1
kh01	239	Picture	fix	7013960	0	1	4101	2	0	4000	other	0
kh01	239	Picture	neV	7020061	6101	1	2700	2	6000	20000	hit	713
kh01	239	Response	1	7022745	8785	1
kh01	240	Picture	fix	7039763	0	2	4101	3	0	4000	other	0
kh01	240	Picture	leV	7045864	6101	1	4201	2	6000	20000	hit	716
kh01	240	Response	1	7050051	10288	1
kh01	241	Picture	fix	7067067	0	1	4100	2	0	4000	other	0
kh01	241	Picture	leS	7073167	6100	2	2801	3	6000	20000	hit	719
kh01	241	Response	2	7075931	8864	1
kh01	242	Picture	fix	7092970	0	1	4100	2	0	4000	other	0
kh01	242	Picture	seV	7099071	6101	1	3300	2	6000	20000	hit	722
kh01	242	Response	1	7102304	9334	2
kh01	243	Picture	fix	7119373	0	1	4101	2	0	4000	other	0
kh01	243	Picture	teS	7125474	6101	1	4200	3	6000	20000	hit	725
kh01	243	Response	2	7129584	10211	2
kh01	244	Picture	fix	7146677	0	1	4100	2	0	4000	other	0
kh01	244	Picture	leS	7152777	6100	1	3501	2	6000	20000	hit	728
kh01	244	Response	2	7156198	9521	1
kh01	245	Picture	fix	7173280	0	1	4100	2	0	4000	other	0
kh01	245	Picture	reV	7179381	6101	1	3200	2	6000	20000	hit	731
kh01	245	Response	1	7182540	9260	1
kh01	246	Picture	fix	7199583	0	1	4101	2	0	4000	other	0
kh01	246	Picture	deS	7205684	6101	1	4900	2	6000	20000	incorrect	734
kh01	246	Response	1	7210518	10935	1
kh01	247	Picture	fix	7228987	0	1	4100	2	0	4000	other	0
kh01	247	Picture	keS	7235087	6100	1	5601	2	6000	20000	hit	737
kh01	247	Response	2	7240670	11683	1
kh01	248	Picture	fix	7257690	0	1	4101	2	0	4000	other	0
kh01	248	Picture	neS	7263791	6101	1	4200	2	6000	20000	hit	740
kh01	248	Response	2	7267923	10233	1
kh01	249	Picture	fix	7284993	0	2	4101	3	0	4000	other	0
kh01	249	Picture	meV	7291094	6101	1	3801	2	6000	20000	hit	743
kh01	249	Response	1	7294802	9809	1
kh01	250	Picture	fix	7311897	0	1	4100	2	0	4000	other	0
kh01	250	Picture	reS	7317997	6100	2	3401	3	6000	20000	hit	746
kh01	250	Response	2	7321364	9467	2
kh01	251	Picture	fix	7338400	0	1	4101	2	0	4000	other	0
kh01	251	Picture	reS	7344501	6101	1	3900	2	6000	20000	hit	749
kh01	251	Response	2	7348355	9955	1
kh01	252	Picture	fix	7365403	0	1	4101	2	0	4000	other	0
kh01	252	Picture	seS	7371504	6101	1	2700	3	6000	20000	hit	752
kh01	252	Response	2	7374169	8766	2
kh01	253	Picture	fix	7391206	0	2	4101	3	0	4000	other	0
kh01	253	Picture	meS	7397307	6101	1	3601	2	6000	20000	hit	755
kh01	253	Response	2	7400866	9660	1
kh01	254	Picture	fix	7417910	0	1	4100	2	0	4000	other	0
kh01	254	Picture	leS	7424010	6100	2	3901	3	6000	20000	hit	758
kh01	254	Response	2	7427871	9961	1
kh01	255	Picture	fix	7444913	0	1	4101	2	0	4000	other	0
kh01	255	Picture	keS	7451014	6101	1	3300	2	6000	20000	hit	761
kh01	255	Response	2	7454292	9379	2
kh01	256	Picture	fix	7471316	0	1	4101	2	0	4000	other	0
kh01	256	Picture	keV	7477417	6101	1	4801	2	6000	20000	hit	764
kh01	256	Response	1	7482143	10827	1
kh01	257	Picture	fix	7499220	0	1	4100	2	0	4000	other	0
kh01	257	Picture	deV	7505320	6100	2	5101	3	6000	20000	hit	767
kh01	257	Response	1	7510362	11142	1
kh01	258	Picture	fix	7527423	0	1	4101	2	0	4000	other	0
kh01	258	Picture	keV	7533524	6101	1	3500	2	6000	20000	hit	770
kh01	258	Response	1	7537002	9579	1
kh01	259	Picture	fix	7554026	0	2	4101	3	0	4000	other	0
kh01	259	Picture	neV	7560127	6101	1	3701	2	6000	20000	hit	773
kh01	259	Response	1	7563810	9784	1
kh01	260	Picture	fix	7580830	0	1	4100	2	0	4000	other	0
kh01	260	Picture	reV	7586930	6100	2	3501	3	6000	20000	hit	776
kh01	260	Response	1	7590359	9529	1
kh01	261	Picture	fix	7607433	0	1	4100	3	0	4000	other	0
kh01	261	Picture	meV	7613534	6101	1	3000	2	6000	20000	hit	779
kh01	261	Response	1	7616486	9053	1
kh01	262	Picture	fix	7633536	0	1	4101	2	0	4000	other	0
kh01	262	Picture	seV	7639637	6101	1	4300	3	6000	20000	hit	782
kh01	262	Response	1	7643842	10306	1
kh01	263	Picture	fix	7660940	0	1	4100	2	0	4000	other	0
kh01	263	Picture	seS	7667040	6100	1	2801	2	6000	20000	hit	785
kh01	263	Response	2	7669778	8838	2
kh01	264	Picture	fix	7686843	0	1	4100	2	0	4000	other	0
kh01	264	Picture	deV	7692943	6100	2	4201	3	6000	20000	hit	788
kh01	264	Response	1	7697061	10218	2
kh01	265	Picture	fix	7714146	0	1	4101	2	0	4000	other	0
kh01	265	Picture	seS	7720247	6101	1	4000	2	6000	20000	hit	791
kh01	265	Response	2	7724175	10029	1
kh01	266	Picture	fix	7741249	0	1	4101	2	0	4000	other	0
kh01	266	Picture	deS	7747350	6101	1	3301	2	6000	20000	hit	794
kh01	266	Response	2	7750578	9329	1
kh01	267	Picture	fix	7767653	0	1	4100	2	0	4000	other	0
kh01	267	Picture	meS	7773753	6100	1	3101	2	6000	20000	hit	797
kh01	267	Response	2	7776805	9152	1
kh01	268	Picture	fix	7793856	0	1	4100	2	0	4000	other	0
kh01	268	Picture	neV	7799957	6101	1	4600	2	6000	20000	hit	800
kh01	268	Response	1	7804483	10627	1
kh01	269	Picture	fix	7821559	0	1	4101	2	0	4000	other	0
kh01	269	Picture	deV	7827660	6101	1	4701	2	6000	20000	hit	803
kh01	269	Response	1	7832331	10772	1
kh01	270	Picture	fix	7849363	0	1	4100	2	0	4000	other	0
kh01	270	Picture	deS	7855463	6100	2	3001	3	6000	20000	hit	806
kh01	270	Response	2	7858428	9065	1
kh01	271	Picture	fix	7875466	0	1	4100	2	0	4000	other	0
kh01	271	Picture	deV	7881567	6101	1	2700	2	6000	20000	hit	809
kh01	271	Response	1	7884194	8728	1
kh01	272	Response	1	8318423	417154	1
kh01	272	Response	3	8871341	970072	1
kh01	273	Picture	fix	8888390	0	1	4100	3	0	4000	other	0
kh01	273	Picture	meV	8894491	6101	1	3600	2	6000	20000	hit	814
kh01	273	Response	1	8898066	9676	1
kh01	274	Picture	fix	8915093	0	1	4101	2	0	4000	other	0
kh01	274	Picture	seV	8921194	6101	1	3200	3	6000	20000	hit	817
kh01	274	Response	1	8924319	9226	1
kh01	275	Picture	fix	8941396	0	2	4101	3	0	4000	other	0
kh01	275	Picture	peS	8947497	6101	1	2901	2	6000	20000	hit	820
kh01	275	Response	2	8950337	8941	1
kh01	276	Picture	fix	8967400	0	1	4100	2	0	4000	other	0
kh01	276	Picture	leV	8973500	6100	2	3801	3	6000	20000	hit	823
kh01	276	Response	1	8977213	9813	1
kh01	277	Picture	fix	8994303	0	1	4100	3	0	4000	other	0
kh01	277	Picture	neS	9000404	6101	1	3000	2	6000	20000	hit	826
kh01	277	Response	2	9003348	9045	1
kh01	278	Picture	fix	9020406	0	1	4101	2	0	4000	other	0
kh01	278	Picture	neS	9026507	6101	1	3800	2	6000	20000	hit	829
kh01	278	Response	2	9030295	9889	1
kh01	279	Picture	fix	9047309	0	2	4101	3	0	4000	other	0
kh01	279	Picture	deS	9053410	6101	1	3101	2	6000	20000	hit	832
kh01	279	Response	2	9056455	9146	1
kh01	280	Picture	fix	9073513	0	1	4100	2	0	4000	other	0
kh01	280	Picture	seV	9079613	6100	2	3901	3	6000	20000	incorrect	835
kh01	280	Response	2	9083428	9915	1
kh01	281	Picture	fix	9101816	0	1	4101	2	0	4000	other	0
kh01	281	Picture	reV	9107917	6101	1	4000	2	6000	20000	hit	838
kh01	281	Response	1	9111878	10062	1
kh01	282	Picture	fix	9128919	0	2	4101	3	0	4000	other	0
kh01	282	Picture	keV	9135020	6101	1	3701	2	6000	20000	hit	841
kh01	282	Response	1	9138651	9732	1
kh01	283	Picture	fix	9155723	0	1	4100	2	0	4000	other	0
kh01	283	Picture	neS	9161823	6100	2	2901	3	6000	20000	hit	844
kh01	283	Response	2	9164706	8983	1
kh01	284	Picture	fix	9181726	0	1	4100	3	0	4000	other	0
kh01	284	Picture	teV	9187827	6101	1	4100	2	6000	20000	hit	847
kh01	284	Response	1	9191827	10101	1
kh01	285	Picture	fix	9208929	0	1	4101	2	0	4000	other	0
kh01	285	Picture	teS	9215030	6101	1	5101	2	6000	20000	hit	850
kh01	285	Response	2	9220058	11129	2
kh01	286	Picture	fix	9237133	0	1	4100	2	0	4000	other	0
kh01	286	Picture	keS	9243233	6100	2	10602	3	6000	20000	hit	853
kh01	286	Response	2	9253803	16670	1
kh01	287	Picture	fix	9270837	0	1	4100	2	0	4000	other	0
kh01	287	Picture	meV	9276938	6101	1	4100	2	6000	20000	hit	856
kh01	287	Response	1	9281025	10188	1
kh01	288	Picture	fix	9298040	0	1	4101	2	0	4000	other	0
kh01	288	Picture	teS	9304141	6101	1	2900	2	6000	20000	hit	859
kh01	288	Response	2	9306965	8925	2
kh01	289	Picture	fix	9324043	0	1	4101	2	0	4000	other	0
kh01	289	Picture	peS	9330144	6101	1	3701	2	6000	20000	hit	862
kh01	289	Response	2	9333764	9721	1
kh01	290	Picture	fix	9350847	0	1	4100	2	0	4000	other	0
kh01	290	Picture	leV	9356947	6100	2	4201	3	6000	20000	hit	865
kh01	290	Response	1	9361109	10262	1
kh01	291	Picture	fix	9378150	0	1	4101	2	0	4000	other	0
kh01	291	Picture	reV	9384251	6101	1	3900	2	6000	20000	hit	868
kh01	291	Response	1	9388057	9907	1
kh01	292	Picture	fix	9405153	0	1	4101	2	0	4000	other	0
kh01	292	Picture	meS	9411254	6101	1	4201	2	6000	20000	hit	871
kh01	292	Response	2	9415367	10214	1
kh01	293	Picture	fix	9432457	0	1	4100	2	0	4000	other	0
kh01	293	Picture	teV	9438557	6100	2	3401	3	6000	20000	hit	874
kh01	293	Response	1	9441914	9457	2
kh01	294	Picture	fix	9458960	0	1	4100	3	0	4000	other	0
kh01	294	Picture	seS	9465061	6101	1	4100	2	6000	20000	hit	877
kh01	294	Response	2	9469107	10147	1
kh01	295	Picture	fix	9486163	0	1	4101	2	0	4000	other	0
kh01	295	Picture	seS	9492264	6101	1	3500	3	6000	20000	hit	880
kh01	295	Response	2	9495704	9541	1
kh01	296	Picture	fix	9512766	0	2	4101	3	0	4000	other	0
kh01	296	Picture	reV	9518867	6101	1	3001	2	6000	20000	hit	883
kh01	296	Response	1	9521812	9046	1
kh01	297	Picture	fix	9538870	0	1	4100	2	0	4000	other	0
kh01	297	Picture	reV	9544970	6100	2	3801	3	6000	20000	hit	886
kh01	297	Response	1	9548694	9824	2
kh01	298	Picture	fix	9565773	0	1	4101	2	0	4000	other	0
kh01	298	Picture	teV	9571874	6101	1	4100	2	6000	20000	hit	889
kh01	298	Response	1	9575905	10132	2
kh01	299	Picture	fix	9592976	0	2	4101	3	0	4000	other	0
kh01	299	Picture	keV	9599077	6101	1	4001	2	6000	20000	hit	892
kh01	299	Response	1	9603057	10081	1
kh01	300	Picture	fix	9620080	0	1	4100	2	0	4000	other	0
kh01	300	Picture	seS	9626180	6100	2	2901	3	6000	20000	hit	895
kh01	300	Response	2	9629059	8979	1
kh01	301	Picture	fix	9646083	0	1	4100	2	0	4000	other	0
kh01	301	Picture	leS	9652184	6101	1	2600	2	6000	20000	hit	898
kh01	301	Response	2	9654759	8676	1
kh01	302	Picture	fix	9671786	0	1	4100	3	0	4000	other	0
kh01	302	Picture	teV	9677887	6101	1	3800	2	6000	20000	hit	901
kh01	302	Response	1	9681668	9882	1
kh01	303	Picture	fix	9698689	0	1	4101	2	0	4000	other	0
kh01	303	Picture	leV	9704790	6101	1	2800	2	6000	20000	hit	904
kh01	303	Response	1	9707496	8807	1
kh01	304	Picture	fix	9724592	0	2	4101	3	0	4000	other	0
kh01	304	Picture	peS	9730693	6101	1	3701	2	6000	20000	hit	907
kh01	304	Response	2	9734298	9706	1
kh01	305	Picture	fix	9751396	0	1	4100	2	0	4000	other	0
kh01	305	Picture	keV	9757497	6101	1	3300	2	6000	20000	hit	910
kh01	305	Response	1	9760713	9317	1
kh01	306	Picture	fix	9777799	0	1	4100	3	0	4000	other	0
kh01	306	Picture	neV	9783900	6101	1	2900	2	6000	20000	hit	913
kh01	306	Response	1	9786753	8954	1
kh01	307	Picture	fix	9803802	0	1	4101	2	0	4000	other	0
kh01	307	Picture	seV	9809903	6101	1	3400	2	6000	20000	hit	916
kh01	307	Response	1	9813284	9482	2
kh01	308	Picture	fix	9830305	0	2	4101	3	0	4000	other	0
kh01	308	Picture	deV	9836406	6101	1	3401	2	6000	20000	hit	919
kh01	308	Response	1	9839714	9409	1
kh01	309	Picture	fix	9856809	0	1	4100	2	0	4000	other	0
kh01	309	Picture	reS	9862909	6100	2	4501	3	6000	20000	hit	922
kh01	309	Response	2	9867375	10566	1
kh01	310	Picture	fix	9884412	0	1	4101	2	0	4000	other	0
kh01	310	Picture	leV	9890513	6101	1	3100	2	6000	20000	hit	925
kh01	310	Response	1	9893543	9131	2
kh01	311	Picture	fix	9910615	0	1	4101	2	0	4000	other	0
kh01	311	Picture	meS	9916716	6101	1	4301	2	6000	20000	hit	928
kh01	311	Response	2	9920987	10372	2
kh01	312	Picture	fix	9938019	0	1	4100	2	0	4000	other	0
kh01	312	Picture	neV	9944119	6100	1	4001	2	6000	20000	hit	931
kh01	312	Response	1	9948041	10022	1
kh01	313	Picture	fix	9965122	0	1	4100	3	0	4000	other	0
kh01	313	Picture	leV	9971223	6101	1	3900	2	6000	20000	hit	934
kh01	313	Response	1	9975087	9965	1
kh01	314	Picture	fix	9992125	0	1	4101	2	0	4000	other	0
kh01	314	Picture	neS	9998226	6101	1	3500	3	6000	20000	hit	937
kh01	314	Response	2	10001664	9539	1
kh01	315	Picture	fix	10018728	0	2	4101	3	0	4000	other	0
kh01	315	Picture	keS	10024829	6101	1	3601	2	6000	20000	hit	940
kh01	315	Response	2	10028403	9675	2
kh01	316	Picture	fix	10045432	0	1	4100	2	0	4000	other	0
kh01	316	Picture	reV	10051532	6100	2	3501	3	6000	20000	hit	943
kh01	316	Response	1	10055004	9572	2
kh01	317	Picture	fix	10072035	0	1	4101	2	0	4000	other	0
kh01	317	Picture	deV	10078136	6101	1	4200	2	6000	20000	hit	946
kh01	317	Response	1	10082249	10214	2
kh01	318	Picture	fix	10099338	0	2	4101	3	0	4000	other	0
kh01	318	Picture	neV	10105439	6101	1	3101	2	6000	20000	hit	949
kh01	318	Response	1	10108489	9151	1
kh01	319	Picture	fix	10125542	0	1	4100	2	0	4000	other	0
kh01	319	Picture	teS	10131642	6100	2	2901	3	6000	20000	hit	952
kh01	319	Response	2	10134445	8903	1
kh01	320	Picture	fix	10151545	0	1	4100	2	0	4000	other	0
kh01	320	Picture	reV	10157646	6101	1	3900	2	6000	20000	hit	955
kh01	320	Response	1	10161465	9920	1
kh01	321	Picture	fix	10178548	0	1	4101	2	0	4000	other	0
kh01	321	Picture	peV	10184649	6101	1	3500	2	6000	20000	hit	958
kh01	321	Response	1	10188059	9511	1
kh01	322	Picture	fix	10205151	0	2	4101	3	0	4000	other	0
kh01	322	Picture	leS	10211252	6101	1	2800	3	6000	20000	incorrect	961
kh01	322	Response	1	10213994	8843	1
kh01	323	Picture	fix	10232255	0	1	4100	2	0	4000	other	0
kh01	323	Picture	peV	10238355	6100	2	3501	3	6000	20000	hit	964
kh01	323	Response	1	10241839	9584	1
kh01	324	Picture	fix	10258858	0	1	4100	3	0	4000	other	0
kh01	324	Picture	peV	10264959	6101	1	4100	2	6000	20000	hit	967
kh01	324	Response	1	10268963	10105	1
kh01	325	Picture	fix	10286061	0	1	4101	2	0	4000	other	0
kh01	325	Picture	meS	10292162	6101	1	5801	2	6000	20000	hit	970
kh01	325	Response	2	10297897	11836	1
kh01	326	Picture	fix	10314965	0	1	4100	2	0	4000	other	0
kh01	326	Picture	teS	10321066	6101	1	3300	2	6000	20000	hit	973
kh01	326	Response	2	10324285	9320	1
kh01	327	Picture	fix	10341368	0	1	4101	2	0	4000	other	0
kh01	327	Picture	seS	10347469	6101	1	3500	2	6000	20000	hit	976
kh01	327	Response	2	10350942	9574	1
kh01	328	Picture	fix	10367971	0	2	4101	3	0	4000	other	0
kh01	328	Picture	leV	10374072	6101	1	4401	2	6000	20000	hit	979
kh01	328	Response	1	10378378	10407	1
kh01	329	Picture	fix	10395475	0	1	4100	2	0	4000	other	0
kh01	329	Picture	reV	10401575	6100	2	3901	3	6000	20000	hit	982
kh01	329	Response	1	10405400	9925	1
kh01	330	Picture	fix	10422478	0	1	4100	3	0	4000	other	0
kh01	330	Picture	deS	10428579	6101	1	2700	2	6000	20000	hit	985
kh01	330	Response	2	10431201	8723	1
kh01	331	Picture	fix	10448281	0	1	4101	2	0	4000	other	0
kh01	331	Picture	neS	10454382	6101	1	3500	2	6000	20000	hit	988
kh01	331	Response	2	10457790	9509	1
kh01	332	Picture	fix	10474884	0	2	4101	3	0	4000	other	0
kh01	332	Picture	neV	10480985	6101	1	4001	2	6000	20000	hit	991
kh01	332	Response	1	10484925	10041	1
kh01	333	Picture	fix	10501988	0	1	4100	2	0	4000	other	0
kh01	333	Picture	keS	10508089	6101	1	3500	2	6000	20000	hit	994
kh01	333	Response	2	10511545	9557	1
kh01	334	Picture	fix	10528591	0	1	4100	3	0	4000	other	0
kh01	334	Picture	neS	10534692	6101	1	3700	2	6000	20000	hit	997
kh01	334	Response	2	10538355	9764	1
kh01	335	Picture	fix	10555394	0	1	4101	2	0	4000	other	0
kh01	335	Picture	teV	10561495	6101	1	4301	2	6000	20000	hit	1000
kh01	335	Response	1	10565756	10362	1
kh01	336	Picture	fix	10582798	0	1	4100	2	0	4000	other	0
kh01	336	Picture	seS	10588898	6100	2	3601	3	6000	20000	hit	1003
kh01	336	Response	2	10592396	9598	2
kh01	337	Picture	fix	10609501	0	1	4100	3	0	4000	other	0
kh01	337	Picture	neV	10615602	6101	1	3600	2	6000	20000	hit	1006
kh01	337	Response	1	10619170	9669	1
kh01	338	Picture	fix	10636204	0	1	4101	2	0	4000	other	0
kh01	338	Picture	meS	10642305	6101	1	3000	2	6000	20000	hit	1009
kh01	338	Response	2	10645198	8994	1
kh01	339	Picture	fix	10662307	0	2	4101	3	0	4000	other	0
kh01	339	Picture	leS	10668408	6101	1	3601	2	6000	20000	hit	1012
kh01	339	Response	2	10671950	9643	1
kh01	340	Picture	fix	10689011	0	1	4100	2	0	4000	other	0
kh01	340	Picture	reV	10695111	6100	2	4301	3	6000	20000	hit	1015
kh01	340	Response	1	10699383	10372	1
kh01	341	Picture	fix	10716414	0	1	4101	2	0	4000	other	0
kh01	341	Picture	keS	10722515	6101	1	3600	2	6000	20000	hit	1018
kh01	341	Response	2	10726039	9625	1
kh01	342	Picture	fix	10743117	0	1	4101	2	0	4000	other	0
kh01	342	Picture	peS	10749218	6101	1	4001	2	6000	20000	hit	1021
kh01	342	Response	2	10753205	10088	1
kh01	343	Picture	fix	10770221	0	1	4100	2	0	4000	other	0
kh01	343	Picture	keV	10776321	6100	2	3301	3	6000	20000	hit	1024
kh01	343	Response	1	10779536	9315	2
kh01	344	Picture	fix	10796624	0	1	4100	3	0	4000	other	0
kh01	344	Picture	leV	10802725	6101	1	4600	2	6000	20000	hit	1027
kh01	344	Response	1	10807274	10650	1
kh01	345	Picture	fix	10824327	0	1	4101	2	0	4000	other	0
kh01	345	Picture	keS	10830428	6101	1	4001	2	6000	20000	hit	1030
kh01	345	Response	2	10834408	10081	2
kh01	346	Picture	fix	10851431	0	1	4100	2	0	4000	other	0
kh01	346	Picture	neV	10857531	6100	2	3501	3	6000	20000	hit	1033
kh01	346	Response	1	10860982	9551	2
kh01	347	Picture	fix	10878034	0	1	4100	2	0	4000	other	0
kh01	347	Picture	meS	10884135	6101	1	2500	2	6000	20000	hit	1036
kh01	347	Response	2	10886540	8506	2
kh01	348	Picture	fix	10903637	0	1	4101	2	0	4000	other	0
kh01	348	Picture	peV	10909738	6101	1	3100	2	6000	20000	hit	1039
kh01	348	Response	1	10912818	9181	1
kh01	349	Picture	fix	10929840	0	1	4101	2	0	4000	other	0
kh01	349	Picture	reS	10935941	6101	1	4400	3	6000	20000	hit	1042
kh01	349	Response	2	10940312	10472	1
kh01	350	Picture	fix	10957344	0	1	4100	2	0	4000	other	0
kh01	350	Picture	neV	10963444	6100	1	3001	2	6000	20000	hit	1045
kh01	350	Response	1	10966370	9026	2
kh01	351	Picture	fix	10983447	0	1	4100	2	0	4000	other	0
kh01	351	Picture	leS	10989547	6100	2	5101	3	6000	20000	hit	1048
kh01	351	Response	2	10994629	11182	1
kh01	352	Picture	fix	11011650	0	1	4101	2	0	4000	other	0
kh01	352	Picture	seS	11017751	6101	1	4200	3	6000	20000	hit	1051
kh01	352	Response	2	11021883	10233	2
kh01	353	Picture	fix	11038954	0	1	4100	2	0	4000	other	0
kh01	353	Picture	meV	11045054	6100	1	3001	2	6000	20000	hit	1054
kh01	353	Response	1	11047983	9029	1
kh01	354	Picture	fix	11065057	0	1	4100	2	0	4000	other	0
kh01	354	Picture	peV	11071157	6100	2	3901	3	6000	20000	hit	1057
kh01	354	Response	1	11074985	9928	2
kh01	355	Picture	fix	11092060	0	1	4101	2	0	4000	other	0
kh01	355	Picture	neS	11098161	6101	1	2700	2	6000	20000	hit	1060
kh01	355	Response	2	11100808	8748	2
kh01	356	Picture	fix	11117863	0	1	4101	2	0	4000	other	0
kh01	356	Picture	deS	11123964	6101	1	3800	3	6000	20000	hit	1063
kh01	356	Response	2	11127679	9816	1
kh01	357	Picture	fix	11144767	0	1	4100	2	0	4000	other	0
kh01	357	Picture	meV	11150867	6100	1	3401	2	6000	20000	hit	1066
kh01	357	Response	1	11154199	9432	1
kh01	358	Picture	fix	11171270	0	1	4100	2	0	4000	other	0
kh01	358	Picture	reV	11177371	6101	1	4000	2	6000	20000	hit	1069
kh01	358	Response	1	11181359	10089	2
kh01	359	Picture	fix	11198373	0	1	4101	2	0	4000	other	0
kh01	359	Picture	leS	11204474	6101	1	2700	2	6000	20000	hit	1072
kh01	359	Response	2	11207082	8709	1
kh01	360	Picture	fix	11224176	0	1	4101	2	0	4000	other	0
kh01	360	Picture	neV	11230277	6101	1	3200	2	6000	20000	hit	1075
kh01	360	Response	1	11233368	9192	1
kh01	361	Picture	fix	11250380	0	1	4100	2	0	4000	other	0
kh01	361	Picture	neV	11256480	6100	1	5301	2	6000	20000	hit	1078
kh01	361	Response	1	11261722	11342	1
kh01	362	Picture	fix	11278783	0	1	4100	3	0	4000	other	0
kh01	362	Picture	neV	11284884	6101	1	3700	2	6000	20000	hit	1081
kh01	362	Response	1	11288563	9780	1
kh01	363	Picture	fix	11305586	0	1	4101	2	0	4000	other	0
kh01	363	Picture	teS	11311687	6101	1	4301	2	6000	20000	hit	1084
kh01	363	Response	2	11315916	10330	1
kh01	364	Picture	fix	11332990	0	1	4100	2	0	4000	other	0
kh01	364	Picture	seV	11339090	6100	2	3501	3	6000	20000	incorrect	1087
kh01	364	Response	2	11342555	9565	1
kh01	365	Picture	fix	11360893	0	1	4101	2	0	4000	other	0
kh01	365	Picture	teV	11366994	6101	1	4200	2	6000	20000	hit	1090
kh01	365	Response	1	11371115	10222	1
kh01	366	Picture	fix	11388196	0	2	4101	3	0	4000	other	0
kh01	366	Picture	teV	11394297	6101	1	3701	2	6000	20000	hit	1093
kh01	366	Response	1	11397944	9748	1
kh01	367	Picture	fix	11415000	0	1	4100	2	0	4000	other	0
kh01	367	Picture	neS	11421100	6100	2	4301	3	6000	20000	hit	1096
kh01	367	Response	2	11425321	10321	1
kh01	368	Picture	fix	11442403	0	1	4101	2	0	4000	other	0
kh01	368	Picture	leV	11448504	6101	1	3800	2	6000	20000	hit	1099
kh01	368	Response	1	11452227	9824	1
kh01	369	Picture	fix	11469306	0	1	4101	2	0	4000	other	0
kh01	369	Picture	meS	11475407	6101	1	3000	3	6000	20000	hit	1102
kh01	369	Response	2	11478361	9055	2
kh01	370	Picture	fix	11495409	0	2	4101	3	0	4000	other	0
kh01	370	Picture	meV	11501510	6101	1	2601	2	6000	20000	hit	1105
kh01	370	Response	1	11504062	8653	1
kh01	371	Picture	fix	11521113	0	1	4100	2	0	4000	other	0
kh01	371	Picture	neS	11527213	6100	2	3301	3	6000	20000	hit	1108
kh01	371	Response	2	11530452	9339	2
kh01	372	Picture	fix	11547516	0	1	4100	3	0	4000	other	0
kh01	372	Picture	reV	11553617	6101	1	2900	2	6000	20000	hit	1111
kh01	372	Response	1	11556489	8973	2
kh01	373	Picture	fix	11573519	0	1	4101	2	0	4000	other	0
kh01	373	Picture	leS	11579620	6101	1	3800	2	6000	20000	hit	1114
kh01	373	Response	2	11583343	9824	1
kh01	374	Picture	fix	11600422	0	2	4101	3	0	4000	other	0
kh01	374	Picture	deV	11606523	6101	1	3201	2	6000	20000	hit	1117
kh01	374	Response	1	11609635	9213	2
kh01	375	Picture	fix	11626726	0	1	4100	2	0	4000	other	0
kh01	375	Picture	peV	11632826	6100	2	4401	3	6000	20000	hit	1120
kh01	375	Response	1	11637193	10467	1
kh01	376	Picture	fix	11654229	0	1	4101	2	0	4000	other	0
kh01	376	Picture	teS	11660330	6101	1	3100	2	6000	20000	hit	1123
kh01	376	Response	2	11663409	9180	1
kh01	377	Picture	fix	11680432	0	1	4101	2	0	4000	other	0
kh01	377	Picture	deS	11686533	6101	1	3600	2	6000	20000	hit	1126
kh01	377	Response	2	11690035	9603	1
kh01	378	Picture	fix	11707135	0	2	4101	3	0	4000	other	0
kh01	378	Picture	reS	11713236	6101	1	3701	2	6000	20000	hit	1129
kh01	378	Response	2	11716915	9780	1
kh01	379	Picture	fix	11733939	0	1	4100	2	0	4000	other	0
kh01	379	Picture	neS	11740040	6101	1	4500	2	6000	20000	incorrect	1132
kh01	379	Response	1	11744518	10579	2
kh01	379A	Response	2	11744690	171	1
kh01	380	Picture	fix	11761742	0	1	4101	2	0	4000	other	0
kh01	380	Picture	keS	11767843	6101	1	4700	3	6000	20000	hit	1136
kh01	380	Response	2	11772504	10762	1
kh01	381	Picture	fix	11789546	0	1	4100	2	0	4000	other	0
kh01	381	Picture	keV	11795646	6100	1	5901	2	6000	20000	hit	1139
kh01	381	Response	1	11801443	11897	1
kh01	382	Picture	fix	11818549	0	1	4101	2	0	4000	other	0
kh01	382	Picture	peV	11824650	6101	1	7801	2	6000	20000	hit	1142
kh01	382	Response	1	11832405	13856	1
kh01	383	Picture	fix	11849453	0	1	4100	3	0	4000	other	0
kh01	383	Picture	teV	11855554	6101	1	6600	3	6000	20000	hit	1145
kh01	383	Response	1	11862066	12613	1
kh01	384	Picture	fix	11879157	0	1	4100	2	0	4000	other	0
kh01	384	Picture	meS	11885257	6100	1	3201	2	6000	20000	hit	1148
kh01	384	Response	2	11888395	9238	2
kh01	385	Picture	fix	11905460	0	1	4100	2	0	4000	other	0
kh01	385	Picture	meV	11911561	6101	1	3600	2	6000	20000	hit	1151
kh01	385	Response	1	11915097	9637	1
kh01	386	Picture	fix	11932163	0	1	4101	2	0	4000	other	0
kh01	386	Picture	teS	11938264	6101	1	3100	2	6000	20000	hit	1154
kh01	386	Response	2	11941259	9096	1
kh01	387	Picture	fix	11958366	0	1	4101	2	0	4000	other	0
kh01	387	Picture	peV	11964467	6101	1	3700	3	6000	20000	hit	1157
kh01	387	Response	1	11968121	9755	1
kh01	388	Picture	fix	11985170	0	1	4100	2	0	4000	other	0
kh01	388	Picture	keS	11991270	6100	1	3601	2	6000	20000	hit	1160
kh01	388	Response	2	11994761	9591	1
kh01	389	Picture	fix	12011773	0	1	4100	2	0	4000	other	0
kh01	389	Picture	meV	12017874	6101	1	3300	2	6000	20000	hit	1163
kh01	389	Response	1	12021161	9388	2
kh01	390	Picture	fix	12038176	0	1	4101	2	0	4000	other	0
kh01	390	Picture	peS	12044277	6101	1	3300	2	6000	20000	hit	1166
kh01	390	Response	2	12047517	9341	1
kh01	391	Picture	fix	12064579	0	1	4101	2	0	4000	other	0
kh01	391	Picture	keV	12070680	6101	1	3600	3	6000	20000	hit	1169
kh01	391	Response	1	12074237	9658	1
kh01	392	Picture	fix	12091283	0	1	4100	2	0	4000	other	0
kh01	392	Picture	seS	12097383	6100	1	3101	2	6000	20000	hit	1172
kh01	392	Response	2	12100458	9175	1
kh01	393	Picture	fix	12117486	0	1	4100	2	0	4000	other	0
kh01	393	Picture	peV	12123586	6100	2	3701	3	6000	20000	hit	1175
kh01	393	Response	1	12127225	9739	1
kh01	394	Picture	fix	12144289	0	1	4101	2	0	4000	other	0
kh01	394	Picture	meS	12150390	6101	1	3600	2	6000	20000	hit	1178
kh01	394	Response	2	12153967	9678	1
kh01	395	Picture	fix	12170992	0	2	4101	3	0	4000	other	0
kh01	395	Picture	deS	12177093	6101	1	3701	2	6000	20000	hit	1181
kh01	395	Response	2	12180733	9741	1
kh01	396	Picture	fix	12197796	0	1	4100	2	0	4000	other	0
kh01	396	Picture	teV	12203896	6100	1	4001	2	6000	20000	hit	1184
kh01	396	Response	1	12207839	10043	1
kh01	397	Picture	fix	12224899	0	1	4100	3	0	4000	other	0
kh01	397	Picture	deS	12231000	6101	1	3100	2	6000	20000	hit	1187
kh01	397	Response	2	12234076	9177	1
kh01	398	Picture	fix	12251102	0	1	4101	2	0	4000	other	0
kh01	398	Picture	seV	12257203	6101	1	3500	2	6000	20000	incorrect	1190
kh01	398	Response	2	12260657	9555	1
kh01	399	Picture	fix	12279006	0	1	4100	2	0	4000	other	0
kh01	399	Picture	deV	12285106	6100	1	4101	2	6000	20000	hit	1193
kh01	399	Response	1	12289162	10156	1
kh01	400	Picture	fix	12306209	0	1	4100	3	0	4000	other	0
kh01	400	Picture	keS	12312310	6101	1	3300	2	6000	20000	hit	1196
kh01	400	Response	2	12315551	9342	2
kh01	401	Picture	fix	12332612	0	1	4101	2	0	4000	other	0
kh01	401	Picture	peS	12338713	6101	1	4500	3	6000	20000	hit	1199
kh01	401	Response	2	12343117	10505	1
kh01	402	Picture	fix	12360216	0	1	4100	2	0	4000	other	0
kh01	402	Picture	deV	12366316	6100	1	5001	2	6000	20000	hit	1202
kh01	402	Response	1	12371245	11029	1
kh01	403	Picture	fix	12388319	0	1	4100	3	0	4000	other	0
kh01	403	Picture	teS	12394420	6101	1	3900	2	6000	20000	hit	1205
kh01	403	Response	2	12398251	9932	1
kh01	404	Picture	fix	12415322	0	1	4101	2	0	4000	other	0
kh01	404	Picture	teV	12421423	6101	1	2800	2	6000	20000	hit	1208
kh01	404	Response	1	12424150	8828	2
kh01	405	Picture	fix	12441225	0	2	4101	3	0	4000	other	0
kh01	405	Picture	teV	12447326	6101	1	3601	2	6000	20000	hit	1211
kh01	405	Response	1	12450873	9648	1
kh01	406	Picture	fix	12467929	0	1	4100	2	0	4000	other	0
kh01	406	Picture	peV	12474029	6100	2	3101	3	6000	20000	hit	1214
kh01	406	Response	1	12477041	9112	1
kh01	407	Picture	fix	12494132	0	1	4100	3	0	4000	other	0
kh01	407	Picture	peV	12500233	6101	1	3400	2	6000	20000	hit	1217
kh01	407	Response	1	12503603	9471	1
kh01	408	Response	3	12645670	125035	1
kh01	409	Picture	fix	12662753	0	1	4100	2	0	4000	other	0
kh01	409	Picture	keV	12668853	6100	1	3401	2	6000	20000	hit	1221
kh01	409	Response	1	12672220	9467	1
kh01	410	Picture	fix	12689256	0	1	4100	2	0	4000	other	0
kh01	410	Picture	teV	12695357	6101	1	3600	2	6000	20000	hit	1224
kh01	410	Response	1	12698914	9658	1
kh01	411	Picture	fix	12715959	0	1	4101	2	0	4000	other	0
kh01	411	Picture	reV	12722060	6101	1	4100	2	6000	20000	hit	1227
kh01	411	Response	1	12726092	10133	1
kh01	412	Picture	fix	12743162	0	2	4101	3	0	4000	other	0
kh01	412	Picture	leS	12749263	6101	1	3601	2	6000	20000	hit	1230
kh01	412	Response	2	12752755	9593	1
kh01	413	Picture	fix	12769766	0	1	4100	2	0	4000	other	0
kh01	413	Picture	leS	12775866	6100	2	3701	3	6000	20000	hit	1233
kh01	413	Response	2	12779556	9790	1
kh01	414	Picture	fix	12796569	0	1	4101	2	0	4000	other	0
kh01	414	Picture	keS	12802670	6101	1	3900	2	6000	20000	hit	1236
kh01	414	Response	2	12806553	9984	2
kh01	415	Picture	fix	12823572	0	1	4101	2	0	4000	other	0
kh01	415	Picture	reS	12829673	6101	1	2800	3	6000	20000	hit	1239
kh01	415	Response	2	12832454	8882	1
kh01	416	Picture	fix	12849475	0	2	4101	3	0	4000	other	0
kh01	416	Picture	reV	12855576	6101	1	3701	2	6000	20000	hit	1242
kh01	416	Response	1	12859208	9733	2
kh01	417	Picture	fix	12876279	0	1	4100	2	0	4000	other	0
kh01	417	Picture	peS	12882380	6101	1	3800	2	6000	20000	hit	1245
kh01	417	Response	2	12886104	9825	1
kh01	418	Picture	fix	12903182	0	1	4101	2	0	4000	other	0
kh01	418	Picture	meV	12909283	6101	1	3000	2	6000	20000	hit	1248
kh01	418	Response	1	12912189	9007	1
kh01	419	Picture	fix	12929285	0	1	4101	2	0	4000	other	0
kh01	419	Picture	leS	12935386	6101	1	3500	3	6000	20000	incorrect	1251
kh01	419	Response	1	12938851	9566	1
kh01	420	Picture	fix	12957289	0	1	4100	2	0	4000	other	0
kh01	420	Picture	leV	12963389	6100	2	3701	3	6000	20000	hit	1254
kh01	420	Response	1	12967025	9736	1
kh01	421	Picture	fix	12984092	0	1	4101	2	0	4000	other	0
kh01	421	Picture	keV	12990193	6101	1	4700	2	6000	20000	hit	1257
kh01	421	Response	1	12994797	10705	1
kh01	422	Picture	fix	13011895	0	2	4101	3	0	4000	other	0
kh01	422	Picture	meS	13017996	6101	1	2900	3	6000	20000	hit	1260
kh01	422	Response	2	13020800	8905	1
kh01	423	Picture	fix	13037899	0	1	4100	2	0	4000	other	0
kh01	423	Picture	peV	13043999	6100	1	2801	2	6000	20000	hit	1263
kh01	423	Response	1	13046786	8887	1
kh01	424	Picture	fix	13063802	0	1	4100	2	0	4000	other	0
kh01	424	Picture	leS	13069902	6100	2	3201	3	6000	20000	hit	1266
kh01	424	Response	2	13072999	9197	2
kh01	425	Picture	fix	13090105	0	1	4100	3	0	4000	other	0
kh01	425	Picture	keV	13096206	6101	1	3700	2	6000	20000	hit	1269
kh01	425	Response	1	13099809	9704	1
kh01	426	Picture	fix	13116908	0	1	4101	2	0	4000	other	0
kh01	426	Picture	reS	13123009	6101	1	2900	2	6000	20000	hit	1272
kh01	426	Response	2	13125814	8906	1
kh01	427	Picture	fix	13142911	0	2	4101	3	0	4000	other	0
kh01	427	Picture	neS	13149012	6101	1	3801	2	6000	20000	hit	1275
kh01	427	Response	2	13152755	9844	1
kh01	428	Picture	fix	13169815	0	1	4100	2	0	4000	other	0
kh01	428	Picture	neS	13175916	6101	1	3500	2	6000	20000	hit	1278
kh01	428	Response	2	13179382	9567	1
kh01	429	Picture	fix	13196418	0	1	4101	2	0	4000	other	0
kh01	429	Picture	keV	13202519	6101	1	2900	2	6000	20000	hit	1281
kh01	429	Response	1	13205318	8900	1
kh01	430	Picture	fix	13222421	0	1	4101	2	0	4000	other	0
kh01	430	Picture	teV	13228522	6101	1	3600	3	6000	20000	hit	1284
kh01	430	Response	1	13232080	9659	2
kh01	431	Picture	fix	13249124	0	2	4101	3	0	4000	other	0
kh01	431	Picture	deV	13255225	6101	1	4001	2	6000	20000	hit	1287
kh01	431	Response	1	13259200	10076	1
kh01	432	Picture	fix	13276228	0	1	4100	2	0	4000	other	0
kh01	432	Picture	neS	13282329	6101	1	2800	2	6000	20000	hit	1290
kh01	432	Response	2	13285054	8826	1
kh01	433	Picture	fix	13302131	0	1	4100	3	0	4000	other	0
kh01	433	Picture	meS	13308232	6101	1	3400	2	6000	20000	hit	1293
kh01	433	Response	2	13311578	9447	1
kh01	434	Picture	fix	13328634	0	1	4101	2	0	4000	other	0
kh01	434	Picture	reS	13334735	6101	1	3200	2	6000	20000	hit	1296
kh01	434	Response	2	13337910	9276	1
kh01	435	Picture	fix	13354937	0	2	4101	3	0	4000	other	0
kh01	435	Picture	seS	13361038	6101	1	4201	2	6000	20000	hit	1299
kh01	435	Response	2	13365184	10247	1
kh01	436	Picture	fix	13382241	0	1	4100	2	0	4000	other	0
kh01	436	Picture	deV	13388342	6101	1	3700	2	6000	20000	hit	1302
kh01	436	Response	1	13391947	9706	2
kh01	437	Picture	fix	13409044	0	1	4101	2	0	4000	other	0
kh01	437	Picture	seS	13415145	6101	1	2900	2	6000	20000	hit	1305
kh01	437	Response	2	13417965	8921	1
kh01	438	Picture	fix	13435047	0	1	4101	2	0	4000	other	0
kh01	438	Picture	peS	13441148	6101	1	3300	3	6000	20000	hit	1308
kh01	438	Response	2	13444426	9379	1
kh01	439	Picture	fix	13461450	0	2	4101	3	0	4000	other	0
kh01	439	Picture	peV	13467551	6101	1	3601	2	6000	20000	hit	1311
kh01	439	Response	1	13471057	9607	2
kh01	440	Picture	fix	13488154	0	1	4100	2	0	4000	other	0
kh01	440	Picture	seV	13494254	6100	2	3601	3	6000	20000	hit	1314
kh01	440	Response	1	13497823	9669	1
kh01	441	Picture	fix	13514857	0	1	4101	2	0	4000	other	0
kh01	441	Picture	peV	13520958	6101	1	5801	2	6000	20000	hit	1317
kh01	441	Response	1	13526732	11875	1
kh01	442	Picture	fix	13543761	0	1	4100	2	0	4000	other	0
kh01	442	Picture	seV	13549861	6100	2	3201	3	6000	20000	hit	1320
kh01	442	Response	1	13553017	9256	1
kh01	443	Picture	fix	13570064	0	1	4100	2	0	4000	other	0
kh01	443	Picture	keV	13576165	6101	1	2800	2	6000	20000	hit	1323
kh01	443	Response	1	13578903	8839	1
kh01	444	Picture	fix	13595967	0	1	4100	3	0	4000	other	0
kh01	444	Picture	reS	13602068	6101	1	3500	2	6000	20000	hit	1326
kh01	444	Response	2	13605469	9502	1
kh01	445	Picture	fix	13622570	0	1	4101	2	0	4000	other	0
kh01	445	Picture	keV	13628671	6101	1	2900	2	6000	20000	hit	1329
kh01	445	Response	1	13631538	8968	1
kh01	446	Picture	fix	13648573	0	2	4101	3	0	4000	other	0
kh01	446	Picture	keV	13654674	6101	1	3001	2	6000	20000	hit	1332
kh01	446	Response	1	13657648	9075	1
kh01	447	Picture	fix	13674676	0	7	4101	8	0	4000	other	0
kh01	447	Picture	meV	13680777	6101	2	4001	3	6000	20000	hit	1335
kh01	447	Response	1	13684715	10039	1
kh01	448	Picture	fix	13701780	0	1	4100	3	0	4000	other	0
kh01	448	Picture	seV	13707881	6101	1	2800	2	6000	20000	hit	1338
kh01	448	Response	1	13710611	8831	2
kh01	449	Picture	fix	13727683	0	1	4101	2	0	4000	other	0
kh01	449	Picture	leV	13733784	6101	1	4200	2	6000	20000	hit	1341
kh01	449	Response	1	13737917	10234	1
kh01	450	Picture	fix	13754986	0	2	4101	3	0	4000	other	0
kh01	450	Picture	deV	13761087	6101	1	3201	2	6000	20000	hit	1344
kh01	450	Response	1	13764262	9276	1
kh01	451	Picture	fix	13781290	0	1	4100	2	0	4000	other	0
kh01	451	Picture	deV	13787390	6100	2	3001	3	6000	20000	hit	1347
kh01	451	Response	1	13790358	9068	1
kh01	452	Picture	fix	13807393	0	1	4100	2	0	4000	other	0
kh01	452	Picture	reS	13813494	6101	1	4100	2	6000	20000	hit	1350
kh01	452	Response	2	13817546	10153	1
kh01	453	Picture	fix	13834596	0	1	4101	2	0	4000	other	0
kh01	453	Picture	meV	13840697	6101	1	3800	3	6000	20000	hit	1353
kh01	453	Response	1	13844419	9823	1
kh01	454	Picture	fix	13861500	0	1	4100	2	0	4000	other	0
kh01	454	Picture	neV	13867600	6100	1	4101	2	6000	20000	hit	1356
kh01	454	Response	1	13871634	10134	2
kh01	455	Picture	fix	13888703	0	1	4100	2	0	4000	other	0
kh01	455	Picture	deV	13894804	6101	1	6400	2	6000	20000	hit	1359
kh01	455	Response	1	13901109	12406	1
kh01	456	Picture	fix	13918206	0	2	4101	3	0	4000	other	0
kh01	456	Picture	deS	13924307	6101	1	3801	2	6000	20000	hit	1362
kh01	456	Response	2	13928015	9809	1
kh01	457	Picture	fix	13945110	0	1	4100	2	0	4000	other	0
kh01	457	Picture	deS	13951211	6101	1	3300	2	6000	20000	hit	1365
kh01	457	Response	2	13954441	9331	1
kh01	458	Picture	fix	13971513	0	1	4101	2	0	4000	other	0
kh01	458	Picture	deS	13977614	6101	1	3400	2	6000	20000	hit	1368
kh01	458	Response	2	13980988	9475	1
kh01	459	Picture	fix	13998016	0	1	4101	2	0	4000	other	0
kh01	459	Picture	keV	14004117	6101	1	4001	2	6000	20000	hit	1371
kh01	459	Response	1	14008090	10074	1
kh01	460	Picture	fix	14025120	0	1	4100	2	0	4000	other	0
kh01	460	Picture	keS	14031220	6100	1	3801	2	6000	20000	incorrect	1374
kh01	460	Response	1	14034922	9802	1
kh01	461	Picture	fix	14053223	0	1	4101	2	0	4000	other	0
kh01	461	Picture	keS	14059324	6101	1	10201	2	6000	20000	hit	1377
kh01	461	Response	2	14069507	16284	1
kh01	462	Picture	fix	14086527	0	1	4101	2	0	4000	other	0
kh01	462	Picture	reV	14092628	6101	1	7001	2	6000	20000	hit	1380
kh01	462	Response	1	14099555	13028	1
kh01	463	Picture	fix	14116631	0	1	4100	2	0	4000	other	0
kh01	463	Picture	peS	14122732	6101	1	9901	2	6000	20000	hit	1383
kh01	463	Response	2	14132585	15954	1
kh01	464	Picture	fix	14149635	0	1	4100	2	0	4000	other	0
kh01	464	Picture	keV	14155736	6101	1	4300	2	6000	20000	hit	1386
kh01	464	Response	1	14160021	10386	1
kh01	465	Picture	fix	14177038	0	1	4101	2	0	4000	other	0
kh01	465	Picture	seV	14183139	6101	1	4501	2	6000	20000	hit	1389
kh01	465	Response	1	14187618	10580	1
kh01	466	Picture	fix	14204642	0	1	4100	2	0	4000	other	0
kh01	466	Picture	keS	14210742	6100	2	7901	3	6000	20000	hit	1392
kh01	466	Response	2	14218602	13960	2
kh01	467	Picture	fix	14235645	0	2	4101	3	0	4000	other	0
kh01	467	Picture	keS	14241746	6101	1	5201	2	6000	20000	hit	1395
kh01	467	Response	2	14246927	11282	1
kh01	468	Picture	fix	14263949	0	1	4100	2	0	4000	other	0
kh01	468	Picture	reV	14270050	6101	1	4596	7	6000	20000	hit	1398
kh01	468	Response	1	14274594	10645	2
kh01	469	Picture	fix	14291652	0	1	4101	2	0	4000	other	0
kh01	469	Picture	leV	14297753	6101	1	6301	2	6000	20000	hit	1401
kh01	469	Response	1	14303962	12310	1
kh01	470	Picture	fix	14321056	0	1	4100	2	0	4000	other	0
kh01	470	Picture	deV	14327157	6101	1	4500	2	6000	20000	hit	1404
kh01	470	Response	1	14331572	10516	2
kh01	471	Picture	fix	14348659	0	1	4101	2	0	4000	other	0
kh01	471	Picture	teV	14354760	6101	1	4601	2	6000	20000	hit	1407
kh01	471	Response	1	14359300	10641	2
kh01	472	Picture	fix	14376363	0	1	4100	2	0	4000	other	0
kh01	472	Picture	meS	14382463	6100	2	4501	3	6000	20000	incorrect	1410
kh01	472	Response	1	14386946	10583	1
kh01	473	Picture	fix	14405266	0	1	4101	2	0	4000	other	0
kh01	473	Picture	peS	14411367	6101	1	6301	2	6000	20000	hit	1413
kh01	473	Response	2	14417653	12387	1
kh01	474	Picture	fix	14434670	0	1	4100	2	0	4000	other	0
kh01	474	Picture	peV	14440771	6101	1	3700	2	6000	20000	hit	1416
kh01	474	Response	1	14444363	9693	1
kh01	475	Picture	fix	14461473	0	1	4101	2	0	4000	other	0
kh01	475	Picture	leS	14467574	6101	1	3800	2	6000	20000	hit	1419
kh01	475	Response	2	14471269	9796	2
kh01	476	Picture	fix	14488376	0	2	4101	3	0	4000	other	0
kh01	476	Picture	peV	14494477	6101	1	4201	2	6000	20000	hit	1422
kh01	476	Response	1	14498615	10239	2
kh01	477	Picture	fix	14515680	0	1	4100	2	0	4000	other	0
kh01	477	Picture	meV	14521780	6100	2	4001	3	6000	20000	hit	1425
kh01	477	Response	1	14525729	10049	1
kh01	478	Picture	fix	14542783	0	1	4101	2	0	4000	other	0
kh01	478	Picture	keV	14548884	6101	1	3700	2	6000	20000	hit	1428
kh01	478	Response	1	14552521	9738	1
kh01	479	Picture	fix	14569586	0	1	4101	2	0	4000	other	0
kh01	479	Picture	deS	14575687	6101	1	3100	3	6000	20000	hit	1431
kh01	479	Response	2	14578677	9091	1
kh01	480	Picture	fix	14595690	0	1	4100	2	0	4000	other	0
kh01	480	Picture	peS	14601790	6100	1	3701	2	6000	20000	hit	1434
kh01	480	Response	2	14605431	9741	1
kh01	481	Picture	fix	14622493	0	1	4100	2	0	4000	other	0
kh01	481	Picture	reV	14628594	6101	1	4300	2	6000	20000	hit	1437
kh01	481	Response	1	14632791	10298	1
kh01	482	Picture	fix	14649896	0	1	4101	2	0	4000	other	0
kh01	482	Picture	seV	14655997	6101	1	3900	2	6000	20000	hit	1440
kh01	482	Response	1	14659797	9901	1
kh01	483	Picture	fix	14676899	0	2	4101	3	0	4000	other	0
kh01	483	Picture	deV	14683000	6101	1	4001	2	6000	20000	hit	1443
kh01	483	Response	1	14686953	10054	1
kh01	484	Picture	fix	14704003	0	1	4100	2	0	4000	other	0
kh01	484	Picture	deS	14710104	6101	1	3500	2	6000	20000	hit	1446
kh01	484	Response	2	14713553	9550	1
kh01	485	Picture	fix	14730606	0	1	4101	2	0	4000	other	0
kh01	485	Picture	meS	14736707	6101	1	3600	2	6000	20000	hit	1449
kh01	485	Response	2	14740283	9677	1
kh01	486	Picture	fix	14757309	0	2	4101	3	0	4000	other	0
kh01	486	Picture	leS	14763410	6101	1	3700	3	6000	20000	hit	1452
kh01	486	Response	2	14767040	9731	1
kh01	487	Picture	fix	14784113	0	1	4100	2	0	4000	other	0
kh01	487	Picture	teV	14790213	6100	2	3601	3	6000	20000	hit	1455
kh01	487	Response	1	14793769	9656	1
kh01	488	Picture	fix	14810816	0	1	4100	2	0	4000	other	0
kh01	488	Picture	meS	14816917	6101	1	2900	2	6000	20000	hit	1458
kh01	488	Response	2	14819789	8973	2
kh01	489	Picture	fix	14836819	0	1	4101	2	0	4000	other	0
kh01	489	Picture	leS	14842920	6101	1	3800	2	6000	20000	hit	1461
kh01	489	Response	2	14846659	9840	1
kh01	490	Picture	fix	14863722	0	2	4101	3	0	4000	other	0
kh01	490	Picture	leV	14869823	6101	1	3600	3	6000	20000	hit	1464
kh01	490	Response	1	14873328	9606	2
kh01	491	Picture	fix	14890426	0	1	4100	2	0	4000	other	0
kh01	491	Picture	seV	14896526	6100	2	4301	3	6000	20000	hit	1467
kh01	491	Response	1	14900754	10328	1
kh01	492	Picture	fix	14917829	0	1	4101	2	0	4000	other	0
kh01	492	Picture	deV	14923930	6101	1	3800	2	6000	20000	hit	1470
kh01	492	Response	1	14927651	9822	2
kh01	493	Picture	fix	14944732	0	1	4101	2	0	4000	other	0
kh01	493	Picture	neS	14950833	6101	1	3500	3	6000	20000	hit	1473
kh01	493	Response	2	14954260	9528	1
kh01	494	Picture	fix	14971336	0	1	4100	2	0	4000	other	0
kh01	494	Picture	seS	14977436	6100	1	3301	2	6000	20000	hit	1476
kh01	494	Response	2	14980715	9379	1
kh01	495	Picture	fix	14997739	0	1	4100	2	0	4000	other	0
kh01	495	Picture	leV	15003840	6101	1	4100	2	6000	20000	hit	1479
kh01	495	Response	1	15007917	10178	1
kh01	496	Picture	fix	15024942	0	1	4101	2	0	4000	other	0
kh01	496	Picture	seS	15031043	6101	1	4500	3	6000	20000	hit	1482
kh01	496	Response	2	15035527	10585	2
kh01	497	Picture	fix	15052545	0	2	4101	3	0	4000	other	0
kh01	497	Picture	keS	15058646	6101	1	6401	2	6000	20000	hit	1485
kh01	497	Response	2	15064989	12444	1
kh01	498	Picture	fix	15082049	0	1	4101	2	0	4000	other	0
kh01	498	Picture	teV	15088150	6101	1	3600	2	6000	20000	hit	1488
kh01	498	Response	1	15091655	9606	1
kh01	499	Picture	fix	15108752	0	2	4101	3	0	4000	other	0
kh01	499	Picture	leV	15114853	6101	1	4001	2	6000	20000	hit	1491
kh01	499	Response	1	15118798	10046	1
kh01	500	Picture	fix	15135856	0	1	4100	2	0	4000	other	0
kh01	500	Picture	leV	15141956	6100	2	3801	3	6000	20000	hit	1494
kh01	500	Response	1	15145676	9820	1
kh01	501	Picture	fix	15162759	0	1	4101	2	0	4000	other	0
kh01	501	Picture	deS	15168860	6101	1	3100	2	6000	20000	hit	1497
kh01	501	Response	2	15171947	9188	1
kh01	502	Picture	fix	15188962	0	1	4101	2	0	4000	other	0
kh01	502	Picture	neV	15195063	6101	1	4401	2	6000	20000	hit	1500
kh01	502	Response	1	15199357	10395	2
kh01	503	Picture	fix	15216466	0	1	4100	2	0	4000	other	0
kh01	503	Picture	teV	15222566	6100	1	3001	2	6000	20000	hit	1503
kh01	503	Response	1	15225510	9044	1
kh01	504	Picture	fix	15242569	0	1	4100	2	0	4000	other	0
kh01	504	Picture	seV	15248670	6101	1	3900	2	6000	20000	hit	1506
kh01	504	Response	1	15252508	9939	2
kh01	505	Picture	fix	15269572	0	1	4101	2	0	4000	other	0
kh01	505	Picture	leV	15275673	6101	1	4000	2	6000	20000	hit	1509
kh01	505	Response	1	15279609	10037	2
kh01	506	Picture	fix	15296675	0	2	4101	3	0	4000	other	0
kh01	506	Picture	neV	15302776	6101	1	4001	2	6000	20000	hit	1512
kh01	506	Response	1	15306726	10051	2
kh01	507	Picture	fix	15323779	0	1	4100	2	0	4000	other	0
kh01	507	Picture	reS	15329880	6101	1	4200	2	6000	20000	hit	1515
kh01	507	Response	2	15334038	10259	3
kh01	508	Picture	fix	15351082	0	1	4101	2	0	4000	other	0
kh01	508	Picture	peS	15357183	6101	1	3800	2	6000	20000	hit	1518
kh01	508	Response	2	15360972	9890	2
kh01	509	Picture	fix	15377985	0	2	4101	3	0	4000	other	0
kh01	509	Picture	teS	15384086	6101	1	3701	2	6000	20000	hit	1521
kh01	509	Response	2	15387766	9781	1
kh01	510	Picture	fix	15404789	0	1	4100	2	0	4000	other	0
kh01	510	Picture	neS	15410889	6100	2	3601	3	6000	20000	hit	1524
kh01	510	Response	2	15414423	9634	2
kh01	511	Picture	fix	15431492	0	1	4100	3	0	4000	other	0
kh01	511	Picture	peS	15437593	6101	1	3700	2	6000	20000	hit	1527
kh01	511	Response	2	15441280	9788	1
kh01	512	Picture	fix	15458295	0	1	4101	2	0	4000	other	0
kh01	512	Picture	seV	15464396	6101	1	3400	3	6000	20000	hit	1530
kh01	512	Response	1	15467713	9418	1
kh01	513	Picture	fix	15484799	0	1	4100	2	0	4000	other	0
kh01	513	Picture	deV	15490899	6100	1	4401	2	6000	20000	hit	1533
kh01	513	Response	1	15495254	10455	1
kh01	514	Picture	fix	15512302	0	1	4100	3	0	4000	other	0
kh01	514	Picture	neS	15518403	6101	1	4000	2	6000	20000	hit	1536
kh01	514	Response	2	15522337	10035	1
kh01	515	Picture	fix	15539405	0	1	4101	2	0	4000	other	0
kh01	515	Picture	teS	15545506	6101	1	3600	2	6000	20000	hit	1539
kh01	515	Response	2	15549021	9616	2
kh01	516	Picture	fix	15566108	0	2	4101	3	0	4000	other	0
kh01	516	Picture	leS	15572209	6101	1	3401	2	6000	20000	hit	1542
kh01	516	Response	2	15575544	9436	1
kh01	517	Picture	fix	15592612	0	1	4100	2	0	4000	other	0
kh01	517	Picture	teV	15598712	6100	2	3501	3	6000	20000	hit	1545
kh01	517	Response	1	15602128	9516	2
kh01	518	Picture	fix	15619215	0	1	4100	3	0	4000	other	0
kh01	518	Picture	leS	15625316	6101	1	3600	2	6000	20000	hit	1548
kh01	518	Response	2	15628817	9602	1
kh01	519	Picture	fix	15645918	0	1	4101	2	0	4000	other	0
kh01	519	Picture	teV	15652019	6101	1	4901	2	6000	20000	hit	1551
kh01	519	Response	1	15656863	10945	1
kh01	520	Picture	fix	15673922	0	1	4100	2	0	4000	other	0
kh01	520	Picture	reS	15680022	6100	2	4701	3	6000	20000	hit	1554
kh01	520	Response	2	15684701	10779	1
kh01	521	Picture	fix	15701725	0	1	4101	2	0	4000	other	0
kh01	521	Picture	neS	15707826	6101	1	4200	2	6000	20000	hit	1557
kh01	521	Response	2	15711923	10198	1
kh01	522	Picture	fix	15729028	0	2	4101	3	0	4000	other	0
kh01	522	Picture	deS	15735129	6101	1	7901	2	6000	20000	hit	1560
kh01	522	Response	2	15742931	13903	2
kh01	523	Picture	fix	15760032	0	1	4101	2	0	4000	other	0
kh01	523	Picture	leV	15766133	6101	1	3200	2	6000	20000	hit	1563
kh01	523	Response	1	15769301	9269	1
kh01	524	Picture	fix	15786335	0	2	4101	3	0	4000	other	0
kh01	524	Picture	neS	15792436	6101	1	3601	2	6000	20000	hit	1566
kh01	524	Response	2	15795930	9595	1
kh01	525	Picture	fix	15813039	0	1	4100	2	0	4000	other	0
kh01	525	Picture	teV	15819139	6100	2	4001	3	6000	20000	hit	1569
kh01	525	Response	1	15823031	9992	1
kh01	526	Picture	fix	15840042	0	1	4101	2	0	4000	other	0
kh01	526	Picture	teV	15846143	6101	1	2900	2	6000	20000	hit	1572
kh01	526	Response	1	15849018	8976	2
kh01	527	Picture	fix	15866045	0	1	4101	2	0	4000	other	0
kh01	527	Picture	neV	15872146	6101	1	3200	2	6000	20000	hit	1575
kh01	527	Response	1	15875329	9284	1
kh01	528	Picture	fix	15892348	0	2	4101	3	0	4000	other	0
kh01	528	Picture	neV	15898449	6101	1	3201	2	6000	20000	hit	1578
kh01	528	Response	1	15901599	9251	1
kh01	529	Picture	fix	15918652	0	1	4100	2	0	4000	other	0
kh01	529	Picture	reV	15924752	6100	2	3601	3	6000	20000	hit	1581
kh01	529	Response	1	15928334	9682	2
kh01	530	Picture	fix	15945355	0	1	4100	3	0	4000	other	0
kh01	530	Picture	peS	15951456	6101	1	3400	2	6000	20000	hit	1584
kh01	530	Response	2	15954774	9419	1
kh01	531	Picture	fix	15971858	0	1	4101	2	0	4000	other	0
kh01	531	Picture	peS	15977959	6101	1	4400	3	6000	20000	hit	1587
kh01	531	Response	2	15982306	10448	1
kh01	532	Picture	fix	15999362	0	1	4100	2	0	4000	other	0
kh01	532	Picture	leV	16005462	6100	1	3801	2	6000	20000	hit	1590
kh01	532	Response	1	16009201	9839	1
kh01	533	Picture	fix	16026265	0	1	4100	2	0	4000	other	0
kh01	533	Picture	neS	16032366	6101	1	3700	2	6000	20000	hit	1593
kh01	533	Response	2	16035999	9734	1
kh01	534	Picture	fix	16053068	0	1	4101	2	0	4000	other	0
kh01	534	Picture	keV	16059169	6101	1	3400	2	6000	20000	hit	1596
kh01	534	Response	1	16062463	9395	1
kh01	535	Picture	fix	16079571	0	2	4101	3	0	4000	other	0
kh01	535	Picture	teS	16085672	6101	1	2801	2	6000	20000	hit	1599
kh01	535	Response	2	16088428	8857	1
kh01	536	Picture	fix	16105475	0	1	4100	2	0	4000	other	0
kh01	536	Picture	leV	16111575	6100	1	2901	2	6000	20000	hit	1602
kh01	536	Response	1	16114393	8918	2
kh01	537	Picture	fix	16131478	0	1	4100	2	0	4000	other	0
kh01	537	Picture	teS	16137578	6100	2	2901	3	6000	20000	hit	1605
kh01	537	Response	2	16140429	8951	1
kh01	538	Picture	fix	16157481	0	1	4100	3	0	4000	other	0
kh01	538	Picture	seV	16163582	6101	1	2600	2	6000	20000	hit	1608
kh01	538	Response	1	16166090	8609	1
kh01	539	Picture	fix	16183184	0	1	4101	2	0	4000	other	0
kh01	539	Picture	deV	16189285	6101	1	3700	2	6000	20000	hit	1611
kh01	539	Response	1	16192930	9746	1
kh01	540	Picture	fix	16209987	0	2	4101	3	0	4000	other	0
kh01	540	Picture	neS	16216088	6101	1	2700	3	6000	20000	hit	1614
kh01	540	Response	2	16218687	8700	1
kh01	541	Picture	fix	16235791	0	1	4100	2	0	4000	other	0
kh01	541	Picture	meS	16241891	6100	1	3601	2	6000	20000	hit	1617
kh01	541	Response	2	16245474	9683	1
kh01	542	Picture	fix	16262494	0	1	4100	2	0	4000	other	0
kh01	542	Picture	deV	16268595	6101	1	2500	2	6000	20000	hit	1620
kh01	542	Response	1	16270988	8494	1
kh01	543	Picture	fix	16288097	0	1	4100	3	0	4000	other	0
kh01	543	Picture	peV	16294198	6101	1	3100	2	6000	20000	hit	1623
kh01	543	Response	1	16297261	9164	1
kh01	544	Picture	fix	16314300	0	1	4101	2	0	4000	other	0
kh01	544	Picture	deS	16320401	6101	1	2800	2	6000	20000	hit	1626
kh01	544	Response	2	16323100	8800	2
kh01	545	Picture	loppu	16370307	30104	1	15386	2	30000	next	other	0

The following output port codes were not sent because of a conflict on the port.
Port	Code	Time(ms)
1	2	1.17447e+006
